#! /c/Source/iverilog-install/bin/vvp
:ivl_version "12.0 (devel)" "(s20150603-1539-g2693dd32b)";
:ivl_delay_selection "TYPICAL";
:vpi_time_precision + 0;
:vpi_module "C:\iverilog\lib\ivl\system.vpi";
:vpi_module "C:\iverilog\lib\ivl\vhdl_sys.vpi";
:vpi_module "C:\iverilog\lib\ivl\vhdl_textio.vpi";
:vpi_module "C:\iverilog\lib\ivl\v2005_math.vpi";
:vpi_module "C:\iverilog\lib\ivl\va_math.vpi";
S_000001bd1d962940 .scope module, "alu" "alu" 2 7;
 .timescale 0 0;
    .port_info 0 /INPUT 8 "DATAIN1";
    .port_info 1 /INPUT 8 "DATAIN2";
    .port_info 2 /OUTPUT 8 "RESULT";
    .port_info 3 /INPUT 3 "SELECT";
    .port_info 4 /OUTPUT 1 "ZERO";
    .port_info 5 /INPUT 2 "SHIFT_SEL";
v000001bd1da0e740_0 .net "ADD_OUT", 7 0, L_000001bd1da18d40;  1 drivers
v000001bd1da0e6a0_0 .net "AND_OUT", 7 0, L_000001bd1d9ace30;  1 drivers
o000001bd1d9bcfe8 .functor BUFZ 8, C4<zzzzzzzz>; HiZ drive
v000001bd1da0ed80_0 .net "DATAIN1", 7 0, o000001bd1d9bcfe8;  0 drivers
o000001bd1d9bd018 .functor BUFZ 8, C4<zzzzzzzz>; HiZ drive
v000001bd1da0e2e0_0 .net "DATAIN2", 7 0, o000001bd1d9bd018;  0 drivers
v000001bd1da0ee20_0 .net "FWD_OUT", 7 0, L_000001bd1d9acdc0;  1 drivers
v000001bd1da0e060_0 .net "MULTI_OUT", 7 0, L_000001bd1d9acf10;  1 drivers
v000001bd1da0e380_0 .net "OR_OUT", 7 0, L_000001bd1d9acea0;  1 drivers
v000001bd1da0e880_0 .var "RESULT", 7 0;
o000001bd1d9bd528 .functor BUFZ 3, C4<zzz>; HiZ drive
v000001bd1da0ea60_0 .net "SELECT", 2 0, o000001bd1d9bd528;  0 drivers
v000001bd1da0e100_0 .net "SHIFT_OUT", 7 0, v000001bd1da0eb00_0;  1 drivers
o000001bd1d9bd408 .functor BUFZ 2, C4<zz>; HiZ drive
v000001bd1da0e1a0_0 .net "SHIFT_SEL", 1 0, o000001bd1d9bd408;  0 drivers
v000001bd1da0e420_0 .var "ZERO", 0 0;
E_000001bd1d9bbd70 .event anyedge, v000001bd1da0ea60_0, v000001bd1d99d870_0, v000001bd1d99d7d0_0;
E_000001bd1d9bb870 .event anyedge, v000001bd1da0e920_0;
S_000001bd1d962ad0 .scope module, "And" "AND" 2 22, 2 73 0, S_000001bd1d962940;
 .timescale 0 0;
    .port_info 0 /INPUT 8 "DATAIN1";
    .port_info 1 /INPUT 8 "DATAIN2";
    .port_info 2 /OUTPUT 8 "AND_OUT";
L_000001bd1d9ace30/d .functor AND 8, o000001bd1d9bcfe8, o000001bd1d9bd018, C4<11111111>, C4<11111111>;
L_000001bd1d9ace30 .delay 8 (1,1,1) L_000001bd1d9ace30/d;
v000001bd1d99d730_0 .net "AND_OUT", 7 0, L_000001bd1d9ace30;  alias, 1 drivers
v000001bd1d99d7d0_0 .net "DATAIN1", 7 0, o000001bd1d9bcfe8;  alias, 0 drivers
v000001bd1d99d870_0 .net "DATAIN2", 7 0, o000001bd1d9bd018;  alias, 0 drivers
S_000001bd1d99d910 .scope module, "Or" "OR" 2 23, 2 85 0, S_000001bd1d962940;
 .timescale 0 0;
    .port_info 0 /INPUT 8 "DATAIN1";
    .port_info 1 /INPUT 8 "DATAIN2";
    .port_info 2 /OUTPUT 8 "OR_OUT";
L_000001bd1d9acea0/d .functor OR 8, o000001bd1d9bcfe8, o000001bd1d9bd018, C4<00000000>, C4<00000000>;
L_000001bd1d9acea0 .delay 8 (1,1,1) L_000001bd1d9acea0/d;
v000001bd1d99daa0_0 .net "DATAIN1", 7 0, o000001bd1d9bcfe8;  alias, 0 drivers
v000001bd1d99c1f0_0 .net "DATAIN2", 7 0, o000001bd1d9bd018;  alias, 0 drivers
v000001bd1d99c290_0 .net "OR_OUT", 7 0, L_000001bd1d9acea0;  alias, 1 drivers
S_000001bd1d99c330 .scope module, "add" "ADD" 2 21, 2 61 0, S_000001bd1d962940;
 .timescale 0 0;
    .port_info 0 /INPUT 8 "DATAIN1";
    .port_info 1 /INPUT 8 "DATAIN2";
    .port_info 2 /OUTPUT 8 "ADD_OUT";
v000001bd1da0e920_0 .net "ADD_OUT", 7 0, L_000001bd1da18d40;  alias, 1 drivers
v000001bd1da0eec0_0 .net "DATAIN1", 7 0, o000001bd1d9bcfe8;  alias, 0 drivers
v000001bd1da0e9c0_0 .net "DATAIN2", 7 0, o000001bd1d9bd018;  alias, 0 drivers
L_000001bd1da18d40 .delay 8 (2,2,2) L_000001bd1da18d40/d;
L_000001bd1da18d40/d .arith/sum 8, o000001bd1d9bcfe8, o000001bd1d9bd018;
S_000001bd1d99c4c0 .scope module, "fwd" "FORWARD" 2 20, 2 50 0, S_000001bd1d962940;
 .timescale 0 0;
    .port_info 0 /INPUT 8 "DATAIN2";
    .port_info 1 /OUTPUT 8 "FWD_OUT";
L_000001bd1d9acdc0/d .functor BUFZ 8, o000001bd1d9bd018, C4<00000000>, C4<00000000>, C4<00000000>;
L_000001bd1d9acdc0 .delay 8 (1,1,1) L_000001bd1d9acdc0/d;
v000001bd1da0e600_0 .net "DATAIN2", 7 0, o000001bd1d9bd018;  alias, 0 drivers
v000001bd1da0ef60_0 .net "FWD_OUT", 7 0, L_000001bd1d9acdc0;  alias, 1 drivers
S_000001bd1d9ae900 .scope module, "mult" "MULTI" 2 25, 2 169 0, S_000001bd1d962940;
 .timescale 0 0;
    .port_info 0 /INPUT 8 "DATA1";
    .port_info 1 /INPUT 8 "DATA2";
    .port_info 2 /OUTPUT 8 "OUT";
L_000001bd1d9acf10/d .functor BUFZ 8, v000001bd1da0e240_0, C4<00000000>, C4<00000000>, C4<00000000>;
L_000001bd1d9acf10 .delay 8 (2,2,2) L_000001bd1d9acf10/d;
v000001bd1da0ec40_0 .net "DATA1", 7 0, o000001bd1d9bcfe8;  alias, 0 drivers
v000001bd1da0eba0_0 .net "DATA2", 7 0, o000001bd1d9bd018;  alias, 0 drivers
v000001bd1da0e560_0 .net "OUT", 7 0, L_000001bd1d9acf10;  alias, 1 drivers
v000001bd1da0e240_0 .var "pr", 7 0;
E_000001bd1d9bba30 .event anyedge, v000001bd1d99d870_0, v000001bd1da0e240_0, v000001bd1d99d7d0_0;
S_000001bd1d9aea90 .scope module, "shift" "SHIFT" 2 24, 2 97 0, S_000001bd1d962940;
 .timescale 0 0;
    .port_info 0 /INPUT 8 "DATA";
    .port_info 1 /INPUT 8 "SHIFT_AMOUNT";
    .port_info 2 /OUTPUT 8 "OUT";
    .port_info 3 /INPUT 2 "Shift_SEL";
v000001bd1da0ece0_0 .net "DATA", 7 0, o000001bd1d9bcfe8;  alias, 0 drivers
v000001bd1da0eb00_0 .var "OUT", 7 0;
v000001bd1da0e4c0_0 .net "SHIFT_AMOUNT", 7 0, o000001bd1d9bd018;  alias, 0 drivers
v000001bd1da0e7e0_0 .net "Shift_SEL", 1 0, o000001bd1d9bd408;  alias, 0 drivers
E_000001bd1d9bb1f0 .event anyedge, v000001bd1da0e7e0_0, v000001bd1d99d870_0, v000001bd1d99d7d0_0;
    .scope S_000001bd1d9aea90;
T_0 ;
    %wait E_000001bd1d9bb1f0;
    %delay 1, 0;
    %load/vec4 v000001bd1da0e7e0_0;
    %dup/vec4;
    %pushi/vec4 0, 0, 2;
    %cmp/u;
    %jmp/1 T_0.0, 6;
    %dup/vec4;
    %pushi/vec4 1, 0, 2;
    %cmp/u;
    %jmp/1 T_0.1, 6;
    %dup/vec4;
    %pushi/vec4 2, 0, 2;
    %cmp/u;
    %jmp/1 T_0.2, 6;
    %dup/vec4;
    %pushi/vec4 3, 0, 2;
    %cmp/u;
    %jmp/1 T_0.3, 6;
    %jmp T_0.4;
T_0.0 ;
    %load/vec4 v000001bd1da0e4c0_0;
    %dup/vec4;
    %pushi/vec4 0, 0, 8;
    %cmp/u;
    %jmp/1 T_0.5, 6;
    %dup/vec4;
    %pushi/vec4 1, 0, 8;
    %cmp/u;
    %jmp/1 T_0.6, 6;
    %dup/vec4;
    %pushi/vec4 2, 0, 8;
    %cmp/u;
    %jmp/1 T_0.7, 6;
    %dup/vec4;
    %pushi/vec4 3, 0, 8;
    %cmp/u;
    %jmp/1 T_0.8, 6;
    %dup/vec4;
    %pushi/vec4 4, 0, 8;
    %cmp/u;
    %jmp/1 T_0.9, 6;
    %dup/vec4;
    %pushi/vec4 5, 0, 8;
    %cmp/u;
    %jmp/1 T_0.10, 6;
    %dup/vec4;
    %pushi/vec4 6, 0, 8;
    %cmp/u;
    %jmp/1 T_0.11, 6;
    %dup/vec4;
    %pushi/vec4 7, 0, 8;
    %cmp/u;
    %jmp/1 T_0.12, 6;
    %pushi/vec4 0, 0, 8;
    %store/vec4 v000001bd1da0eb00_0, 0, 8;
    %jmp T_0.14;
T_0.5 ;
    %load/vec4 v000001bd1da0ece0_0;
    %store/vec4 v000001bd1da0eb00_0, 0, 8;
    %jmp T_0.14;
T_0.6 ;
    %pushi/vec4 0, 0, 1;
    %load/vec4 v000001bd1da0ece0_0;
    %parti/s 7, 1, 2;
    %concat/vec4; draw_concat_vec4
    %store/vec4 v000001bd1da0eb00_0, 0, 8;
    %jmp T_0.14;
T_0.7 ;
    %pushi/vec4 0, 0, 2;
    %load/vec4 v000001bd1da0ece0_0;
    %parti/s 6, 2, 3;
    %concat/vec4; draw_concat_vec4
    %store/vec4 v000001bd1da0eb00_0, 0, 8;
    %jmp T_0.14;
T_0.8 ;
    %pushi/vec4 0, 0, 3;
    %load/vec4 v000001bd1da0ece0_0;
    %parti/s 5, 3, 3;
    %concat/vec4; draw_concat_vec4
    %store/vec4 v000001bd1da0eb00_0, 0, 8;
    %jmp T_0.14;
T_0.9 ;
    %pushi/vec4 0, 0, 4;
    %load/vec4 v000001bd1da0ece0_0;
    %parti/s 4, 4, 4;
    %concat/vec4; draw_concat_vec4
    %store/vec4 v000001bd1da0eb00_0, 0, 8;
    %jmp T_0.14;
T_0.10 ;
    %pushi/vec4 0, 0, 5;
    %load/vec4 v000001bd1da0ece0_0;
    %parti/s 3, 5, 4;
    %concat/vec4; draw_concat_vec4
    %store/vec4 v000001bd1da0eb00_0, 0, 8;
    %jmp T_0.14;
T_0.11 ;
    %pushi/vec4 0, 0, 6;
    %load/vec4 v000001bd1da0ece0_0;
    %parti/s 2, 6, 4;
    %concat/vec4; draw_concat_vec4
    %store/vec4 v000001bd1da0eb00_0, 0, 8;
    %jmp T_0.14;
T_0.12 ;
    %pushi/vec4 0, 0, 7;
    %load/vec4 v000001bd1da0ece0_0;
    %parti/s 1, 7, 4;
    %concat/vec4; draw_concat_vec4
    %store/vec4 v000001bd1da0eb00_0, 0, 8;
    %jmp T_0.14;
T_0.14 ;
    %pop/vec4 1;
    %jmp T_0.4;
T_0.1 ;
    %load/vec4 v000001bd1da0e4c0_0;
    %dup/vec4;
    %pushi/vec4 0, 0, 8;
    %cmp/u;
    %jmp/1 T_0.15, 6;
    %dup/vec4;
    %pushi/vec4 1, 0, 8;
    %cmp/u;
    %jmp/1 T_0.16, 6;
    %dup/vec4;
    %pushi/vec4 2, 0, 8;
    %cmp/u;
    %jmp/1 T_0.17, 6;
    %dup/vec4;
    %pushi/vec4 3, 0, 8;
    %cmp/u;
    %jmp/1 T_0.18, 6;
    %dup/vec4;
    %pushi/vec4 4, 0, 8;
    %cmp/u;
    %jmp/1 T_0.19, 6;
    %dup/vec4;
    %pushi/vec4 5, 0, 8;
    %cmp/u;
    %jmp/1 T_0.20, 6;
    %dup/vec4;
    %pushi/vec4 6, 0, 8;
    %cmp/u;
    %jmp/1 T_0.21, 6;
    %dup/vec4;
    %pushi/vec4 7, 0, 8;
    %cmp/u;
    %jmp/1 T_0.22, 6;
    %pushi/vec4 0, 0, 8;
    %store/vec4 v000001bd1da0eb00_0, 0, 8;
    %jmp T_0.24;
T_0.15 ;
    %load/vec4 v000001bd1da0ece0_0;
    %store/vec4 v000001bd1da0eb00_0, 0, 8;
    %jmp T_0.24;
T_0.16 ;
    %load/vec4 v000001bd1da0ece0_0;
    %parti/s 7, 0, 2;
    %concati/vec4 0, 0, 1;
    %store/vec4 v000001bd1da0eb00_0, 0, 8;
    %jmp T_0.24;
T_0.17 ;
    %load/vec4 v000001bd1da0ece0_0;
    %parti/s 6, 0, 2;
    %concati/vec4 0, 0, 2;
    %store/vec4 v000001bd1da0eb00_0, 0, 8;
    %jmp T_0.24;
T_0.18 ;
    %load/vec4 v000001bd1da0ece0_0;
    %parti/s 5, 0, 2;
    %concati/vec4 0, 0, 3;
    %store/vec4 v000001bd1da0eb00_0, 0, 8;
    %jmp T_0.24;
T_0.19 ;
    %load/vec4 v000001bd1da0ece0_0;
    %parti/s 4, 0, 2;
    %concati/vec4 0, 0, 4;
    %store/vec4 v000001bd1da0eb00_0, 0, 8;
    %jmp T_0.24;
T_0.20 ;
    %load/vec4 v000001bd1da0ece0_0;
    %parti/s 3, 0, 2;
    %concati/vec4 0, 0, 5;
    %store/vec4 v000001bd1da0eb00_0, 0, 8;
    %jmp T_0.24;
T_0.21 ;
    %load/vec4 v000001bd1da0ece0_0;
    %parti/s 2, 0, 2;
    %concati/vec4 0, 0, 6;
    %store/vec4 v000001bd1da0eb00_0, 0, 8;
    %jmp T_0.24;
T_0.22 ;
    %load/vec4 v000001bd1da0ece0_0;
    %parti/s 1, 0, 2;
    %concati/vec4 0, 0, 7;
    %store/vec4 v000001bd1da0eb00_0, 0, 8;
    %jmp T_0.24;
T_0.24 ;
    %pop/vec4 1;
    %jmp T_0.4;
T_0.2 ;
    %load/vec4 v000001bd1da0e4c0_0;
    %dup/vec4;
    %pushi/vec4 0, 0, 8;
    %cmp/u;
    %jmp/1 T_0.25, 6;
    %dup/vec4;
    %pushi/vec4 1, 0, 8;
    %cmp/u;
    %jmp/1 T_0.26, 6;
    %dup/vec4;
    %pushi/vec4 2, 0, 8;
    %cmp/u;
    %jmp/1 T_0.27, 6;
    %dup/vec4;
    %pushi/vec4 3, 0, 8;
    %cmp/u;
    %jmp/1 T_0.28, 6;
    %dup/vec4;
    %pushi/vec4 4, 0, 8;
    %cmp/u;
    %jmp/1 T_0.29, 6;
    %dup/vec4;
    %pushi/vec4 5, 0, 8;
    %cmp/u;
    %jmp/1 T_0.30, 6;
    %dup/vec4;
    %pushi/vec4 6, 0, 8;
    %cmp/u;
    %jmp/1 T_0.31, 6;
    %dup/vec4;
    %pushi/vec4 7, 0, 8;
    %cmp/u;
    %jmp/1 T_0.32, 6;
    %load/vec4 v000001bd1da0ece0_0;
    %parti/s 1, 7, 4;
    %replicate 7;
    %pad/u 8;
    %store/vec4 v000001bd1da0eb00_0, 0, 8;
    %jmp T_0.34;
T_0.25 ;
    %load/vec4 v000001bd1da0ece0_0;
    %store/vec4 v000001bd1da0eb00_0, 0, 8;
    %jmp T_0.34;
T_0.26 ;
    %load/vec4 v000001bd1da0ece0_0;
    %parti/s 1, 7, 4;
    %load/vec4 v000001bd1da0ece0_0;
    %parti/s 7, 1, 2;
    %concat/vec4; draw_concat_vec4
    %store/vec4 v000001bd1da0eb00_0, 0, 8;
    %jmp T_0.34;
T_0.27 ;
    %load/vec4 v000001bd1da0ece0_0;
    %parti/s 1, 7, 4;
    %replicate 2;
    %load/vec4 v000001bd1da0ece0_0;
    %parti/s 6, 2, 3;
    %concat/vec4; draw_concat_vec4
    %store/vec4 v000001bd1da0eb00_0, 0, 8;
    %jmp T_0.34;
T_0.28 ;
    %load/vec4 v000001bd1da0ece0_0;
    %parti/s 1, 7, 4;
    %replicate 3;
    %load/vec4 v000001bd1da0ece0_0;
    %parti/s 5, 3, 3;
    %concat/vec4; draw_concat_vec4
    %store/vec4 v000001bd1da0eb00_0, 0, 8;
    %jmp T_0.34;
T_0.29 ;
    %load/vec4 v000001bd1da0ece0_0;
    %parti/s 1, 7, 4;
    %replicate 4;
    %load/vec4 v000001bd1da0ece0_0;
    %parti/s 4, 4, 4;
    %concat/vec4; draw_concat_vec4
    %store/vec4 v000001bd1da0eb00_0, 0, 8;
    %jmp T_0.34;
T_0.30 ;
    %load/vec4 v000001bd1da0ece0_0;
    %parti/s 1, 7, 4;
    %replicate 5;
    %load/vec4 v000001bd1da0ece0_0;
    %parti/s 3, 5, 4;
    %concat/vec4; draw_concat_vec4
    %store/vec4 v000001bd1da0eb00_0, 0, 8;
    %jmp T_0.34;
T_0.31 ;
    %load/vec4 v000001bd1da0ece0_0;
    %parti/s 1, 7, 4;
    %replicate 6;
    %load/vec4 v000001bd1da0ece0_0;
    %parti/s 2, 6, 4;
    %concat/vec4; draw_concat_vec4
    %store/vec4 v000001bd1da0eb00_0, 0, 8;
    %jmp T_0.34;
T_0.32 ;
    %load/vec4 v000001bd1da0ece0_0;
    %parti/s 1, 7, 4;
    %replicate 7;
    %load/vec4 v000001bd1da0ece0_0;
    %parti/s 1, 7, 4;
    %concat/vec4; draw_concat_vec4
    %store/vec4 v000001bd1da0eb00_0, 0, 8;
    %jmp T_0.34;
T_0.34 ;
    %pop/vec4 1;
    %jmp T_0.4;
T_0.3 ;
    %load/vec4 v000001bd1da0e4c0_0;
    %pad/u 32;
    %pushi/vec4 8, 0, 32;
    %mod;
    %dup/vec4;
    %pushi/vec4 0, 0, 32;
    %cmp/u;
    %jmp/1 T_0.35, 6;
    %dup/vec4;
    %pushi/vec4 1, 0, 32;
    %cmp/u;
    %jmp/1 T_0.36, 6;
    %dup/vec4;
    %pushi/vec4 2, 0, 32;
    %cmp/u;
    %jmp/1 T_0.37, 6;
    %dup/vec4;
    %pushi/vec4 3, 0, 32;
    %cmp/u;
    %jmp/1 T_0.38, 6;
    %dup/vec4;
    %pushi/vec4 4, 0, 32;
    %cmp/u;
    %jmp/1 T_0.39, 6;
    %dup/vec4;
    %pushi/vec4 5, 0, 32;
    %cmp/u;
    %jmp/1 T_0.40, 6;
    %dup/vec4;
    %pushi/vec4 6, 0, 32;
    %cmp/u;
    %jmp/1 T_0.41, 6;
    %dup/vec4;
    %pushi/vec4 7, 0, 32;
    %cmp/u;
    %jmp/1 T_0.42, 6;
    %jmp T_0.43;
T_0.35 ;
    %load/vec4 v000001bd1da0ece0_0;
    %store/vec4 v000001bd1da0eb00_0, 0, 8;
    %jmp T_0.43;
T_0.36 ;
    %load/vec4 v000001bd1da0ece0_0;
    %parti/s 1, 0, 2;
    %load/vec4 v000001bd1da0ece0_0;
    %parti/s 7, 1, 2;
    %concat/vec4; draw_concat_vec4
    %store/vec4 v000001bd1da0eb00_0, 0, 8;
    %jmp T_0.43;
T_0.37 ;
    %load/vec4 v000001bd1da0ece0_0;
    %parti/s 2, 0, 2;
    %load/vec4 v000001bd1da0ece0_0;
    %parti/s 6, 2, 3;
    %concat/vec4; draw_concat_vec4
    %store/vec4 v000001bd1da0eb00_0, 0, 8;
    %jmp T_0.43;
T_0.38 ;
    %load/vec4 v000001bd1da0ece0_0;
    %parti/s 3, 0, 2;
    %load/vec4 v000001bd1da0ece0_0;
    %parti/s 5, 3, 3;
    %concat/vec4; draw_concat_vec4
    %store/vec4 v000001bd1da0eb00_0, 0, 8;
    %jmp T_0.43;
T_0.39 ;
    %load/vec4 v000001bd1da0ece0_0;
    %parti/s 4, 0, 2;
    %load/vec4 v000001bd1da0ece0_0;
    %parti/s 4, 4, 4;
    %concat/vec4; draw_concat_vec4
    %store/vec4 v000001bd1da0eb00_0, 0, 8;
    %jmp T_0.43;
T_0.40 ;
    %load/vec4 v000001bd1da0ece0_0;
    %parti/s 5, 0, 2;
    %load/vec4 v000001bd1da0ece0_0;
    %parti/s 3, 5, 4;
    %concat/vec4; draw_concat_vec4
    %store/vec4 v000001bd1da0eb00_0, 0, 8;
    %jmp T_0.43;
T_0.41 ;
    %load/vec4 v000001bd1da0ece0_0;
    %parti/s 6, 0, 2;
    %load/vec4 v000001bd1da0ece0_0;
    %parti/s 2, 6, 4;
    %concat/vec4; draw_concat_vec4
    %store/vec4 v000001bd1da0eb00_0, 0, 8;
    %jmp T_0.43;
T_0.42 ;
    %load/vec4 v000001bd1da0ece0_0;
    %parti/s 7, 0, 2;
    %load/vec4 v000001bd1da0ece0_0;
    %parti/s 1, 7, 4;
    %concat/vec4; draw_concat_vec4
    %store/vec4 v000001bd1da0eb00_0, 0, 8;
    %jmp T_0.43;
T_0.43 ;
    %pop/vec4 1;
    %jmp T_0.4;
T_0.4 ;
    %pop/vec4 1;
    %jmp T_0;
    .thread T_0, $push;
    .scope S_000001bd1d9ae900;
T_1 ;
    %wait E_000001bd1d9bba30;
    %pushi/vec4 0, 0, 8;
    %store/vec4 v000001bd1da0e240_0, 0, 8;
    %load/vec4 v000001bd1da0eba0_0;
    %parti/s 1, 0, 2;
    %pad/u 32;
    %cmpi/e 1, 0, 32;
    %jmp/0xz  T_1.0, 4;
    %load/vec4 v000001bd1da0e240_0;
    %load/vec4 v000001bd1da0ec40_0;
    %add;
    %store/vec4 v000001bd1da0e240_0, 0, 8;
T_1.0 ;
    %load/vec4 v000001bd1da0eba0_0;
    %parti/s 1, 1, 2;
    %pad/u 32;
    %cmpi/e 1, 0, 32;
    %jmp/0xz  T_1.2, 4;
    %load/vec4 v000001bd1da0e240_0;
    %load/vec4 v000001bd1da0ec40_0;
    %parti/s 7, 0, 2;
    %concati/vec4 0, 0, 1;
    %add;
    %store/vec4 v000001bd1da0e240_0, 0, 8;
T_1.2 ;
    %load/vec4 v000001bd1da0eba0_0;
    %parti/s 1, 2, 3;
    %pad/u 32;
    %cmpi/e 1, 0, 32;
    %jmp/0xz  T_1.4, 4;
    %load/vec4 v000001bd1da0e240_0;
    %load/vec4 v000001bd1da0ec40_0;
    %parti/s 6, 0, 2;
    %concati/vec4 0, 0, 2;
    %add;
    %store/vec4 v000001bd1da0e240_0, 0, 8;
T_1.4 ;
    %load/vec4 v000001bd1da0eba0_0;
    %parti/s 1, 3, 3;
    %pad/u 32;
    %cmpi/e 1, 0, 32;
    %jmp/0xz  T_1.6, 4;
    %load/vec4 v000001bd1da0e240_0;
    %load/vec4 v000001bd1da0ec40_0;
    %parti/s 5, 0, 2;
    %concati/vec4 0, 0, 3;
    %add;
    %store/vec4 v000001bd1da0e240_0, 0, 8;
T_1.6 ;
    %load/vec4 v000001bd1da0eba0_0;
    %parti/s 1, 4, 4;
    %pad/u 32;
    %cmpi/e 1, 0, 32;
    %jmp/0xz  T_1.8, 4;
    %load/vec4 v000001bd1da0e240_0;
    %pad/u 9;
    %load/vec4 v000001bd1da0ec40_0;
    %parti/s 5, 0, 2;
    %concati/vec4 0, 0, 4;
    %add;
    %pad/u 8;
    %store/vec4 v000001bd1da0e240_0, 0, 8;
T_1.8 ;
    %load/vec4 v000001bd1da0eba0_0;
    %parti/s 1, 5, 4;
    %pad/u 32;
    %cmpi/e 1, 0, 32;
    %jmp/0xz  T_1.10, 4;
    %load/vec4 v000001bd1da0e240_0;
    %load/vec4 v000001bd1da0ec40_0;
    %parti/s 3, 0, 2;
    %concati/vec4 0, 0, 5;
    %add;
    %store/vec4 v000001bd1da0e240_0, 0, 8;
T_1.10 ;
    %load/vec4 v000001bd1da0eba0_0;
    %parti/s 1, 6, 4;
    %pad/u 32;
    %cmpi/e 1, 0, 32;
    %jmp/0xz  T_1.12, 4;
    %load/vec4 v000001bd1da0e240_0;
    %load/vec4 v000001bd1da0ec40_0;
    %parti/s 2, 0, 2;
    %concati/vec4 0, 0, 6;
    %add;
    %store/vec4 v000001bd1da0e240_0, 0, 8;
T_1.12 ;
    %load/vec4 v000001bd1da0eba0_0;
    %parti/s 1, 7, 4;
    %pad/u 32;
    %cmpi/e 1, 0, 32;
    %jmp/0xz  T_1.14, 4;
    %load/vec4 v000001bd1da0e240_0;
    %load/vec4 v000001bd1da0ec40_0;
    %parti/s 1, 0, 2;
    %concati/vec4 0, 0, 7;
    %add;
    %store/vec4 v000001bd1da0e240_0, 0, 8;
T_1.14 ;
    %jmp T_1;
    .thread T_1, $push;
    .scope S_000001bd1d962940;
T_2 ;
    %wait E_000001bd1d9bb870;
    %load/vec4 v000001bd1da0e740_0;
    %pad/u 32;
    %cmpi/e 0, 0, 32;
    %jmp/0xz  T_2.0, 4;
    %pushi/vec4 1, 0, 1;
    %store/vec4 v000001bd1da0e420_0, 0, 1;
    %jmp T_2.1;
T_2.0 ;
    %pushi/vec4 0, 0, 1;
    %store/vec4 v000001bd1da0e420_0, 0, 1;
T_2.1 ;
    %jmp T_2;
    .thread T_2, $push;
    .scope S_000001bd1d962940;
T_3 ;
    %wait E_000001bd1d9bbd70;
    %load/vec4 v000001bd1da0ea60_0;
    %dup/vec4;
    %pushi/vec4 0, 0, 3;
    %cmp/u;
    %jmp/1 T_3.0, 6;
    %dup/vec4;
    %pushi/vec4 1, 0, 3;
    %cmp/u;
    %jmp/1 T_3.1, 6;
    %dup/vec4;
    %pushi/vec4 2, 0, 3;
    %cmp/u;
    %jmp/1 T_3.2, 6;
    %dup/vec4;
    %pushi/vec4 3, 0, 3;
    %cmp/u;
    %jmp/1 T_3.3, 6;
    %dup/vec4;
    %pushi/vec4 4, 0, 3;
    %cmp/u;
    %jmp/1 T_3.4, 6;
    %dup/vec4;
    %pushi/vec4 5, 0, 3;
    %cmp/u;
    %jmp/1 T_3.5, 6;
    %pushi/vec4 0, 0, 8;
    %cassign/vec4 v000001bd1da0e880_0;
    %jmp T_3.7;
T_3.0 ;
    %load/vec4 v000001bd1da0ee20_0;
    %cassign/vec4 v000001bd1da0e880_0;
    %cassign/link v000001bd1da0e880_0, v000001bd1da0ee20_0;
    %jmp T_3.7;
T_3.1 ;
    %load/vec4 v000001bd1da0e740_0;
    %cassign/vec4 v000001bd1da0e880_0;
    %cassign/link v000001bd1da0e880_0, v000001bd1da0e740_0;
    %jmp T_3.7;
T_3.2 ;
    %load/vec4 v000001bd1da0e6a0_0;
    %cassign/vec4 v000001bd1da0e880_0;
    %cassign/link v000001bd1da0e880_0, v000001bd1da0e6a0_0;
    %jmp T_3.7;
T_3.3 ;
    %load/vec4 v000001bd1da0e380_0;
    %cassign/vec4 v000001bd1da0e880_0;
    %cassign/link v000001bd1da0e880_0, v000001bd1da0e380_0;
    %jmp T_3.7;
T_3.4 ;
    %load/vec4 v000001bd1da0e100_0;
    %cassign/vec4 v000001bd1da0e880_0;
    %cassign/link v000001bd1da0e880_0, v000001bd1da0e100_0;
    %jmp T_3.7;
T_3.5 ;
    %load/vec4 v000001bd1da0e060_0;
    %cassign/vec4 v000001bd1da0e880_0;
    %cassign/link v000001bd1da0e880_0, v000001bd1da0e060_0;
    %jmp T_3.7;
T_3.7 ;
    %pop/vec4 1;
    %jmp T_3;
    .thread T_3, $push;
# The file index is used to find the file name in the following table.
:file_names 3;
    "N/A";
    "<interactive>";
    "alu.v";
