#! /c/Source/iverilog-install/bin/vvp
:ivl_version "12.0 (devel)" "(s20150603-1539-g2693dd32b)";
:ivl_delay_selection "TYPICAL";
:vpi_time_precision + 0;
:vpi_module "C:\iverilog\lib\ivl\system.vpi";
:vpi_module "C:\iverilog\lib\ivl\vhdl_sys.vpi";
:vpi_module "C:\iverilog\lib\ivl\vhdl_textio.vpi";
:vpi_module "C:\iverilog\lib\ivl\v2005_math.vpi";
:vpi_module "C:\iverilog\lib\ivl\va_math.vpi";
S_0000019b52b4acd0 .scope module, "cpu_tb" "cpu_tb" 2 10;
 .timescale 0 0;
v0000019b52bab3e0_0 .var "CLK", 0 0;
v0000019b52baa260_0 .var "INSTRUCTION", 31 0;
v0000019b52baa620_0 .net "PC", 31 0, v0000019b52ba98d0_0;  1 drivers
v0000019b52baa6c0_0 .var "RESET", 0 0;
v0000019b52bab340_0 .var/i "i", 31 0;
v0000019b52bab160 .array "instr_mem", 1023 0, 7 0;
E_0000019b52b44ac0 .event anyedge, v0000019b52ba6560_0;
S_0000019b52b4b030 .scope module, "mycpu" "cpu" 2 51, 2 88 0, S_0000019b52b4acd0;
 .timescale 0 0;
    .port_info 0 /OUTPUT 32 "PC";
    .port_info 1 /INPUT 32 "INSTRUCTION";
    .port_info 2 /INPUT 1 "CLK";
    .port_info 3 /INPUT 1 "RESET";
L_0000019b52b378b0 .functor NOT 1, v0000019b52ba7f00_0, C4<0>, C4<0>, C4<0>;
v0000019b52ba8250_0 .net "AND_OUT", 0 0, L_0000019b52b37290;  1 drivers
v0000019b52ba8b10_0 .net "AND_OUT2", 0 0, L_0000019b52b373e0;  1 drivers
v0000019b52ba9290_0 .net "BRANCHto", 31 0, L_0000019b52baada0;  1 drivers
v0000019b52ba93d0_0 .net "CLK", 0 0, v0000019b52bab3e0_0;  1 drivers
v0000019b52ba8110_0 .net "EXTENDED", 31 0, L_0000019b52bab980;  1 drivers
v0000019b52ba9a10_0 .net "INSTRUCTION", 31 0, v0000019b52baa260_0;  1 drivers
v0000019b52ba8bb0_0 .net "NEGATIVE", 7 0, L_0000019b52bab8e0;  1 drivers
v0000019b52ba9790_0 .net "NEXT_INS", 31 0, L_0000019b52baa300;  1 drivers
v0000019b52ba8cf0_0 .net "OR_OUT", 0 0, L_0000019b52b37a70;  1 drivers
v0000019b52ba82f0_0 .net "OUT1", 7 0, L_0000019b52b37610;  1 drivers
v0000019b52ba9bf0_0 .net "OUT2", 7 0, L_0000019b52b374c0;  1 drivers
v0000019b52ba96f0_0 .net "OUT3", 7 0, v0000019b52ba7e60_0;  1 drivers
v0000019b52ba9830_0 .net "OUT4", 7 0, v0000019b52ba6880_0;  1 drivers
v0000019b52ba98d0_0 .var "PC", 31 0;
v0000019b52bab020_0 .net "PCNEXT", 31 0, v0000019b52ba9470_0;  1 drivers
v0000019b52baa120_0 .net "PCbranch", 31 0, v0000019b52ba6b00_0;  1 drivers
v0000019b52bab7a0_0 .var "READ_ADRS1", 2 0;
v0000019b52baaa80_0 .var "READ_ADRS2", 2 0;
v0000019b52baa580_0 .net "RESET", 0 0, v0000019b52baa6c0_0;  1 drivers
v0000019b52baabc0_0 .net "RESULT", 7 0, v0000019b52ba7500_0;  1 drivers
v0000019b52baaee0_0 .var "SEL", 2 0;
v0000019b52baa4e0_0 .net "SHIFTED", 31 0, L_0000019b52baad00;  1 drivers
v0000019b52baa8a0_0 .var "SHIFT_SEL", 1 0;
v0000019b52bab0c0_0 .var "WRITE", 0 0;
v0000019b52bab520_0 .var "WRITE_ADRS", 2 0;
v0000019b52babd40_0 .net "ZERO", 0 0, v0000019b52ba7f00_0;  1 drivers
v0000019b52bab480_0 .var "isBRANCH", 0 0;
v0000019b52baa800_0 .var "isIMMEDIATE", 0 0;
v0000019b52babac0_0 .var "isJUMP", 0 0;
v0000019b52baa1c0_0 .var "isNEGATIVE", 0 0;
v0000019b52baa440_0 .var "isNEqBRANCH", 0 0;
E_0000019b52b43d00 .event anyedge, v0000019b52ba9a10_0;
L_0000019b52bab700 .part v0000019b52baa260_0, 0, 8;
L_0000019b52babca0 .part v0000019b52baa260_0, 16, 8;
S_0000019b52b0f950 .scope module, "a1" "alu" 2 104, 3 7 0, S_0000019b52b4b030;
 .timescale 0 0;
    .port_info 0 /INPUT 8 "DATAIN1";
    .port_info 1 /INPUT 8 "DATAIN2";
    .port_info 2 /OUTPUT 8 "RESULT";
    .port_info 3 /INPUT 3 "SELECT";
    .port_info 4 /OUTPUT 1 "ZERO";
    .port_info 5 /INPUT 2 "SHIFT_SEL";
v0000019b52ba6380_0 .net "ADD_OUT", 7 0, L_0000019b52bab5c0;  1 drivers
v0000019b52ba70a0_0 .net "AND_OUT", 7 0, L_0000019b52b37840;  1 drivers
v0000019b52ba7140_0 .net "DATAIN1", 7 0, L_0000019b52b37610;  alias, 1 drivers
v0000019b52ba71e0_0 .net "DATAIN2", 7 0, v0000019b52ba6880_0;  alias, 1 drivers
v0000019b52ba7b40_0 .net "FWD_OUT", 7 0, L_0000019b52b36ff0;  1 drivers
v0000019b52ba73c0_0 .net "MULTI_OUT", 7 0, L_0000019b52b37220;  1 drivers
v0000019b52ba7dc0_0 .net "OR_OUT", 7 0, L_0000019b52b371b0;  1 drivers
v0000019b52ba7500_0 .var "RESULT", 7 0;
v0000019b52ba7280_0 .net "SELECT", 2 0, v0000019b52baaee0_0;  1 drivers
v0000019b52ba7320_0 .net "SHIFT_OUT", 7 0, v0000019b52ba7640_0;  1 drivers
v0000019b52ba6a60_0 .net "SHIFT_SEL", 1 0, v0000019b52baa8a0_0;  1 drivers
v0000019b52ba7f00_0 .var "ZERO", 0 0;
E_0000019b52b44180 .event anyedge, v0000019b52ba7280_0, v0000019b52b35410_0, v0000019b52b35b90_0;
E_0000019b52b43e00 .event anyedge, v0000019b52b361d0_0;
S_0000019b52b0fae0 .scope module, "And" "AND" 3 22, 3 73 0, S_0000019b52b0f950;
 .timescale 0 0;
    .port_info 0 /INPUT 8 "DATAIN1";
    .port_info 1 /INPUT 8 "DATAIN2";
    .port_info 2 /OUTPUT 8 "AND_OUT";
L_0000019b52b37840/d .functor AND 8, L_0000019b52b37610, v0000019b52ba6880_0, C4<11111111>, C4<11111111>;
L_0000019b52b37840 .delay 8 (1,1,1) L_0000019b52b37840/d;
v0000019b52b35e10_0 .net "AND_OUT", 7 0, L_0000019b52b37840;  alias, 1 drivers
v0000019b52b35b90_0 .net "DATAIN1", 7 0, L_0000019b52b37610;  alias, 1 drivers
v0000019b52b35410_0 .net "DATAIN2", 7 0, v0000019b52ba6880_0;  alias, 1 drivers
S_0000019b52aeb530 .scope module, "Or" "OR" 3 23, 3 85 0, S_0000019b52b0f950;
 .timescale 0 0;
    .port_info 0 /INPUT 8 "DATAIN1";
    .port_info 1 /INPUT 8 "DATAIN2";
    .port_info 2 /OUTPUT 8 "OR_OUT";
L_0000019b52b371b0/d .functor OR 8, L_0000019b52b37610, v0000019b52ba6880_0, C4<00000000>, C4<00000000>;
L_0000019b52b371b0 .delay 8 (1,1,1) L_0000019b52b371b0/d;
v0000019b52b35d70_0 .net "DATAIN1", 7 0, L_0000019b52b37610;  alias, 1 drivers
v0000019b52b35eb0_0 .net "DATAIN2", 7 0, v0000019b52ba6880_0;  alias, 1 drivers
v0000019b52b35ff0_0 .net "OR_OUT", 7 0, L_0000019b52b371b0;  alias, 1 drivers
S_0000019b52aeb6c0 .scope module, "add" "ADD" 3 21, 3 61 0, S_0000019b52b0f950;
 .timescale 0 0;
    .port_info 0 /INPUT 8 "DATAIN1";
    .port_info 1 /INPUT 8 "DATAIN2";
    .port_info 2 /OUTPUT 8 "ADD_OUT";
v0000019b52b361d0_0 .net "ADD_OUT", 7 0, L_0000019b52bab5c0;  alias, 1 drivers
v0000019b52ba64c0_0 .net "DATAIN1", 7 0, L_0000019b52b37610;  alias, 1 drivers
v0000019b52ba75a0_0 .net "DATAIN2", 7 0, v0000019b52ba6880_0;  alias, 1 drivers
L_0000019b52bab5c0 .delay 8 (2,2,2) L_0000019b52bab5c0/d;
L_0000019b52bab5c0/d .arith/sum 8, L_0000019b52b37610, v0000019b52ba6880_0;
S_0000019b52af0f40 .scope module, "fwd" "FORWARD" 3 20, 3 50 0, S_0000019b52b0f950;
 .timescale 0 0;
    .port_info 0 /INPUT 8 "DATAIN2";
    .port_info 1 /OUTPUT 8 "FWD_OUT";
L_0000019b52b36ff0/d .functor BUFZ 8, v0000019b52ba6880_0, C4<00000000>, C4<00000000>, C4<00000000>;
L_0000019b52b36ff0 .delay 8 (1,1,1) L_0000019b52b36ff0/d;
v0000019b52ba6ec0_0 .net "DATAIN2", 7 0, v0000019b52ba6880_0;  alias, 1 drivers
v0000019b52ba6d80_0 .net "FWD_OUT", 7 0, L_0000019b52b36ff0;  alias, 1 drivers
S_0000019b52af10d0 .scope module, "mult" "MULTI" 3 25, 3 169 0, S_0000019b52b0f950;
 .timescale 0 0;
    .port_info 0 /INPUT 8 "DATA1";
    .port_info 1 /INPUT 8 "DATA2";
    .port_info 2 /OUTPUT 8 "OUT";
L_0000019b52b37220/d .functor BUFZ 8, v0000019b52ba6740_0, C4<00000000>, C4<00000000>, C4<00000000>;
L_0000019b52b37220 .delay 8 (2,2,2) L_0000019b52b37220/d;
v0000019b52ba62e0_0 .net "DATA1", 7 0, L_0000019b52b37610;  alias, 1 drivers
v0000019b52ba69c0_0 .net "DATA2", 7 0, v0000019b52ba6880_0;  alias, 1 drivers
v0000019b52ba7d20_0 .net "OUT", 7 0, L_0000019b52b37220;  alias, 1 drivers
v0000019b52ba6740_0 .var "pr", 7 0;
E_0000019b52b44ec0 .event anyedge, v0000019b52b35410_0, v0000019b52ba6740_0, v0000019b52b35b90_0;
S_0000019b52a92870 .scope module, "shift" "SHIFT" 3 24, 3 97 0, S_0000019b52b0f950;
 .timescale 0 0;
    .port_info 0 /INPUT 8 "DATA";
    .port_info 1 /INPUT 8 "SHIFT_AMOUNT";
    .port_info 2 /OUTPUT 8 "OUT";
    .port_info 3 /INPUT 2 "Shift_SEL";
v0000019b52ba7aa0_0 .net "DATA", 7 0, L_0000019b52b37610;  alias, 1 drivers
v0000019b52ba7640_0 .var "OUT", 7 0;
v0000019b52ba7000_0 .net "SHIFT_AMOUNT", 7 0, v0000019b52ba6880_0;  alias, 1 drivers
v0000019b52ba6060_0 .net "Shift_SEL", 1 0, v0000019b52baa8a0_0;  alias, 1 drivers
E_0000019b52b44f40 .event anyedge, v0000019b52ba6060_0, v0000019b52b35410_0, v0000019b52b35b90_0;
S_0000019b52a92a00 .scope module, "add" "PC_adder" 2 106, 2 338 0, S_0000019b52b4b030;
 .timescale 0 0;
    .port_info 0 /INPUT 32 "IN";
    .port_info 1 /OUTPUT 32 "NEXT_INS";
v0000019b52ba6560_0 .net "IN", 31 0, v0000019b52ba98d0_0;  alias, 1 drivers
v0000019b52ba6420_0 .net "NEXT_INS", 31 0, L_0000019b52baa300;  alias, 1 drivers
L_0000019b52bb00e8 .functor BUFT 1, C4<00000000000000000000000000000100>, C4<0>, C4<0>, C4<0>;
v0000019b52ba76e0_0 .net/2u *"_ivl_0", 31 0, L_0000019b52bb00e8;  1 drivers
L_0000019b52baa300 .delay 32 (1,1,1) L_0000019b52baa300/d;
L_0000019b52baa300/d .arith/sum 32, v0000019b52ba98d0_0, L_0000019b52bb00e8;
S_0000019b52b13c60 .scope module, "and_gate" "AND2" 2 111, 2 347 0, S_0000019b52b4b030;
 .timescale 0 0;
    .port_info 0 /INPUT 1 "INPUT1";
    .port_info 1 /INPUT 1 "INPUT2";
    .port_info 2 /OUTPUT 1 "OUTPUT";
L_0000019b52b37290 .functor AND 1, v0000019b52ba7f00_0, v0000019b52bab480_0, C4<1>, C4<1>;
v0000019b52ba6240_0 .net "INPUT1", 0 0, v0000019b52ba7f00_0;  alias, 1 drivers
v0000019b52ba7460_0 .net "INPUT2", 0 0, v0000019b52bab480_0;  1 drivers
v0000019b52ba7780_0 .net "OUTPUT", 0 0, L_0000019b52b37290;  alias, 1 drivers
S_0000019b52b13df0 .scope module, "and_gate2" "AND2" 2 118, 2 347 0, S_0000019b52b4b030;
 .timescale 0 0;
    .port_info 0 /INPUT 1 "INPUT1";
    .port_info 1 /INPUT 1 "INPUT2";
    .port_info 2 /OUTPUT 1 "OUTPUT";
L_0000019b52b373e0 .functor AND 1, L_0000019b52b378b0, v0000019b52baa440_0, C4<1>, C4<1>;
v0000019b52ba6600_0 .net "INPUT1", 0 0, L_0000019b52b378b0;  1 drivers
v0000019b52ba6ba0_0 .net "INPUT2", 0 0, v0000019b52baa440_0;  1 drivers
v0000019b52ba7820_0 .net "OUTPUT", 0 0, L_0000019b52b373e0;  alias, 1 drivers
S_0000019b52acd730 .scope module, "brAdd" "Branch_ADD" 2 115, 2 365 0, S_0000019b52b4b030;
 .timescale 0 0;
    .port_info 0 /INPUT 32 "pcNext";
    .port_info 1 /INPUT 32 "offset";
    .port_info 2 /OUTPUT 32 "out";
v0000019b52ba78c0_0 .net "offset", 31 0, L_0000019b52baad00;  alias, 1 drivers
v0000019b52ba7960_0 .net "out", 31 0, L_0000019b52baada0;  alias, 1 drivers
v0000019b52ba7a00_0 .net "pcNext", 31 0, L_0000019b52baa300;  alias, 1 drivers
L_0000019b52baada0 .delay 32 (2,2,2) L_0000019b52baada0/d;
L_0000019b52baada0/d .arith/sum 32, L_0000019b52baa300, L_0000019b52baad00;
S_0000019b52acd8c0 .scope module, "isIMM" "MUX" 2 109, 2 323 0, S_0000019b52b4b030;
 .timescale 0 0;
    .port_info 0 /INPUT 8 "IN1";
    .port_info 1 /INPUT 8 "IN2";
    .port_info 2 /OUTPUT 8 "OUT";
    .port_info 3 /INPUT 1 "SELECT";
v0000019b52ba67e0_0 .net "IN1", 7 0, L_0000019b52bab700;  1 drivers
v0000019b52ba7be0_0 .net "IN2", 7 0, v0000019b52ba7e60_0;  alias, 1 drivers
v0000019b52ba6880_0 .var "OUT", 7 0;
v0000019b52ba7c80_0 .net "SELECT", 0 0, v0000019b52baa800_0;  1 drivers
E_0000019b52b45780 .event anyedge, v0000019b52ba7c80_0, v0000019b52ba67e0_0, v0000019b52ba7be0_0;
S_0000019b52b10380 .scope module, "isNeg" "MUX" 2 108, 2 323 0, S_0000019b52b4b030;
 .timescale 0 0;
    .port_info 0 /INPUT 8 "IN1";
    .port_info 1 /INPUT 8 "IN2";
    .port_info 2 /OUTPUT 8 "OUT";
    .port_info 3 /INPUT 1 "SELECT";
v0000019b52ba66a0_0 .net "IN1", 7 0, L_0000019b52bab8e0;  alias, 1 drivers
v0000019b52ba6f60_0 .net "IN2", 7 0, L_0000019b52b374c0;  alias, 1 drivers
v0000019b52ba7e60_0 .var "OUT", 7 0;
v0000019b52ba6920_0 .net "SELECT", 0 0, v0000019b52baa1c0_0;  1 drivers
E_0000019b52b454c0 .event anyedge, v0000019b52ba6920_0, v0000019b52ba66a0_0, v0000019b52ba6f60_0;
S_0000019b52b10510 .scope module, "m1" "PC_MUX" 2 112, 2 394 0, S_0000019b52b4b030;
 .timescale 0 0;
    .port_info 0 /INPUT 32 "IN1";
    .port_info 1 /INPUT 32 "IN2";
    .port_info 2 /OUTPUT 32 "OUT";
    .port_info 3 /INPUT 1 "SELECT";
v0000019b52ba6e20_0 .net "IN1", 31 0, L_0000019b52baada0;  alias, 1 drivers
v0000019b52ba6100_0 .net "IN2", 31 0, L_0000019b52baa300;  alias, 1 drivers
v0000019b52ba6b00_0 .var "OUT", 31 0;
v0000019b52ba61a0_0 .net "SELECT", 0 0, L_0000019b52b37a70;  alias, 1 drivers
E_0000019b52b456c0 .event anyedge, v0000019b52ba61a0_0, v0000019b52ba7960_0, v0000019b52ba6420_0;
S_0000019b52b13200 .scope module, "m2" "PC_MUX" 2 116, 2 394 0, S_0000019b52b4b030;
 .timescale 0 0;
    .port_info 0 /INPUT 32 "IN1";
    .port_info 1 /INPUT 32 "IN2";
    .port_info 2 /OUTPUT 32 "OUT";
    .port_info 3 /INPUT 1 "SELECT";
v0000019b52ba6c40_0 .net "IN1", 31 0, L_0000019b52baada0;  alias, 1 drivers
v0000019b52ba6ce0_0 .net "IN2", 31 0, v0000019b52ba6b00_0;  alias, 1 drivers
v0000019b52ba9470_0 .var "OUT", 31 0;
v0000019b52ba9010_0 .net "SELECT", 0 0, v0000019b52babac0_0;  1 drivers
E_0000019b52b44d00 .event anyedge, v0000019b52ba9010_0, v0000019b52ba7960_0, v0000019b52ba6b00_0;
S_0000019b52b7e2d0 .scope module, "or1" "OR_GT" 2 119, 2 355 0, S_0000019b52b4b030;
 .timescale 0 0;
    .port_info 0 /INPUT 1 "IN1";
    .port_info 1 /INPUT 1 "IN2";
    .port_info 2 /OUTPUT 1 "OUT";
L_0000019b52b37a70 .functor OR 1, L_0000019b52b37290, L_0000019b52b373e0, C4<0>, C4<0>;
v0000019b52ba8070_0 .net "IN1", 0 0, L_0000019b52b37290;  alias, 1 drivers
v0000019b52ba8e30_0 .net "IN2", 0 0, L_0000019b52b373e0;  alias, 1 drivers
v0000019b52ba8ed0_0 .net "OUT", 0 0, L_0000019b52b37a70;  alias, 1 drivers
S_0000019b52b7dfb0 .scope module, "r1" "register_file" 2 105, 4 6 0, S_0000019b52b4b030;
 .timescale 0 0;
    .port_info 0 /INPUT 8 "DATAINIn";
    .port_info 1 /OUTPUT 8 "Output_1";
    .port_info 2 /OUTPUT 8 "Output_2";
    .port_info 3 /INPUT 3 "DATAINInAddress";
    .port_info 4 /INPUT 3 "OutputAddress_1";
    .port_info 5 /INPUT 3 "OutputAddress_2";
    .port_info 6 /INPUT 1 "WRITE";
    .port_info 7 /INPUT 1 "CLK";
    .port_info 8 /INPUT 1 "RESET";
L_0000019b52b37610/d .functor BUFZ 8, L_0000019b52bab200, C4<00000000>, C4<00000000>, C4<00000000>;
L_0000019b52b37610 .delay 8 (2,2,2) L_0000019b52b37610/d;
L_0000019b52b374c0/d .functor BUFZ 8, L_0000019b52baa760, C4<00000000>, C4<00000000>, C4<00000000>;
L_0000019b52b374c0 .delay 8 (2,2,2) L_0000019b52b374c0/d;
v0000019b52ba9f10_0 .net "CLK", 0 0, v0000019b52bab3e0_0;  alias, 1 drivers
v0000019b52ba8570_0 .net "DATAINIn", 7 0, v0000019b52ba7500_0;  alias, 1 drivers
v0000019b52ba9150_0 .net "DATAINInAddress", 2 0, v0000019b52bab520_0;  1 drivers
v0000019b52ba9330_0 .net "OutputAddress_1", 2 0, v0000019b52bab7a0_0;  1 drivers
v0000019b52ba8610_0 .net "OutputAddress_2", 2 0, v0000019b52baaa80_0;  1 drivers
v0000019b52ba89d0_0 .net "Output_1", 7 0, L_0000019b52b37610;  alias, 1 drivers
v0000019b52ba8d90_0 .net "Output_2", 7 0, L_0000019b52b374c0;  alias, 1 drivers
v0000019b52ba9970_0 .net "RESET", 0 0, v0000019b52baa6c0_0;  alias, 1 drivers
v0000019b52ba95b0 .array "Register", 7 0, 7 0;
v0000019b52ba86b0_0 .net "WRITE", 0 0, v0000019b52bab0c0_0;  1 drivers
v0000019b52ba8c50_0 .net *"_ivl_0", 7 0, L_0000019b52bab200;  1 drivers
v0000019b52ba81b0_0 .net *"_ivl_10", 4 0, L_0000019b52bab660;  1 drivers
L_0000019b52bb00a0 .functor BUFT 1, C4<00>, C4<0>, C4<0>, C4<0>;
v0000019b52ba91f0_0 .net *"_ivl_13", 1 0, L_0000019b52bb00a0;  1 drivers
v0000019b52ba8f70_0 .net *"_ivl_2", 4 0, L_0000019b52bab2a0;  1 drivers
L_0000019b52bb0058 .functor BUFT 1, C4<00>, C4<0>, C4<0>, C4<0>;
v0000019b52ba8a70_0 .net *"_ivl_5", 1 0, L_0000019b52bb0058;  1 drivers
v0000019b52ba8430_0 .net *"_ivl_8", 7 0, L_0000019b52baa760;  1 drivers
v0000019b52ba8390_0 .var/i "i", 31 0;
E_0000019b52b45b80 .event posedge, v0000019b52ba9f10_0;
L_0000019b52bab200 .array/port v0000019b52ba95b0, L_0000019b52bab2a0;
L_0000019b52bab2a0 .concat [ 3 2 0 0], v0000019b52bab7a0_0, L_0000019b52bb0058;
L_0000019b52baa760 .array/port v0000019b52ba95b0, L_0000019b52bab660;
L_0000019b52bab660 .concat [ 3 2 0 0], v0000019b52baaa80_0, L_0000019b52bb00a0;
S_0000019b52b7de20 .scope module, "s1" "Sign_extend" 2 113, 2 374 0, S_0000019b52b4b030;
 .timescale 0 0;
    .port_info 0 /INPUT 8 "IN";
    .port_info 1 /OUTPUT 32 "OUT";
L_0000019b52b37370 .functor BUFZ 8, L_0000019b52babca0, C4<00000000>, C4<00000000>, C4<00000000>;
v0000019b52ba9d30_0 .net "IN", 7 0, L_0000019b52babca0;  1 drivers
v0000019b52ba8750_0 .net "OUT", 31 0, L_0000019b52bab980;  alias, 1 drivers
v0000019b52ba87f0_0 .net *"_ivl_3", 7 0, L_0000019b52b37370;  1 drivers
v0000019b52ba8930_0 .net *"_ivl_8", 0 0, L_0000019b52baa940;  1 drivers
v0000019b52ba84d0_0 .net *"_ivl_9", 23 0, L_0000019b52babde0;  1 drivers
L_0000019b52bab980 .concat8 [ 8 24 0 0], L_0000019b52b37370, L_0000019b52babde0;
L_0000019b52baa940 .part L_0000019b52babca0, 7, 1;
LS_0000019b52babde0_0_0 .concat [ 1 1 1 1], L_0000019b52baa940, L_0000019b52baa940, L_0000019b52baa940, L_0000019b52baa940;
LS_0000019b52babde0_0_4 .concat [ 1 1 1 1], L_0000019b52baa940, L_0000019b52baa940, L_0000019b52baa940, L_0000019b52baa940;
LS_0000019b52babde0_0_8 .concat [ 1 1 1 1], L_0000019b52baa940, L_0000019b52baa940, L_0000019b52baa940, L_0000019b52baa940;
LS_0000019b52babde0_0_12 .concat [ 1 1 1 1], L_0000019b52baa940, L_0000019b52baa940, L_0000019b52baa940, L_0000019b52baa940;
LS_0000019b52babde0_0_16 .concat [ 1 1 1 1], L_0000019b52baa940, L_0000019b52baa940, L_0000019b52baa940, L_0000019b52baa940;
LS_0000019b52babde0_0_20 .concat [ 1 1 1 1], L_0000019b52baa940, L_0000019b52baa940, L_0000019b52baa940, L_0000019b52baa940;
LS_0000019b52babde0_1_0 .concat [ 4 4 4 4], LS_0000019b52babde0_0_0, LS_0000019b52babde0_0_4, LS_0000019b52babde0_0_8, LS_0000019b52babde0_0_12;
LS_0000019b52babde0_1_4 .concat [ 4 4 0 0], LS_0000019b52babde0_0_16, LS_0000019b52babde0_0_20;
L_0000019b52babde0 .concat [ 16 8 0 0], LS_0000019b52babde0_1_0, LS_0000019b52babde0_1_4;
S_0000019b52b7d4c0 .scope module, "shift_2" "shift" 2 114, 2 385 0, S_0000019b52b4b030;
 .timescale 0 0;
    .port_info 0 /INPUT 32 "IN";
    .port_info 1 /OUTPUT 32 "OUT";
v0000019b52ba8890_0 .net/s "IN", 31 0, L_0000019b52bab980;  alias, 1 drivers
v0000019b52ba9510_0 .net/s "OUT", 31 0, L_0000019b52baad00;  alias, 1 drivers
v0000019b52ba9dd0_0 .net *"_ivl_2", 29 0, L_0000019b52baa080;  1 drivers
L_0000019b52bb0178 .functor BUFT 1, C4<00>, C4<0>, C4<0>, C4<0>;
v0000019b52ba9ab0_0 .net *"_ivl_4", 1 0, L_0000019b52bb0178;  1 drivers
L_0000019b52baa080 .part L_0000019b52bab980, 0, 30;
L_0000019b52baad00 .concat [ 2 30 0 0], L_0000019b52bb0178, L_0000019b52baa080;
S_0000019b52b7d650 .scope module, "t1" "twosCompliment" 2 107, 2 315 0, S_0000019b52b4b030;
 .timescale 0 0;
    .port_info 0 /INPUT 8 "DATAIN";
    .port_info 1 /OUTPUT 8 "OUT";
L_0000019b52b37a00 .functor NOT 8, L_0000019b52b374c0, C4<00000000>, C4<00000000>, C4<00000000>;
v0000019b52ba90b0_0 .net "DATAIN", 7 0, L_0000019b52b374c0;  alias, 1 drivers
v0000019b52ba9650_0 .net "OUT", 7 0, L_0000019b52bab8e0;  alias, 1 drivers
v0000019b52ba9e70_0 .net *"_ivl_0", 7 0, L_0000019b52b37a00;  1 drivers
L_0000019b52bb0130 .functor BUFT 1, C4<00000001>, C4<0>, C4<0>, C4<0>;
v0000019b52ba9b50_0 .net/2u *"_ivl_2", 7 0, L_0000019b52bb0130;  1 drivers
L_0000019b52bab8e0 .delay 8 (1,1,1) L_0000019b52bab8e0/d;
L_0000019b52bab8e0/d .arith/sum 8, L_0000019b52b37a00, L_0000019b52bb0130;
    .scope S_0000019b52a92870;
T_0 ;
    %wait E_0000019b52b44f40;
    %delay 1, 0;
    %load/vec4 v0000019b52ba6060_0;
    %dup/vec4;
    %pushi/vec4 0, 0, 2;
    %cmp/u;
    %jmp/1 T_0.0, 6;
    %dup/vec4;
    %pushi/vec4 1, 0, 2;
    %cmp/u;
    %jmp/1 T_0.1, 6;
    %dup/vec4;
    %pushi/vec4 2, 0, 2;
    %cmp/u;
    %jmp/1 T_0.2, 6;
    %dup/vec4;
    %pushi/vec4 3, 0, 2;
    %cmp/u;
    %jmp/1 T_0.3, 6;
    %jmp T_0.4;
T_0.0 ;
    %load/vec4 v0000019b52ba7000_0;
    %dup/vec4;
    %pushi/vec4 0, 0, 8;
    %cmp/u;
    %jmp/1 T_0.5, 6;
    %dup/vec4;
    %pushi/vec4 1, 0, 8;
    %cmp/u;
    %jmp/1 T_0.6, 6;
    %dup/vec4;
    %pushi/vec4 2, 0, 8;
    %cmp/u;
    %jmp/1 T_0.7, 6;
    %dup/vec4;
    %pushi/vec4 3, 0, 8;
    %cmp/u;
    %jmp/1 T_0.8, 6;
    %dup/vec4;
    %pushi/vec4 4, 0, 8;
    %cmp/u;
    %jmp/1 T_0.9, 6;
    %dup/vec4;
    %pushi/vec4 5, 0, 8;
    %cmp/u;
    %jmp/1 T_0.10, 6;
    %dup/vec4;
    %pushi/vec4 6, 0, 8;
    %cmp/u;
    %jmp/1 T_0.11, 6;
    %dup/vec4;
    %pushi/vec4 7, 0, 8;
    %cmp/u;
    %jmp/1 T_0.12, 6;
    %pushi/vec4 0, 0, 8;
    %store/vec4 v0000019b52ba7640_0, 0, 8;
    %jmp T_0.14;
T_0.5 ;
    %load/vec4 v0000019b52ba7aa0_0;
    %store/vec4 v0000019b52ba7640_0, 0, 8;
    %jmp T_0.14;
T_0.6 ;
    %pushi/vec4 0, 0, 1;
    %load/vec4 v0000019b52ba7aa0_0;
    %parti/s 7, 1, 2;
    %concat/vec4; draw_concat_vec4
    %store/vec4 v0000019b52ba7640_0, 0, 8;
    %jmp T_0.14;
T_0.7 ;
    %pushi/vec4 0, 0, 2;
    %load/vec4 v0000019b52ba7aa0_0;
    %parti/s 6, 2, 3;
    %concat/vec4; draw_concat_vec4
    %store/vec4 v0000019b52ba7640_0, 0, 8;
    %jmp T_0.14;
T_0.8 ;
    %pushi/vec4 0, 0, 3;
    %load/vec4 v0000019b52ba7aa0_0;
    %parti/s 5, 3, 3;
    %concat/vec4; draw_concat_vec4
    %store/vec4 v0000019b52ba7640_0, 0, 8;
    %jmp T_0.14;
T_0.9 ;
    %pushi/vec4 0, 0, 4;
    %load/vec4 v0000019b52ba7aa0_0;
    %parti/s 4, 4, 4;
    %concat/vec4; draw_concat_vec4
    %store/vec4 v0000019b52ba7640_0, 0, 8;
    %jmp T_0.14;
T_0.10 ;
    %pushi/vec4 0, 0, 5;
    %load/vec4 v0000019b52ba7aa0_0;
    %parti/s 3, 5, 4;
    %concat/vec4; draw_concat_vec4
    %store/vec4 v0000019b52ba7640_0, 0, 8;
    %jmp T_0.14;
T_0.11 ;
    %pushi/vec4 0, 0, 6;
    %load/vec4 v0000019b52ba7aa0_0;
    %parti/s 2, 6, 4;
    %concat/vec4; draw_concat_vec4
    %store/vec4 v0000019b52ba7640_0, 0, 8;
    %jmp T_0.14;
T_0.12 ;
    %pushi/vec4 0, 0, 7;
    %load/vec4 v0000019b52ba7aa0_0;
    %parti/s 1, 7, 4;
    %concat/vec4; draw_concat_vec4
    %store/vec4 v0000019b52ba7640_0, 0, 8;
    %jmp T_0.14;
T_0.14 ;
    %pop/vec4 1;
    %jmp T_0.4;
T_0.1 ;
    %load/vec4 v0000019b52ba7000_0;
    %dup/vec4;
    %pushi/vec4 0, 0, 8;
    %cmp/u;
    %jmp/1 T_0.15, 6;
    %dup/vec4;
    %pushi/vec4 1, 0, 8;
    %cmp/u;
    %jmp/1 T_0.16, 6;
    %dup/vec4;
    %pushi/vec4 2, 0, 8;
    %cmp/u;
    %jmp/1 T_0.17, 6;
    %dup/vec4;
    %pushi/vec4 3, 0, 8;
    %cmp/u;
    %jmp/1 T_0.18, 6;
    %dup/vec4;
    %pushi/vec4 4, 0, 8;
    %cmp/u;
    %jmp/1 T_0.19, 6;
    %dup/vec4;
    %pushi/vec4 5, 0, 8;
    %cmp/u;
    %jmp/1 T_0.20, 6;
    %dup/vec4;
    %pushi/vec4 6, 0, 8;
    %cmp/u;
    %jmp/1 T_0.21, 6;
    %dup/vec4;
    %pushi/vec4 7, 0, 8;
    %cmp/u;
    %jmp/1 T_0.22, 6;
    %pushi/vec4 0, 0, 8;
    %store/vec4 v0000019b52ba7640_0, 0, 8;
    %jmp T_0.24;
T_0.15 ;
    %load/vec4 v0000019b52ba7aa0_0;
    %store/vec4 v0000019b52ba7640_0, 0, 8;
    %jmp T_0.24;
T_0.16 ;
    %load/vec4 v0000019b52ba7aa0_0;
    %parti/s 7, 0, 2;
    %concati/vec4 0, 0, 1;
    %store/vec4 v0000019b52ba7640_0, 0, 8;
    %jmp T_0.24;
T_0.17 ;
    %load/vec4 v0000019b52ba7aa0_0;
    %parti/s 6, 0, 2;
    %concati/vec4 0, 0, 2;
    %store/vec4 v0000019b52ba7640_0, 0, 8;
    %jmp T_0.24;
T_0.18 ;
    %load/vec4 v0000019b52ba7aa0_0;
    %parti/s 5, 0, 2;
    %concati/vec4 0, 0, 3;
    %store/vec4 v0000019b52ba7640_0, 0, 8;
    %jmp T_0.24;
T_0.19 ;
    %load/vec4 v0000019b52ba7aa0_0;
    %parti/s 4, 0, 2;
    %concati/vec4 0, 0, 4;
    %store/vec4 v0000019b52ba7640_0, 0, 8;
    %jmp T_0.24;
T_0.20 ;
    %load/vec4 v0000019b52ba7aa0_0;
    %parti/s 3, 0, 2;
    %concati/vec4 0, 0, 5;
    %store/vec4 v0000019b52ba7640_0, 0, 8;
    %jmp T_0.24;
T_0.21 ;
    %load/vec4 v0000019b52ba7aa0_0;
    %parti/s 2, 0, 2;
    %concati/vec4 0, 0, 6;
    %store/vec4 v0000019b52ba7640_0, 0, 8;
    %jmp T_0.24;
T_0.22 ;
    %load/vec4 v0000019b52ba7aa0_0;
    %parti/s 1, 0, 2;
    %concati/vec4 0, 0, 7;
    %store/vec4 v0000019b52ba7640_0, 0, 8;
    %jmp T_0.24;
T_0.24 ;
    %pop/vec4 1;
    %jmp T_0.4;
T_0.2 ;
    %load/vec4 v0000019b52ba7000_0;
    %dup/vec4;
    %pushi/vec4 0, 0, 8;
    %cmp/u;
    %jmp/1 T_0.25, 6;
    %dup/vec4;
    %pushi/vec4 1, 0, 8;
    %cmp/u;
    %jmp/1 T_0.26, 6;
    %dup/vec4;
    %pushi/vec4 2, 0, 8;
    %cmp/u;
    %jmp/1 T_0.27, 6;
    %dup/vec4;
    %pushi/vec4 3, 0, 8;
    %cmp/u;
    %jmp/1 T_0.28, 6;
    %dup/vec4;
    %pushi/vec4 4, 0, 8;
    %cmp/u;
    %jmp/1 T_0.29, 6;
    %dup/vec4;
    %pushi/vec4 5, 0, 8;
    %cmp/u;
    %jmp/1 T_0.30, 6;
    %dup/vec4;
    %pushi/vec4 6, 0, 8;
    %cmp/u;
    %jmp/1 T_0.31, 6;
    %dup/vec4;
    %pushi/vec4 7, 0, 8;
    %cmp/u;
    %jmp/1 T_0.32, 6;
    %load/vec4 v0000019b52ba7aa0_0;
    %parti/s 1, 7, 4;
    %replicate 7;
    %pad/u 8;
    %store/vec4 v0000019b52ba7640_0, 0, 8;
    %jmp T_0.34;
T_0.25 ;
    %load/vec4 v0000019b52ba7aa0_0;
    %store/vec4 v0000019b52ba7640_0, 0, 8;
    %jmp T_0.34;
T_0.26 ;
    %load/vec4 v0000019b52ba7aa0_0;
    %parti/s 1, 7, 4;
    %load/vec4 v0000019b52ba7aa0_0;
    %parti/s 7, 1, 2;
    %concat/vec4; draw_concat_vec4
    %store/vec4 v0000019b52ba7640_0, 0, 8;
    %jmp T_0.34;
T_0.27 ;
    %load/vec4 v0000019b52ba7aa0_0;
    %parti/s 1, 7, 4;
    %replicate 2;
    %load/vec4 v0000019b52ba7aa0_0;
    %parti/s 6, 2, 3;
    %concat/vec4; draw_concat_vec4
    %store/vec4 v0000019b52ba7640_0, 0, 8;
    %jmp T_0.34;
T_0.28 ;
    %load/vec4 v0000019b52ba7aa0_0;
    %parti/s 1, 7, 4;
    %replicate 3;
    %load/vec4 v0000019b52ba7aa0_0;
    %parti/s 5, 3, 3;
    %concat/vec4; draw_concat_vec4
    %store/vec4 v0000019b52ba7640_0, 0, 8;
    %jmp T_0.34;
T_0.29 ;
    %load/vec4 v0000019b52ba7aa0_0;
    %parti/s 1, 7, 4;
    %replicate 4;
    %load/vec4 v0000019b52ba7aa0_0;
    %parti/s 4, 4, 4;
    %concat/vec4; draw_concat_vec4
    %store/vec4 v0000019b52ba7640_0, 0, 8;
    %jmp T_0.34;
T_0.30 ;
    %load/vec4 v0000019b52ba7aa0_0;
    %parti/s 1, 7, 4;
    %replicate 5;
    %load/vec4 v0000019b52ba7aa0_0;
    %parti/s 3, 5, 4;
    %concat/vec4; draw_concat_vec4
    %store/vec4 v0000019b52ba7640_0, 0, 8;
    %jmp T_0.34;
T_0.31 ;
    %load/vec4 v0000019b52ba7aa0_0;
    %parti/s 1, 7, 4;
    %replicate 6;
    %load/vec4 v0000019b52ba7aa0_0;
    %parti/s 2, 6, 4;
    %concat/vec4; draw_concat_vec4
    %store/vec4 v0000019b52ba7640_0, 0, 8;
    %jmp T_0.34;
T_0.32 ;
    %load/vec4 v0000019b52ba7aa0_0;
    %parti/s 1, 7, 4;
    %replicate 7;
    %load/vec4 v0000019b52ba7aa0_0;
    %parti/s 1, 7, 4;
    %concat/vec4; draw_concat_vec4
    %store/vec4 v0000019b52ba7640_0, 0, 8;
    %jmp T_0.34;
T_0.34 ;
    %pop/vec4 1;
    %jmp T_0.4;
T_0.3 ;
    %load/vec4 v0000019b52ba7000_0;
    %pad/u 32;
    %pushi/vec4 8, 0, 32;
    %mod;
    %dup/vec4;
    %pushi/vec4 0, 0, 32;
    %cmp/u;
    %jmp/1 T_0.35, 6;
    %dup/vec4;
    %pushi/vec4 1, 0, 32;
    %cmp/u;
    %jmp/1 T_0.36, 6;
    %dup/vec4;
    %pushi/vec4 2, 0, 32;
    %cmp/u;
    %jmp/1 T_0.37, 6;
    %dup/vec4;
    %pushi/vec4 3, 0, 32;
    %cmp/u;
    %jmp/1 T_0.38, 6;
    %dup/vec4;
    %pushi/vec4 4, 0, 32;
    %cmp/u;
    %jmp/1 T_0.39, 6;
    %dup/vec4;
    %pushi/vec4 5, 0, 32;
    %cmp/u;
    %jmp/1 T_0.40, 6;
    %dup/vec4;
    %pushi/vec4 6, 0, 32;
    %cmp/u;
    %jmp/1 T_0.41, 6;
    %dup/vec4;
    %pushi/vec4 7, 0, 32;
    %cmp/u;
    %jmp/1 T_0.42, 6;
    %jmp T_0.43;
T_0.35 ;
    %load/vec4 v0000019b52ba7aa0_0;
    %store/vec4 v0000019b52ba7640_0, 0, 8;
    %jmp T_0.43;
T_0.36 ;
    %load/vec4 v0000019b52ba7aa0_0;
    %parti/s 1, 0, 2;
    %load/vec4 v0000019b52ba7aa0_0;
    %parti/s 7, 1, 2;
    %concat/vec4; draw_concat_vec4
    %store/vec4 v0000019b52ba7640_0, 0, 8;
    %jmp T_0.43;
T_0.37 ;
    %load/vec4 v0000019b52ba7aa0_0;
    %parti/s 2, 0, 2;
    %load/vec4 v0000019b52ba7aa0_0;
    %parti/s 6, 2, 3;
    %concat/vec4; draw_concat_vec4
    %store/vec4 v0000019b52ba7640_0, 0, 8;
    %jmp T_0.43;
T_0.38 ;
    %load/vec4 v0000019b52ba7aa0_0;
    %parti/s 3, 0, 2;
    %load/vec4 v0000019b52ba7aa0_0;
    %parti/s 5, 3, 3;
    %concat/vec4; draw_concat_vec4
    %store/vec4 v0000019b52ba7640_0, 0, 8;
    %jmp T_0.43;
T_0.39 ;
    %load/vec4 v0000019b52ba7aa0_0;
    %parti/s 4, 0, 2;
    %load/vec4 v0000019b52ba7aa0_0;
    %parti/s 4, 4, 4;
    %concat/vec4; draw_concat_vec4
    %store/vec4 v0000019b52ba7640_0, 0, 8;
    %jmp T_0.43;
T_0.40 ;
    %load/vec4 v0000019b52ba7aa0_0;
    %parti/s 5, 0, 2;
    %load/vec4 v0000019b52ba7aa0_0;
    %parti/s 3, 5, 4;
    %concat/vec4; draw_concat_vec4
    %store/vec4 v0000019b52ba7640_0, 0, 8;
    %jmp T_0.43;
T_0.41 ;
    %load/vec4 v0000019b52ba7aa0_0;
    %parti/s 6, 0, 2;
    %load/vec4 v0000019b52ba7aa0_0;
    %parti/s 2, 6, 4;
    %concat/vec4; draw_concat_vec4
    %store/vec4 v0000019b52ba7640_0, 0, 8;
    %jmp T_0.43;
T_0.42 ;
    %load/vec4 v0000019b52ba7aa0_0;
    %parti/s 7, 0, 2;
    %load/vec4 v0000019b52ba7aa0_0;
    %parti/s 1, 7, 4;
    %concat/vec4; draw_concat_vec4
    %store/vec4 v0000019b52ba7640_0, 0, 8;
    %jmp T_0.43;
T_0.43 ;
    %pop/vec4 1;
    %jmp T_0.4;
T_0.4 ;
    %pop/vec4 1;
    %jmp T_0;
    .thread T_0, $push;
    .scope S_0000019b52af10d0;
T_1 ;
    %wait E_0000019b52b44ec0;
    %pushi/vec4 0, 0, 8;
    %store/vec4 v0000019b52ba6740_0, 0, 8;
    %load/vec4 v0000019b52ba69c0_0;
    %parti/s 1, 0, 2;
    %pad/u 32;
    %cmpi/e 1, 0, 32;
    %jmp/0xz  T_1.0, 4;
    %load/vec4 v0000019b52ba6740_0;
    %load/vec4 v0000019b52ba62e0_0;
    %add;
    %store/vec4 v0000019b52ba6740_0, 0, 8;
T_1.0 ;
    %load/vec4 v0000019b52ba69c0_0;
    %parti/s 1, 1, 2;
    %pad/u 32;
    %cmpi/e 1, 0, 32;
    %jmp/0xz  T_1.2, 4;
    %load/vec4 v0000019b52ba6740_0;
    %load/vec4 v0000019b52ba62e0_0;
    %parti/s 7, 0, 2;
    %concati/vec4 0, 0, 1;
    %add;
    %store/vec4 v0000019b52ba6740_0, 0, 8;
T_1.2 ;
    %load/vec4 v0000019b52ba69c0_0;
    %parti/s 1, 2, 3;
    %pad/u 32;
    %cmpi/e 1, 0, 32;
    %jmp/0xz  T_1.4, 4;
    %load/vec4 v0000019b52ba6740_0;
    %load/vec4 v0000019b52ba62e0_0;
    %parti/s 6, 0, 2;
    %concati/vec4 0, 0, 2;
    %add;
    %store/vec4 v0000019b52ba6740_0, 0, 8;
T_1.4 ;
    %load/vec4 v0000019b52ba69c0_0;
    %parti/s 1, 3, 3;
    %pad/u 32;
    %cmpi/e 1, 0, 32;
    %jmp/0xz  T_1.6, 4;
    %load/vec4 v0000019b52ba6740_0;
    %load/vec4 v0000019b52ba62e0_0;
    %parti/s 5, 0, 2;
    %concati/vec4 0, 0, 3;
    %add;
    %store/vec4 v0000019b52ba6740_0, 0, 8;
T_1.6 ;
    %load/vec4 v0000019b52ba69c0_0;
    %parti/s 1, 4, 4;
    %pad/u 32;
    %cmpi/e 1, 0, 32;
    %jmp/0xz  T_1.8, 4;
    %load/vec4 v0000019b52ba6740_0;
    %pad/u 9;
    %load/vec4 v0000019b52ba62e0_0;
    %parti/s 5, 0, 2;
    %concati/vec4 0, 0, 4;
    %add;
    %pad/u 8;
    %store/vec4 v0000019b52ba6740_0, 0, 8;
T_1.8 ;
    %load/vec4 v0000019b52ba69c0_0;
    %parti/s 1, 5, 4;
    %pad/u 32;
    %cmpi/e 1, 0, 32;
    %jmp/0xz  T_1.10, 4;
    %load/vec4 v0000019b52ba6740_0;
    %load/vec4 v0000019b52ba62e0_0;
    %parti/s 3, 0, 2;
    %concati/vec4 0, 0, 5;
    %add;
    %store/vec4 v0000019b52ba6740_0, 0, 8;
T_1.10 ;
    %load/vec4 v0000019b52ba69c0_0;
    %parti/s 1, 6, 4;
    %pad/u 32;
    %cmpi/e 1, 0, 32;
    %jmp/0xz  T_1.12, 4;
    %load/vec4 v0000019b52ba6740_0;
    %load/vec4 v0000019b52ba62e0_0;
    %parti/s 2, 0, 2;
    %concati/vec4 0, 0, 6;
    %add;
    %store/vec4 v0000019b52ba6740_0, 0, 8;
T_1.12 ;
    %load/vec4 v0000019b52ba69c0_0;
    %parti/s 1, 7, 4;
    %pad/u 32;
    %cmpi/e 1, 0, 32;
    %jmp/0xz  T_1.14, 4;
    %load/vec4 v0000019b52ba6740_0;
    %load/vec4 v0000019b52ba62e0_0;
    %parti/s 1, 0, 2;
    %concati/vec4 0, 0, 7;
    %add;
    %store/vec4 v0000019b52ba6740_0, 0, 8;
T_1.14 ;
    %jmp T_1;
    .thread T_1, $push;
    .scope S_0000019b52b0f950;
T_2 ;
    %wait E_0000019b52b43e00;
    %load/vec4 v0000019b52ba6380_0;
    %pad/u 32;
    %cmpi/e 0, 0, 32;
    %jmp/0xz  T_2.0, 4;
    %pushi/vec4 1, 0, 1;
    %store/vec4 v0000019b52ba7f00_0, 0, 1;
    %jmp T_2.1;
T_2.0 ;
    %pushi/vec4 0, 0, 1;
    %store/vec4 v0000019b52ba7f00_0, 0, 1;
T_2.1 ;
    %jmp T_2;
    .thread T_2, $push;
    .scope S_0000019b52b0f950;
T_3 ;
    %wait E_0000019b52b44180;
    %load/vec4 v0000019b52ba7280_0;
    %dup/vec4;
    %pushi/vec4 0, 0, 3;
    %cmp/u;
    %jmp/1 T_3.0, 6;
    %dup/vec4;
    %pushi/vec4 1, 0, 3;
    %cmp/u;
    %jmp/1 T_3.1, 6;
    %dup/vec4;
    %pushi/vec4 2, 0, 3;
    %cmp/u;
    %jmp/1 T_3.2, 6;
    %dup/vec4;
    %pushi/vec4 3, 0, 3;
    %cmp/u;
    %jmp/1 T_3.3, 6;
    %dup/vec4;
    %pushi/vec4 4, 0, 3;
    %cmp/u;
    %jmp/1 T_3.4, 6;
    %dup/vec4;
    %pushi/vec4 5, 0, 3;
    %cmp/u;
    %jmp/1 T_3.5, 6;
    %pushi/vec4 0, 0, 8;
    %cassign/vec4 v0000019b52ba7500_0;
    %jmp T_3.7;
T_3.0 ;
    %load/vec4 v0000019b52ba7b40_0;
    %cassign/vec4 v0000019b52ba7500_0;
    %cassign/link v0000019b52ba7500_0, v0000019b52ba7b40_0;
    %jmp T_3.7;
T_3.1 ;
    %load/vec4 v0000019b52ba6380_0;
    %cassign/vec4 v0000019b52ba7500_0;
    %cassign/link v0000019b52ba7500_0, v0000019b52ba6380_0;
    %jmp T_3.7;
T_3.2 ;
    %load/vec4 v0000019b52ba70a0_0;
    %cassign/vec4 v0000019b52ba7500_0;
    %cassign/link v0000019b52ba7500_0, v0000019b52ba70a0_0;
    %jmp T_3.7;
T_3.3 ;
    %load/vec4 v0000019b52ba7dc0_0;
    %cassign/vec4 v0000019b52ba7500_0;
    %cassign/link v0000019b52ba7500_0, v0000019b52ba7dc0_0;
    %jmp T_3.7;
T_3.4 ;
    %load/vec4 v0000019b52ba7320_0;
    %cassign/vec4 v0000019b52ba7500_0;
    %cassign/link v0000019b52ba7500_0, v0000019b52ba7320_0;
    %jmp T_3.7;
T_3.5 ;
    %load/vec4 v0000019b52ba73c0_0;
    %cassign/vec4 v0000019b52ba7500_0;
    %cassign/link v0000019b52ba7500_0, v0000019b52ba73c0_0;
    %jmp T_3.7;
T_3.7 ;
    %pop/vec4 1;
    %jmp T_3;
    .thread T_3, $push;
    .scope S_0000019b52b7dfb0;
T_4 ;
    %wait E_0000019b52b45b80;
    %load/vec4 v0000019b52ba86b0_0;
    %load/vec4 v0000019b52ba9970_0;
    %nor/r;
    %and;
    %flag_set/vec4 8;
    %jmp/0xz  T_4.0, 8;
    %delay 1, 0;
    %load/vec4 v0000019b52ba8570_0;
    %load/vec4 v0000019b52ba9150_0;
    %pad/u 5;
    %ix/vec4 3;
    %ix/load 4, 0, 0; Constant delay
    %assign/vec4/a/d v0000019b52ba95b0, 0, 4;
T_4.0 ;
    %load/vec4 v0000019b52ba9970_0;
    %flag_set/vec4 8;
    %jmp/0xz  T_4.2, 8;
    %delay 1, 0;
    %pushi/vec4 0, 0, 32;
    %store/vec4 v0000019b52ba8390_0, 0, 32;
T_4.4 ;
    %load/vec4 v0000019b52ba8390_0;
    %cmpi/s 8, 0, 32;
    %jmp/0xz T_4.5, 5;
    %pushi/vec4 0, 0, 8;
    %ix/getv/s 4, v0000019b52ba8390_0;
    %store/vec4a v0000019b52ba95b0, 4, 0;
    ; show_stmt_assign_vector: Get l-value for compressed += operand
    %load/vec4 v0000019b52ba8390_0;
    %pushi/vec4 1, 0, 32;
    %add;
    %store/vec4 v0000019b52ba8390_0, 0, 32;
    %jmp T_4.4;
T_4.5 ;
T_4.2 ;
    %jmp T_4;
    .thread T_4;
    .scope S_0000019b52b10380;
T_5 ;
    %wait E_0000019b52b454c0;
    %load/vec4 v0000019b52ba6920_0;
    %dup/vec4;
    %pushi/vec4 1, 0, 1;
    %cmp/u;
    %jmp/1 T_5.0, 6;
    %dup/vec4;
    %pushi/vec4 0, 0, 1;
    %cmp/u;
    %jmp/1 T_5.1, 6;
    %pushi/vec4 0, 0, 8;
    %assign/vec4 v0000019b52ba7e60_0, 0;
    %jmp T_5.3;
T_5.0 ;
    %load/vec4 v0000019b52ba66a0_0;
    %assign/vec4 v0000019b52ba7e60_0, 0;
    %jmp T_5.3;
T_5.1 ;
    %load/vec4 v0000019b52ba6f60_0;
    %assign/vec4 v0000019b52ba7e60_0, 0;
    %jmp T_5.3;
T_5.3 ;
    %pop/vec4 1;
    %jmp T_5;
    .thread T_5, $push;
    .scope S_0000019b52acd8c0;
T_6 ;
    %wait E_0000019b52b45780;
    %load/vec4 v0000019b52ba7c80_0;
    %dup/vec4;
    %pushi/vec4 1, 0, 1;
    %cmp/u;
    %jmp/1 T_6.0, 6;
    %dup/vec4;
    %pushi/vec4 0, 0, 1;
    %cmp/u;
    %jmp/1 T_6.1, 6;
    %pushi/vec4 0, 0, 8;
    %assign/vec4 v0000019b52ba6880_0, 0;
    %jmp T_6.3;
T_6.0 ;
    %load/vec4 v0000019b52ba67e0_0;
    %assign/vec4 v0000019b52ba6880_0, 0;
    %jmp T_6.3;
T_6.1 ;
    %load/vec4 v0000019b52ba7be0_0;
    %assign/vec4 v0000019b52ba6880_0, 0;
    %jmp T_6.3;
T_6.3 ;
    %pop/vec4 1;
    %jmp T_6;
    .thread T_6, $push;
    .scope S_0000019b52b10510;
T_7 ;
    %wait E_0000019b52b456c0;
    %load/vec4 v0000019b52ba61a0_0;
    %dup/vec4;
    %pushi/vec4 1, 0, 1;
    %cmp/u;
    %jmp/1 T_7.0, 6;
    %dup/vec4;
    %pushi/vec4 0, 0, 1;
    %cmp/u;
    %jmp/1 T_7.1, 6;
    %jmp T_7.2;
T_7.0 ;
    %load/vec4 v0000019b52ba6e20_0;
    %assign/vec4 v0000019b52ba6b00_0, 0;
    %jmp T_7.2;
T_7.1 ;
    %load/vec4 v0000019b52ba6100_0;
    %assign/vec4 v0000019b52ba6b00_0, 0;
    %jmp T_7.2;
T_7.2 ;
    %pop/vec4 1;
    %jmp T_7;
    .thread T_7, $push;
    .scope S_0000019b52b7de20;
T_8 ;
    %end;
    .thread T_8;
    .scope S_0000019b52b13200;
T_9 ;
    %wait E_0000019b52b44d00;
    %load/vec4 v0000019b52ba9010_0;
    %dup/vec4;
    %pushi/vec4 1, 0, 1;
    %cmp/u;
    %jmp/1 T_9.0, 6;
    %dup/vec4;
    %pushi/vec4 0, 0, 1;
    %cmp/u;
    %jmp/1 T_9.1, 6;
    %jmp T_9.2;
T_9.0 ;
    %load/vec4 v0000019b52ba6c40_0;
    %assign/vec4 v0000019b52ba9470_0, 0;
    %jmp T_9.2;
T_9.1 ;
    %load/vec4 v0000019b52ba6ce0_0;
    %assign/vec4 v0000019b52ba9470_0, 0;
    %jmp T_9.2;
T_9.2 ;
    %pop/vec4 1;
    %jmp T_9;
    .thread T_9, $push;
    .scope S_0000019b52b4b030;
T_10 ;
    %wait E_0000019b52b45b80;
    %load/vec4 v0000019b52baa580_0;
    %cmpi/e 1, 0, 1;
    %jmp/0xz  T_10.0, 4;
    %delay 1, 0;
    %pushi/vec4 0, 0, 32;
    %store/vec4 v0000019b52ba98d0_0, 0, 32;
    %jmp T_10.1;
T_10.0 ;
    %delay 1, 0;
    %load/vec4 v0000019b52bab020_0;
    %store/vec4 v0000019b52ba98d0_0, 0, 32;
T_10.1 ;
    %jmp T_10;
    .thread T_10;
    .scope S_0000019b52b4b030;
T_11 ;
    %wait E_0000019b52b43d00;
    %load/vec4 v0000019b52ba9a10_0;
    %parti/s 3, 16, 6;
    %store/vec4 v0000019b52bab520_0, 0, 3;
    %load/vec4 v0000019b52ba9a10_0;
    %parti/s 3, 8, 5;
    %store/vec4 v0000019b52bab7a0_0, 0, 3;
    %load/vec4 v0000019b52ba9a10_0;
    %parti/s 3, 0, 2;
    %store/vec4 v0000019b52baaa80_0, 0, 3;
    %delay 1, 0;
    %load/vec4 v0000019b52ba9a10_0;
    %parti/s 8, 24, 6;
    %dup/vec4;
    %pushi/vec4 0, 0, 8;
    %cmp/u;
    %jmp/1 T_11.0, 6;
    %dup/vec4;
    %pushi/vec4 1, 0, 8;
    %cmp/u;
    %jmp/1 T_11.1, 6;
    %dup/vec4;
    %pushi/vec4 2, 0, 8;
    %cmp/u;
    %jmp/1 T_11.2, 6;
    %dup/vec4;
    %pushi/vec4 3, 0, 8;
    %cmp/u;
    %jmp/1 T_11.3, 6;
    %dup/vec4;
    %pushi/vec4 4, 0, 8;
    %cmp/u;
    %jmp/1 T_11.4, 6;
    %dup/vec4;
    %pushi/vec4 5, 0, 8;
    %cmp/u;
    %jmp/1 T_11.5, 6;
    %dup/vec4;
    %pushi/vec4 6, 0, 8;
    %cmp/u;
    %jmp/1 T_11.6, 6;
    %dup/vec4;
    %pushi/vec4 7, 0, 8;
    %cmp/u;
    %jmp/1 T_11.7, 6;
    %dup/vec4;
    %pushi/vec4 12, 0, 8;
    %cmp/u;
    %jmp/1 T_11.8, 6;
    %dup/vec4;
    %pushi/vec4 13, 0, 8;
    %cmp/u;
    %jmp/1 T_11.9, 6;
    %dup/vec4;
    %pushi/vec4 14, 0, 8;
    %cmp/u;
    %jmp/1 T_11.10, 6;
    %dup/vec4;
    %pushi/vec4 15, 0, 8;
    %cmp/u;
    %jmp/1 T_11.11, 6;
    %dup/vec4;
    %pushi/vec4 16, 0, 8;
    %cmp/u;
    %jmp/1 T_11.12, 6;
    %dup/vec4;
    %pushi/vec4 17, 0, 8;
    %cmp/u;
    %jmp/1 T_11.13, 6;
    %jmp T_11.14;
T_11.0 ;
    %pushi/vec4 1, 0, 1;
    %store/vec4 v0000019b52bab0c0_0, 0, 1;
    %pushi/vec4 0, 0, 1;
    %store/vec4 v0000019b52baa1c0_0, 0, 1;
    %pushi/vec4 1, 0, 1;
    %store/vec4 v0000019b52baa800_0, 0, 1;
    %pushi/vec4 0, 0, 3;
    %store/vec4 v0000019b52baaee0_0, 0, 3;
    %pushi/vec4 0, 0, 1;
    %store/vec4 v0000019b52babac0_0, 0, 1;
    %pushi/vec4 0, 0, 1;
    %store/vec4 v0000019b52bab480_0, 0, 1;
    %pushi/vec4 0, 0, 1;
    %store/vec4 v0000019b52baa440_0, 0, 1;
    %jmp T_11.14;
T_11.1 ;
    %pushi/vec4 1, 0, 1;
    %store/vec4 v0000019b52bab0c0_0, 0, 1;
    %pushi/vec4 0, 0, 1;
    %store/vec4 v0000019b52baa1c0_0, 0, 1;
    %pushi/vec4 0, 0, 1;
    %store/vec4 v0000019b52baa800_0, 0, 1;
    %pushi/vec4 0, 0, 3;
    %store/vec4 v0000019b52baaee0_0, 0, 3;
    %pushi/vec4 0, 0, 1;
    %store/vec4 v0000019b52babac0_0, 0, 1;
    %pushi/vec4 0, 0, 1;
    %store/vec4 v0000019b52bab480_0, 0, 1;
    %pushi/vec4 0, 0, 1;
    %store/vec4 v0000019b52baa440_0, 0, 1;
    %jmp T_11.14;
T_11.2 ;
    %pushi/vec4 1, 0, 1;
    %store/vec4 v0000019b52bab0c0_0, 0, 1;
    %pushi/vec4 0, 0, 1;
    %store/vec4 v0000019b52baa1c0_0, 0, 1;
    %pushi/vec4 0, 0, 1;
    %store/vec4 v0000019b52baa800_0, 0, 1;
    %pushi/vec4 1, 0, 3;
    %store/vec4 v0000019b52baaee0_0, 0, 3;
    %pushi/vec4 0, 0, 1;
    %store/vec4 v0000019b52babac0_0, 0, 1;
    %pushi/vec4 0, 0, 1;
    %store/vec4 v0000019b52bab480_0, 0, 1;
    %pushi/vec4 0, 0, 1;
    %store/vec4 v0000019b52baa440_0, 0, 1;
    %jmp T_11.14;
T_11.3 ;
    %pushi/vec4 1, 0, 1;
    %store/vec4 v0000019b52bab0c0_0, 0, 1;
    %pushi/vec4 1, 0, 1;
    %store/vec4 v0000019b52baa1c0_0, 0, 1;
    %pushi/vec4 0, 0, 1;
    %store/vec4 v0000019b52baa800_0, 0, 1;
    %pushi/vec4 1, 0, 3;
    %store/vec4 v0000019b52baaee0_0, 0, 3;
    %pushi/vec4 0, 0, 1;
    %store/vec4 v0000019b52babac0_0, 0, 1;
    %pushi/vec4 0, 0, 1;
    %store/vec4 v0000019b52bab480_0, 0, 1;
    %pushi/vec4 0, 0, 1;
    %store/vec4 v0000019b52baa440_0, 0, 1;
    %jmp T_11.14;
T_11.4 ;
    %pushi/vec4 1, 0, 1;
    %store/vec4 v0000019b52bab0c0_0, 0, 1;
    %pushi/vec4 0, 0, 1;
    %store/vec4 v0000019b52baa1c0_0, 0, 1;
    %pushi/vec4 0, 0, 1;
    %store/vec4 v0000019b52baa800_0, 0, 1;
    %pushi/vec4 2, 0, 3;
    %store/vec4 v0000019b52baaee0_0, 0, 3;
    %pushi/vec4 0, 0, 1;
    %store/vec4 v0000019b52babac0_0, 0, 1;
    %pushi/vec4 0, 0, 1;
    %store/vec4 v0000019b52bab480_0, 0, 1;
    %pushi/vec4 0, 0, 1;
    %store/vec4 v0000019b52baa440_0, 0, 1;
    %jmp T_11.14;
T_11.5 ;
    %pushi/vec4 1, 0, 1;
    %store/vec4 v0000019b52bab0c0_0, 0, 1;
    %pushi/vec4 0, 0, 1;
    %store/vec4 v0000019b52baa1c0_0, 0, 1;
    %pushi/vec4 0, 0, 1;
    %store/vec4 v0000019b52baa800_0, 0, 1;
    %pushi/vec4 3, 0, 3;
    %store/vec4 v0000019b52baaee0_0, 0, 3;
    %pushi/vec4 0, 0, 1;
    %store/vec4 v0000019b52babac0_0, 0, 1;
    %pushi/vec4 0, 0, 1;
    %store/vec4 v0000019b52bab480_0, 0, 1;
    %pushi/vec4 0, 0, 1;
    %store/vec4 v0000019b52baa440_0, 0, 1;
    %jmp T_11.14;
T_11.6 ;
    %pushi/vec4 0, 0, 1;
    %store/vec4 v0000019b52bab0c0_0, 0, 1;
    %pushi/vec4 0, 0, 1;
    %store/vec4 v0000019b52baa1c0_0, 0, 1;
    %pushi/vec4 0, 0, 1;
    %store/vec4 v0000019b52baa800_0, 0, 1;
    %pushi/vec4 0, 0, 3;
    %store/vec4 v0000019b52baaee0_0, 0, 3;
    %pushi/vec4 1, 0, 1;
    %store/vec4 v0000019b52babac0_0, 0, 1;
    %pushi/vec4 0, 0, 1;
    %store/vec4 v0000019b52bab480_0, 0, 1;
    %pushi/vec4 0, 0, 1;
    %store/vec4 v0000019b52baa440_0, 0, 1;
    %jmp T_11.14;
T_11.7 ;
    %pushi/vec4 0, 0, 1;
    %store/vec4 v0000019b52bab0c0_0, 0, 1;
    %pushi/vec4 1, 0, 1;
    %store/vec4 v0000019b52baa1c0_0, 0, 1;
    %pushi/vec4 0, 0, 1;
    %store/vec4 v0000019b52baa800_0, 0, 1;
    %pushi/vec4 0, 0, 1;
    %store/vec4 v0000019b52babac0_0, 0, 1;
    %pushi/vec4 1, 0, 1;
    %store/vec4 v0000019b52bab480_0, 0, 1;
    %pushi/vec4 1, 0, 3;
    %store/vec4 v0000019b52baaee0_0, 0, 3;
    %pushi/vec4 0, 0, 1;
    %store/vec4 v0000019b52baa440_0, 0, 1;
    %jmp T_11.14;
T_11.8 ;
    %pushi/vec4 1, 0, 1;
    %store/vec4 v0000019b52bab0c0_0, 0, 1;
    %pushi/vec4 0, 0, 1;
    %store/vec4 v0000019b52baa1c0_0, 0, 1;
    %pushi/vec4 1, 0, 1;
    %store/vec4 v0000019b52baa800_0, 0, 1;
    %pushi/vec4 0, 0, 1;
    %store/vec4 v0000019b52babac0_0, 0, 1;
    %pushi/vec4 0, 0, 1;
    %store/vec4 v0000019b52bab480_0, 0, 1;
    %pushi/vec4 4, 0, 3;
    %store/vec4 v0000019b52baaee0_0, 0, 3;
    %pushi/vec4 1, 0, 2;
    %store/vec4 v0000019b52baa8a0_0, 0, 2;
    %pushi/vec4 0, 0, 1;
    %store/vec4 v0000019b52baa440_0, 0, 1;
    %jmp T_11.14;
T_11.9 ;
    %pushi/vec4 1, 0, 1;
    %store/vec4 v0000019b52bab0c0_0, 0, 1;
    %pushi/vec4 0, 0, 1;
    %store/vec4 v0000019b52baa1c0_0, 0, 1;
    %pushi/vec4 1, 0, 1;
    %store/vec4 v0000019b52baa800_0, 0, 1;
    %pushi/vec4 0, 0, 1;
    %store/vec4 v0000019b52babac0_0, 0, 1;
    %pushi/vec4 0, 0, 1;
    %store/vec4 v0000019b52bab480_0, 0, 1;
    %pushi/vec4 4, 0, 3;
    %store/vec4 v0000019b52baaee0_0, 0, 3;
    %pushi/vec4 0, 0, 2;
    %store/vec4 v0000019b52baa8a0_0, 0, 2;
    %pushi/vec4 0, 0, 1;
    %store/vec4 v0000019b52baa440_0, 0, 1;
    %jmp T_11.14;
T_11.10 ;
    %pushi/vec4 1, 0, 1;
    %store/vec4 v0000019b52bab0c0_0, 0, 1;
    %pushi/vec4 0, 0, 1;
    %store/vec4 v0000019b52baa1c0_0, 0, 1;
    %pushi/vec4 1, 0, 1;
    %store/vec4 v0000019b52baa800_0, 0, 1;
    %pushi/vec4 0, 0, 1;
    %store/vec4 v0000019b52babac0_0, 0, 1;
    %pushi/vec4 0, 0, 1;
    %store/vec4 v0000019b52bab480_0, 0, 1;
    %pushi/vec4 4, 0, 3;
    %store/vec4 v0000019b52baaee0_0, 0, 3;
    %pushi/vec4 2, 0, 2;
    %store/vec4 v0000019b52baa8a0_0, 0, 2;
    %pushi/vec4 0, 0, 1;
    %store/vec4 v0000019b52baa440_0, 0, 1;
    %jmp T_11.14;
T_11.11 ;
    %pushi/vec4 1, 0, 1;
    %store/vec4 v0000019b52bab0c0_0, 0, 1;
    %pushi/vec4 0, 0, 1;
    %store/vec4 v0000019b52baa1c0_0, 0, 1;
    %pushi/vec4 1, 0, 1;
    %store/vec4 v0000019b52baa800_0, 0, 1;
    %pushi/vec4 0, 0, 1;
    %store/vec4 v0000019b52babac0_0, 0, 1;
    %pushi/vec4 0, 0, 1;
    %store/vec4 v0000019b52bab480_0, 0, 1;
    %pushi/vec4 4, 0, 3;
    %store/vec4 v0000019b52baaee0_0, 0, 3;
    %pushi/vec4 3, 0, 2;
    %store/vec4 v0000019b52baa8a0_0, 0, 2;
    %pushi/vec4 0, 0, 1;
    %store/vec4 v0000019b52baa440_0, 0, 1;
    %jmp T_11.14;
T_11.12 ;
    %pushi/vec4 0, 0, 1;
    %store/vec4 v0000019b52bab0c0_0, 0, 1;
    %pushi/vec4 1, 0, 1;
    %store/vec4 v0000019b52baa1c0_0, 0, 1;
    %pushi/vec4 0, 0, 1;
    %store/vec4 v0000019b52baa800_0, 0, 1;
    %pushi/vec4 0, 0, 1;
    %store/vec4 v0000019b52babac0_0, 0, 1;
    %pushi/vec4 0, 0, 1;
    %store/vec4 v0000019b52bab480_0, 0, 1;
    %pushi/vec4 1, 0, 3;
    %store/vec4 v0000019b52baaee0_0, 0, 3;
    %pushi/vec4 1, 0, 1;
    %store/vec4 v0000019b52baa440_0, 0, 1;
    %jmp T_11.14;
T_11.13 ;
    %pushi/vec4 1, 0, 1;
    %store/vec4 v0000019b52bab0c0_0, 0, 1;
    %pushi/vec4 0, 0, 1;
    %store/vec4 v0000019b52baa1c0_0, 0, 1;
    %pushi/vec4 0, 0, 1;
    %store/vec4 v0000019b52baa800_0, 0, 1;
    %pushi/vec4 0, 0, 1;
    %store/vec4 v0000019b52babac0_0, 0, 1;
    %pushi/vec4 0, 0, 1;
    %store/vec4 v0000019b52bab480_0, 0, 1;
    %pushi/vec4 5, 0, 3;
    %store/vec4 v0000019b52baaee0_0, 0, 3;
    %pushi/vec4 0, 0, 1;
    %store/vec4 v0000019b52baa440_0, 0, 1;
    %jmp T_11.14;
T_11.14 ;
    %pop/vec4 1;
    %jmp T_11;
    .thread T_11, $push;
    .scope S_0000019b52b4acd0;
T_12 ;
    %wait E_0000019b52b44ac0;
    %delay 2, 0;
    %load/vec4 v0000019b52baa620_0;
    %addi 3, 0, 32;
    %ix/vec4 4;
    %load/vec4a v0000019b52bab160, 4;
    %load/vec4 v0000019b52baa620_0;
    %addi 2, 0, 32;
    %ix/vec4 4;
    %load/vec4a v0000019b52bab160, 4;
    %concat/vec4; draw_concat_vec4
    %load/vec4 v0000019b52baa620_0;
    %addi 1, 0, 32;
    %ix/vec4 4;
    %load/vec4a v0000019b52bab160, 4;
    %concat/vec4; draw_concat_vec4
    %ix/getv 4, v0000019b52baa620_0;
    %load/vec4a v0000019b52bab160, 4;
    %concat/vec4; draw_concat_vec4
    %store/vec4 v0000019b52baa260_0, 0, 32;
    %jmp T_12;
    .thread T_12, $push;
    .scope S_0000019b52b4acd0;
T_13 ;
    %vpi_call 2 43 "$readmemb", "instr_mem.mem", v0000019b52bab160 {0 0 0};
    %end;
    .thread T_13;
    .scope S_0000019b52b4acd0;
T_14 ;
    %vpi_call 2 57 "$dumpfile", "cpu_wavedata.vcd" {0 0 0};
    %vpi_call 2 58 "$dumpvars", 32'sb00000000000000000000000000000000, S_0000019b52b4acd0 {0 0 0};
    %pushi/vec4 0, 0, 32;
    %store/vec4 v0000019b52bab340_0, 0, 32;
T_14.0 ;
    %load/vec4 v0000019b52bab340_0;
    %cmpi/s 8, 0, 32;
    %jmp/0xz T_14.1, 5;
    %vpi_call 2 62 "$dumpvars", 32'sb00000000000000000000000000000001, &A<v0000019b52ba95b0, v0000019b52bab340_0 > {0 0 0};
    %load/vec4 v0000019b52bab340_0;
    %addi 1, 0, 32;
    %store/vec4 v0000019b52bab340_0, 0, 32;
    %jmp T_14.0;
T_14.1 ;
    %pushi/vec4 0, 0, 1;
    %store/vec4 v0000019b52bab3e0_0, 0, 1;
    %pushi/vec4 0, 0, 1;
    %store/vec4 v0000019b52baa6c0_0, 0, 1;
    %delay 2, 0;
    %pushi/vec4 1, 0, 1;
    %store/vec4 v0000019b52baa6c0_0, 0, 1;
    %delay 4, 0;
    %pushi/vec4 0, 0, 1;
    %store/vec4 v0000019b52baa6c0_0, 0, 1;
    %delay 500, 0;
    %vpi_call 2 77 "$finish" {0 0 0};
    %end;
    .thread T_14;
    .scope S_0000019b52b4acd0;
T_15 ;
    %delay 4, 0;
    %load/vec4 v0000019b52bab3e0_0;
    %inv;
    %store/vec4 v0000019b52bab3e0_0, 0, 1;
    %jmp T_15;
    .thread T_15;
# The file index is used to find the file name in the following table.
:file_names 5;
    "N/A";
    "<interactive>";
    "lab5part5.v";
    "./alu.v";
    "./reg_file.v";
