#! /c/Source/iverilog-install/bin/vvp
:ivl_version "12.0 (devel)" "(s20150603-1539-g2693dd32b)";
:ivl_delay_selection "TYPICAL";
:vpi_time_precision + 0;
:vpi_module "C:\iverilog\lib\ivl\system.vpi";
:vpi_module "C:\iverilog\lib\ivl\vhdl_sys.vpi";
:vpi_module "C:\iverilog\lib\ivl\vhdl_textio.vpi";
:vpi_module "C:\iverilog\lib\ivl\v2005_math.vpi";
:vpi_module "C:\iverilog\lib\ivl\va_math.vpi";
S_00000234de625710 .scope module, "cpu_tb" "cpu_tb" 2 14;
 .timescale 0 0;
v00000234de6ce4c0_0 .var "CLK", 0 0;
v00000234de6cfd20_0 .var "INSTRUCTION_t", 31 0;
v00000234de6ce560_0 .var "PC_output", 31 0;
v00000234de6ce740_0 .net "PC_t", 31 0, v00000234de63ca60_0;  1 drivers
v00000234de6cfdc0_0 .var "RESET", 0 0;
v00000234de6cf0a0_0 .net "address_from_cache_t", 5 0, v00000234de612890_0;  1 drivers
v00000234de6ce600_0 .net "aluResult_t", 7 0, v00000234de63ce20_0;  1 drivers
v00000234de6cfe60_0 .net "busywait_cache_t", 0 0, v00000234de6130b0_0;  1 drivers
v00000234de6ce920_0 .net "busywait_mem_t", 0 0, v00000234de6cff00_0;  1 drivers
v00000234de6ce9c0_0 .net "cacheReadOutput_t", 7 0, v00000234de614370_0;  1 drivers
v00000234de6ced80 .array "instr_mem", 1023 0, 7 0;
v00000234de6ce1a0_0 .var/i "j", 31 0;
v00000234de6cec40_0 .net "read_data_from_mem_t", 31 0, v00000234de6cf1e0_0;  1 drivers
v00000234de6ce240_0 .net "readcache_t", 0 0, v00000234de63cba0_0;  1 drivers
v00000234de6cea60_0 .net "readmem_t", 0 0, v00000234de613330_0;  1 drivers
v00000234de6cef60_0 .net "reg1output_t", 7 0, v00000234de63d6e0_0;  1 drivers
v00000234de6ceb00_0 .net "writecache_t", 0 0, v00000234de63cd80_0;  1 drivers
v00000234de6ce060_0 .net "writedata_to_mem_t", 31 0, v00000234de612570_0;  1 drivers
v00000234de6cf280_0 .net "writemem_t", 0 0, v00000234de612c50_0;  1 drivers
S_00000234de5f13d0 .scope module, "cache_" "cache" 2 41, 3 1 0, S_00000234de625710;
 .timescale 0 0;
    .port_info 0 /INPUT 1 "clock";
    .port_info 1 /INPUT 1 "reset";
    .port_info 2 /INPUT 1 "read";
    .port_info 3 /INPUT 1 "write";
    .port_info 4 /INPUT 8 "address";
    .port_info 5 /INPUT 8 "writedata";
    .port_info 6 /OUTPUT 8 "readdata";
    .port_info 7 /OUTPUT 1 "busywait";
    .port_info 8 /OUTPUT 1 "mem_read";
    .port_info 9 /OUTPUT 1 "mem_write";
    .port_info 10 /OUTPUT 6 "mem_address";
    .port_info 11 /OUTPUT 32 "mem_writedata";
    .port_info 12 /INPUT 32 "mem_readdata";
    .port_info 13 /INPUT 1 "mem_busywait";
P_00000234de5845a0 .param/l "IDLE_STATE" 0 3 147, C4<000>;
P_00000234de5845d8 .param/l "MEM_READ_STATE" 0 3 147, C4<001>;
P_00000234de584610 .param/l "MEM_WRITE_STATE" 0 3 147, C4<010>;
P_00000234de584648 .param/l "WRITE_TO_CACHE_ON_MISS" 0 3 148, C4<011>;
v00000234de613970_0 .net "address", 7 0, v00000234de63ce20_0;  alias, 1 drivers
v00000234de6130b0_0 .var "busywait", 0 0;
v00000234de613650_0 .net "clock", 0 0, v00000234de6ce4c0_0;  1 drivers
v00000234de612a70 .array "data_block", 0 7, 31 0;
v00000234de613290_0 .var "dirty", 7 0;
v00000234de613150_0 .var/i "i", 31 0;
v00000234de6126b0_0 .var "index", 2 0;
v00000234de612890_0 .var "mem_address", 5 0;
v00000234de612bb0_0 .net "mem_busywait", 0 0, v00000234de6cff00_0;  alias, 1 drivers
v00000234de613330_0 .var "mem_read", 0 0;
v00000234de612ed0_0 .net "mem_readdata", 31 0, v00000234de6cf1e0_0;  alias, 1 drivers
v00000234de612c50_0 .var "mem_write", 0 0;
v00000234de612570_0 .var "mem_writedata", 31 0;
v00000234de612610_0 .var "next_state", 2 0;
v00000234de613a10_0 .var "offset", 1 0;
v00000234de6142d0_0 .net "read", 0 0, v00000234de63cba0_0;  alias, 1 drivers
v00000234de612f70_0 .var "readaccess", 0 0;
v00000234de614370_0 .var "readdata", 7 0;
v00000234de613ab0_0 .var "readhit", 0 0;
v00000234de612cf0_0 .net "reset", 0 0, v00000234de6cfdc0_0;  1 drivers
v00000234de613f10_0 .var "state", 2 0;
v00000234de6124d0_0 .var "tag", 2 0;
v00000234de613b50 .array "tag_array", 0 7, 2 0;
v00000234de612750_0 .var "valid", 7 0;
v00000234de613fb0_0 .net "write", 0 0, v00000234de63cd80_0;  alias, 1 drivers
v00000234de613d30_0 .var "writeaccess", 0 0;
v00000234de6127f0_0 .net "writedata", 7 0, v00000234de63d6e0_0;  alias, 1 drivers
v00000234de613bf0_0 .var "writehit", 0 0;
E_00000234de60da20 .event posedge, v00000234de612cf0_0;
E_00000234de60d720/0 .event anyedge, v00000234de612cf0_0;
E_00000234de60d720/1 .event posedge, v00000234de613650_0;
E_00000234de60d720 .event/or E_00000234de60d720/0, E_00000234de60d720/1;
v00000234de613b50_0 .array/port v00000234de613b50, 0;
E_00000234de60d560/0 .event anyedge, v00000234de613f10_0, v00000234de6124d0_0, v00000234de6126b0_0, v00000234de613b50_0;
v00000234de613b50_1 .array/port v00000234de613b50, 1;
v00000234de613b50_2 .array/port v00000234de613b50, 2;
v00000234de613b50_3 .array/port v00000234de613b50, 3;
v00000234de613b50_4 .array/port v00000234de613b50, 4;
E_00000234de60d560/1 .event anyedge, v00000234de613b50_1, v00000234de613b50_2, v00000234de613b50_3, v00000234de613b50_4;
v00000234de613b50_5 .array/port v00000234de613b50, 5;
v00000234de613b50_6 .array/port v00000234de613b50, 6;
v00000234de613b50_7 .array/port v00000234de613b50, 7;
v00000234de612a70_0 .array/port v00000234de612a70, 0;
E_00000234de60d560/2 .event anyedge, v00000234de613b50_5, v00000234de613b50_6, v00000234de613b50_7, v00000234de612a70_0;
v00000234de612a70_1 .array/port v00000234de612a70, 1;
v00000234de612a70_2 .array/port v00000234de612a70, 2;
v00000234de612a70_3 .array/port v00000234de612a70, 3;
v00000234de612a70_4 .array/port v00000234de612a70, 4;
E_00000234de60d560/3 .event anyedge, v00000234de612a70_1, v00000234de612a70_2, v00000234de612a70_3, v00000234de612a70_4;
v00000234de612a70_5 .array/port v00000234de612a70, 5;
v00000234de612a70_6 .array/port v00000234de612a70, 6;
v00000234de612a70_7 .array/port v00000234de612a70, 7;
E_00000234de60d560/4 .event anyedge, v00000234de612a70_5, v00000234de612a70_6, v00000234de612a70_7, v00000234de613bf0_0;
E_00000234de60d560/5 .event anyedge, v00000234de612ed0_0;
E_00000234de60d560 .event/or E_00000234de60d560/0, E_00000234de60d560/1, E_00000234de60d560/2, E_00000234de60d560/3, E_00000234de60d560/4, E_00000234de60d560/5;
E_00000234de60d020/0 .event anyedge, v00000234de613f10_0, v00000234de6130b0_0, v00000234de612f70_0, v00000234de613d30_0;
E_00000234de60d020/1 .event anyedge, v00000234de6126b0_0, v00000234de612750_0, v00000234de613ab0_0, v00000234de613290_0;
E_00000234de60d020/2 .event anyedge, v00000234de613bf0_0, v00000234de613b50_0, v00000234de613b50_1, v00000234de613b50_2;
E_00000234de60d020/3 .event anyedge, v00000234de613b50_3, v00000234de613b50_4, v00000234de613b50_5, v00000234de613b50_6;
E_00000234de60d020/4 .event anyedge, v00000234de613b50_7, v00000234de6124d0_0;
E_00000234de60d020 .event/or E_00000234de60d020/0, E_00000234de60d020/1, E_00000234de60d020/2, E_00000234de60d020/3, E_00000234de60d020/4;
E_00000234de60dca0 .event posedge, v00000234de613650_0;
E_00000234de60d820 .event anyedge, v00000234de613bf0_0;
E_00000234de60d160 .event anyedge, v00000234de612f70_0, v00000234de613ab0_0;
E_00000234de60d760/0 .event anyedge, v00000234de613d30_0, v00000234de6126b0_0, v00000234de612750_0, v00000234de613b50_0;
E_00000234de60d760/1 .event anyedge, v00000234de613b50_1, v00000234de613b50_2, v00000234de613b50_3, v00000234de613b50_4;
E_00000234de60d760/2 .event anyedge, v00000234de613b50_5, v00000234de613b50_6, v00000234de613b50_7, v00000234de6124d0_0;
E_00000234de60d760 .event/or E_00000234de60d760/0, E_00000234de60d760/1, E_00000234de60d760/2;
E_00000234de60d060/0 .event anyedge, v00000234de612f70_0, v00000234de6126b0_0, v00000234de612750_0, v00000234de613b50_0;
E_00000234de60d060/1 .event anyedge, v00000234de613b50_1, v00000234de613b50_2, v00000234de613b50_3, v00000234de613b50_4;
E_00000234de60d060/2 .event anyedge, v00000234de613b50_5, v00000234de613b50_6, v00000234de613b50_7, v00000234de6124d0_0;
E_00000234de60d060 .event/or E_00000234de60d060/0, E_00000234de60d060/1, E_00000234de60d060/2;
E_00000234de60daa0 .event anyedge, v00000234de613fb0_0, v00000234de6142d0_0;
E_00000234de60d460 .event anyedge, v00000234de613970_0;
S_00000234de5f1650 .scope module, "cpu_" "cpu" 2 39, 2 130 0, S_00000234de625710;
 .timescale 0 0;
    .port_info 0 /OUTPUT 32 "PC";
    .port_info 1 /INPUT 32 "INSTRUCTION";
    .port_info 2 /INPUT 1 "CLK";
    .port_info 3 /INPUT 1 "RESET";
    .port_info 4 /OUTPUT 1 "READMEM";
    .port_info 5 /OUTPUT 1 "WRITEMEM";
    .port_info 6 /INPUT 1 "BUSYWAIT";
    .port_info 7 /OUTPUT 8 "aluResult";
    .port_info 8 /INPUT 8 "memReadOutput";
    .port_info 9 /OUTPUT 8 "reg1output";
v00000234de63c740_0 .net "BUSYWAIT", 0 0, v00000234de6130b0_0;  alias, 1 drivers
v00000234de63bf20_0 .net "CLK", 0 0, v00000234de6ce4c0_0;  alias, 1 drivers
v00000234de63c9c0_0 .net "INSTRUCTION", 31 0, v00000234de6cfd20_0;  1 drivers
v00000234de63ca60_0 .var "PC", 31 0;
v00000234de63cba0_0 .var "READMEM", 0 0;
v00000234de63cce0_0 .net "RESET", 0 0, v00000234de6cfdc0_0;  alias, 1 drivers
v00000234de63cd80_0 .var "WRITEMEM", 0 0;
v00000234de63ce20_0 .var "aluResult", 7 0;
v00000234de63bde0_0 .net "aluResult_wire", 7 0, v00000234de63daa0_0;  1 drivers
v00000234de63d0a0_0 .var "aluop", 2 0;
v00000234de63d140_0 .var "alusrc1", 7 0;
v00000234de63bfc0_0 .net "alusrc2", 7 0, v00000234de613010_0;  1 drivers
v00000234de63d780_0 .net "branchResult", 31 0, v00000234de63c060_0;  1 drivers
v00000234de63be80_0 .var "destination", 7 0;
v00000234de63d1e0_0 .var "immediate", 7 0;
v00000234de63d280_0 .net "memReadOutput", 7 0, v00000234de614370_0;  alias, 1 drivers
v00000234de63d5a0_0 .var "opcode", 7 0;
v00000234de63d640_0 .net "pcUpdaterout", 31 0, v00000234de63bca0_0;  1 drivers
v00000234de63d6e0_0 .var "reg1output", 7 0;
v00000234de63d820_0 .net "reg1output_wire", 7 0, v00000234de63da00_0;  1 drivers
v00000234de63d8c0_0 .net "reg2output", 7 0, v00000234de63bc00_0;  1 drivers
v00000234de63d960_0 .var "registerIn", 7 0;
v00000234de6cf640_0 .net "registerInput", 7 0, v00000234de6140f0_0;  1 drivers
v00000234de6cfbe0_0 .var "source1", 7 0;
v00000234de6cfb40_0 .var "source2", 7 0;
v00000234de6cfaa0_0 .net "twoscomplement", 7 0, v00000234de63cc40_0;  1 drivers
v00000234de6cf460_0 .var "write", 0 0;
v00000234de6cfc80_0 .net "zerooutput", 0 0, v00000234de63d3c0_0;  1 drivers
E_00000234de60d860 .event anyedge, v00000234de6140f0_0;
E_00000234de60d320 .event anyedge, v00000234de63da00_0;
E_00000234de60dae0 .event anyedge, v00000234de613dd0_0;
E_00000234de60d3a0 .event anyedge, v00000234de612d90_0;
E_00000234de60d1e0 .event anyedge, v00000234de6130b0_0;
L_00000234de6ceba0 .part v00000234de63be80_0, 0, 3;
L_00000234de6cee20 .part v00000234de6cfbe0_0, 0, 3;
L_00000234de6cece0 .part v00000234de6cfb40_0, 0, 3;
S_00000234de590130 .scope module, "my_inputForRegisterIn" "inputForRegisterIn" 2 198, 2 255 0, S_00000234de5f1650;
 .timescale 0 0;
    .port_info 0 /INPUT 32 "INSTRUCTION";
    .port_info 1 /INPUT 8 "OPCODE";
    .port_info 2 /INPUT 8 "ALURESULT";
    .port_info 3 /INPUT 8 "MEMREADOUTPUT";
    .port_info 4 /OUTPUT 8 "OUTPUTVALUE";
v00000234de613dd0_0 .net "ALURESULT", 7 0, v00000234de63daa0_0;  alias, 1 drivers
v00000234de612d90_0 .net "INSTRUCTION", 31 0, v00000234de6cfd20_0;  alias, 1 drivers
v00000234de613e70_0 .net "MEMREADOUTPUT", 7 0, v00000234de614370_0;  alias, 1 drivers
v00000234de614050_0 .net "OPCODE", 7 0, v00000234de63d5a0_0;  1 drivers
v00000234de6140f0_0 .var "OUTPUTVALUE", 7 0;
E_00000234de60d220 .event anyedge, v00000234de613dd0_0, v00000234de614370_0, v00000234de612d90_0;
S_00000234de5902c0 .scope module, "my_src2mux" "src2mux" 2 193, 2 288 0, S_00000234de5f1650;
 .timescale 0 0;
    .port_info 0 /INPUT 3 "ALUOP";
    .port_info 1 /INPUT 8 "OPCODE";
    .port_info 2 /OUTPUT 8 "ALUSRC2";
    .port_info 3 /INPUT 8 "IMMEDIATE";
    .port_info 4 /INPUT 8 "TWOSCOMPLEMENT";
    .port_info 5 /INPUT 8 "REG2OUTPUT";
v00000234de612e30_0 .net "ALUOP", 2 0, v00000234de63d0a0_0;  1 drivers
v00000234de613010_0 .var "ALUSRC2", 7 0;
v00000234de6133d0_0 .net "IMMEDIATE", 7 0, v00000234de63d1e0_0;  1 drivers
v00000234de613470_0 .net "OPCODE", 7 0, v00000234de63d5a0_0;  alias, 1 drivers
v00000234de5fd0c0_0 .net "REG2OUTPUT", 7 0, v00000234de63bc00_0;  alias, 1 drivers
v00000234de5fce40_0 .net "TWOSCOMPLEMENT", 7 0, v00000234de63cc40_0;  alias, 1 drivers
E_00000234de60dc60/0 .event anyedge, v00000234de612e30_0, v00000234de614050_0, v00000234de6133d0_0, v00000234de5fd0c0_0;
E_00000234de60dc60/1 .event anyedge, v00000234de5fce40_0;
E_00000234de60dc60 .event/or E_00000234de60dc60/0, E_00000234de60dc60/1;
S_00000234de5e5a90 .scope module, "myalu" "alu" 2 186, 4 7 0, S_00000234de5f1650;
 .timescale 0 0;
    .port_info 0 /INPUT 8 "DATA1";
    .port_info 1 /INPUT 8 "DATA2";
    .port_info 2 /OUTPUT 8 "RESULT";
    .port_info 3 /INPUT 3 "SELECT";
    .port_info 4 /OUTPUT 1 "ZERO";
v00000234de5fd340_0 .net "DATA1", 7 0, v00000234de63d140_0;  1 drivers
v00000234de63d460_0 .net "DATA2", 7 0, v00000234de613010_0;  alias, 1 drivers
v00000234de63daa0_0 .var "RESULT", 7 0;
v00000234de63c240_0 .net "SELECT", 2 0, v00000234de63d0a0_0;  alias, 1 drivers
v00000234de63d3c0_0 .var "ZERO", 0 0;
v00000234de63d320_0 .var/i "a", 31 0;
v00000234de63d500_0 .var/i "i", 31 0;
E_00000234de60d4a0 .event anyedge, v00000234de612e30_0, v00000234de613010_0, v00000234de5fd340_0;
E_00000234de60de60 .event anyedge, v00000234de613010_0;
S_00000234de5e5c20 .scope module, "mybranchValue" "branchValue" 2 195, 2 275 0, S_00000234de5f1650;
 .timescale 0 0;
    .port_info 0 /INPUT 32 "PC";
    .port_info 1 /INPUT 8 "OFFSET";
    .port_info 2 /OUTPUT 32 "OUT";
v00000234de63cec0_0 .net "OFFSET", 7 0, v00000234de63be80_0;  1 drivers
v00000234de63c060_0 .var "OUT", 31 0;
v00000234de63c100_0 .net "PC", 31 0, v00000234de63ca60_0;  alias, 1 drivers
E_00000234de60da60 .event anyedge, v00000234de63cec0_0, v00000234de63c100_0;
S_00000234de5c1400 .scope module, "mypcUpdater" "pcUpdater" 2 190, 2 324 0, S_00000234de5f1650;
 .timescale 0 0;
    .port_info 0 /INPUT 32 "pc";
    .port_info 1 /INPUT 1 "clk";
    .port_info 2 /INPUT 1 "reset";
    .port_info 3 /OUTPUT 32 "pcout";
v00000234de63c4c0_0 .net "clk", 0 0, v00000234de6ce4c0_0;  alias, 1 drivers
v00000234de63c420_0 .net "pc", 31 0, v00000234de63ca60_0;  alias, 1 drivers
v00000234de63bca0_0 .var "pcout", 31 0;
v00000234de63cf60_0 .net "reset", 0 0, v00000234de6cfdc0_0;  alias, 1 drivers
E_00000234de60d620 .event anyedge, v00000234de612cf0_0;
E_00000234de60dce0 .event anyedge, v00000234de63c100_0;
S_00000234de5c1590 .scope module, "myreg_file" "reg_file" 2 183, 5 6 0, S_00000234de5f1650;
 .timescale 0 0;
    .port_info 0 /INPUT 8 "IN";
    .port_info 1 /OUTPUT 8 "OUT1";
    .port_info 2 /OUTPUT 8 "OUT2";
    .port_info 3 /INPUT 3 "INADDRESS";
    .port_info 4 /INPUT 3 "OUT1ADDRESS";
    .port_info 5 /INPUT 3 "OUT2ADDRESS";
    .port_info 6 /INPUT 1 "WRITE";
    .port_info 7 /INPUT 1 "CLK";
    .port_info 8 /INPUT 1 "RESET";
v00000234de63c1a0_0 .net "CLK", 0 0, v00000234de6ce4c0_0;  alias, 1 drivers
v00000234de63c6a0_0 .net "IN", 7 0, v00000234de63d960_0;  1 drivers
v00000234de63cb00_0 .net "INADDRESS", 2 0, L_00000234de6ceba0;  1 drivers
v00000234de63da00_0 .var "OUT1", 7 0;
v00000234de63c7e0_0 .net "OUT1ADDRESS", 2 0, L_00000234de6cee20;  1 drivers
v00000234de63bc00_0 .var "OUT2", 7 0;
v00000234de63c380_0 .net "OUT2ADDRESS", 2 0, L_00000234de6cece0;  1 drivers
v00000234de63c880_0 .net "RESET", 0 0, v00000234de6cfdc0_0;  alias, 1 drivers
v00000234de63bd40_0 .net "WRITE", 0 0, v00000234de6cf460_0;  1 drivers
v00000234de63d000_0 .var/i "l", 31 0;
v00000234de63c560 .array "registers", 7 0, 7 0;
E_00000234de60d7a0 .event anyedge, v00000234de63c380_0, v00000234de63c7e0_0;
v00000234de63c560_7 .array/port v00000234de63c560, 7;
v00000234de63c560_6 .array/port v00000234de63c560, 6;
v00000234de63c560_5 .array/port v00000234de63c560, 5;
v00000234de63c560_4 .array/port v00000234de63c560, 4;
E_00000234de60d5a0/0 .event anyedge, v00000234de63c560_7, v00000234de63c560_6, v00000234de63c560_5, v00000234de63c560_4;
v00000234de63c560_3 .array/port v00000234de63c560, 3;
v00000234de63c560_2 .array/port v00000234de63c560, 2;
v00000234de63c560_1 .array/port v00000234de63c560, 1;
v00000234de63c560_0 .array/port v00000234de63c560, 0;
E_00000234de60d5a0/1 .event anyedge, v00000234de63c560_3, v00000234de63c560_2, v00000234de63c560_1, v00000234de63c560_0;
E_00000234de60d5a0 .event/or E_00000234de60d5a0/0, E_00000234de60d5a0/1;
S_00000234de5d6170 .scope module, "mytwo" "twosComplement" 2 188, 2 341 0, S_00000234de5f1650;
 .timescale 0 0;
    .port_info 0 /INPUT 8 "NUMBER";
    .port_info 1 /OUTPUT 8 "OUT";
v00000234de63c920_0 .net "NUMBER", 7 0, v00000234de63bc00_0;  alias, 1 drivers
v00000234de63cc40_0 .var "OUT", 7 0;
v00000234de63c600_0 .var/i "i", 31 0;
E_00000234de60d7e0 .event anyedge, v00000234de5fd0c0_0;
S_00000234de5d6300 .scope module, "memory_" "data_memory" 2 59, 6 12 0, S_00000234de625710;
 .timescale 0 0;
    .port_info 0 /INPUT 1 "clock";
    .port_info 1 /INPUT 1 "reset";
    .port_info 2 /INPUT 1 "read";
    .port_info 3 /INPUT 1 "write";
    .port_info 4 /INPUT 6 "address";
    .port_info 5 /INPUT 32 "writedata";
    .port_info 6 /OUTPUT 32 "readdata";
    .port_info 7 /OUTPUT 1 "busywait";
v00000234de6cf320_0 .var *"_ivl_10", 7 0; Local signal
v00000234de6cf500_0 .var *"_ivl_3", 7 0; Local signal
v00000234de6cf780_0 .var *"_ivl_4", 7 0; Local signal
v00000234de6ce2e0_0 .var *"_ivl_5", 7 0; Local signal
v00000234de6ce380_0 .var *"_ivl_6", 7 0; Local signal
v00000234de6cf5a0_0 .var *"_ivl_7", 7 0; Local signal
v00000234de6ce420_0 .var *"_ivl_8", 7 0; Local signal
v00000234de6ce7e0_0 .var *"_ivl_9", 7 0; Local signal
v00000234de6cf8c0_0 .net "address", 5 0, v00000234de612890_0;  alias, 1 drivers
v00000234de6cff00_0 .var "busywait", 0 0;
v00000234de6cf3c0_0 .net "clock", 0 0, v00000234de6ce4c0_0;  alias, 1 drivers
v00000234de6ce6a0_0 .var/i "i", 31 0;
v00000234de6cf820 .array "memory_array", 0 255, 7 0;
v00000234de6ce880_0 .net "read", 0 0, v00000234de613330_0;  alias, 1 drivers
v00000234de6ce100_0 .var "readaccess", 0 0;
v00000234de6cf1e0_0 .var "readdata", 31 0;
v00000234de6cf960_0 .net "reset", 0 0, v00000234de6cfdc0_0;  alias, 1 drivers
v00000234de6cfa00_0 .net "write", 0 0, v00000234de612c50_0;  alias, 1 drivers
v00000234de6cf6e0_0 .var "writeaccess", 0 0;
v00000234de6cf140_0 .net "writedata", 31 0, v00000234de612570_0;  alias, 1 drivers
E_00000234de60dba0 .event anyedge, v00000234de612c50_0, v00000234de613330_0;
    .scope S_00000234de5c1590;
T_0 ;
    %wait E_00000234de60d5a0;
    %delay 2, 0;
    %load/vec4 v00000234de63c7e0_0;
    %pad/u 5;
    %ix/vec4 4;
    %load/vec4a v00000234de63c560, 4;
    %assign/vec4 v00000234de63da00_0, 0;
    %load/vec4 v00000234de63c380_0;
    %pad/u 5;
    %ix/vec4 4;
    %load/vec4a v00000234de63c560, 4;
    %assign/vec4 v00000234de63bc00_0, 0;
    %jmp T_0;
    .thread T_0, $push;
    .scope S_00000234de5c1590;
T_1 ;
    %wait E_00000234de60d7a0;
    %load/vec4 v00000234de63c880_0;
    %nor/r;
    %flag_set/vec4 8;
    %jmp/0xz  T_1.0, 8;
    %delay 2, 0;
    %load/vec4 v00000234de63c7e0_0;
    %pad/u 5;
    %ix/vec4 4;
    %load/vec4a v00000234de63c560, 4;
    %assign/vec4 v00000234de63da00_0, 0;
    %load/vec4 v00000234de63c380_0;
    %pad/u 5;
    %ix/vec4 4;
    %load/vec4a v00000234de63c560, 4;
    %assign/vec4 v00000234de63bc00_0, 0;
T_1.0 ;
    %jmp T_1;
    .thread T_1, $push;
    .scope S_00000234de5c1590;
T_2 ;
    %wait E_00000234de60dca0;
    %delay 1, 0;
    %load/vec4 v00000234de63bd40_0;
    %flag_set/vec4 8;
    %jmp/0xz  T_2.0, 8;
    %load/vec4 v00000234de63c6a0_0;
    %load/vec4 v00000234de63cb00_0;
    %pad/u 5;
    %ix/vec4 4;
    %store/vec4a v00000234de63c560, 4, 0;
T_2.0 ;
    %jmp T_2;
    .thread T_2;
    .scope S_00000234de5c1590;
T_3 ;
    %wait E_00000234de60d620;
    %load/vec4 v00000234de63c880_0;
    %flag_set/vec4 8;
    %jmp/0xz  T_3.0, 8;
    %delay 1, 0;
    %pushi/vec4 0, 0, 32;
    %store/vec4 v00000234de63d000_0, 0, 32;
T_3.2 ;
    %load/vec4 v00000234de63d000_0;
    %cmpi/s 8, 0, 32;
    %jmp/0xz T_3.3, 5;
    %pushi/vec4 0, 0, 8;
    %ix/getv/s 3, v00000234de63d000_0;
    %ix/load 4, 0, 0; Constant delay
    %assign/vec4/a/d v00000234de63c560, 0, 4;
    %load/vec4 v00000234de63d000_0;
    %addi 1, 0, 32;
    %store/vec4 v00000234de63d000_0, 0, 32;
    %jmp T_3.2;
T_3.3 ;
T_3.0 ;
    %jmp T_3;
    .thread T_3, $push;
    .scope S_00000234de5e5a90;
T_4 ;
    %wait E_00000234de60de60;
    %load/vec4 v00000234de63d460_0;
    %pad/u 32;
    %store/vec4 v00000234de63d320_0, 0, 32;
    %jmp T_4;
    .thread T_4, $push;
    .scope S_00000234de5e5a90;
T_5 ;
    %wait E_00000234de60d4a0;
    %load/vec4 v00000234de63c240_0;
    %dup/vec4;
    %pushi/vec4 1, 0, 3;
    %cmp/u;
    %jmp/1 T_5.0, 6;
    %dup/vec4;
    %pushi/vec4 0, 0, 3;
    %cmp/u;
    %jmp/1 T_5.1, 6;
    %dup/vec4;
    %pushi/vec4 2, 0, 3;
    %cmp/u;
    %jmp/1 T_5.2, 6;
    %dup/vec4;
    %pushi/vec4 3, 0, 3;
    %cmp/u;
    %jmp/1 T_5.3, 6;
    %dup/vec4;
    %pushi/vec4 5, 0, 3;
    %cmp/u;
    %jmp/1 T_5.4, 6;
    %dup/vec4;
    %pushi/vec4 6, 0, 3;
    %cmp/u;
    %jmp/1 T_5.5, 6;
    %dup/vec4;
    %pushi/vec4 7, 0, 3;
    %cmp/u;
    %jmp/1 T_5.6, 6;
    %pushi/vec4 0, 0, 1;
    %store/vec4 v00000234de63d3c0_0, 0, 1;
    %jmp T_5.8;
T_5.0 ;
    %delay 2, 0;
    %load/vec4 v00000234de5fd340_0;
    %load/vec4 v00000234de63d460_0;
    %add;
    %store/vec4 v00000234de63daa0_0, 0, 8;
    %pushi/vec4 0, 0, 1;
    %store/vec4 v00000234de63d3c0_0, 0, 1;
    %jmp T_5.8;
T_5.1 ;
    %delay 1, 0;
    %load/vec4 v00000234de63d460_0;
    %store/vec4 v00000234de63daa0_0, 0, 8;
    %pushi/vec4 0, 0, 1;
    %store/vec4 v00000234de63d3c0_0, 0, 1;
    %jmp T_5.8;
T_5.2 ;
    %delay 1, 0;
    %load/vec4 v00000234de5fd340_0;
    %load/vec4 v00000234de63d460_0;
    %and;
    %store/vec4 v00000234de63daa0_0, 0, 8;
    %pushi/vec4 0, 0, 1;
    %store/vec4 v00000234de63d3c0_0, 0, 1;
    %jmp T_5.8;
T_5.3 ;
    %delay 1, 0;
    %load/vec4 v00000234de5fd340_0;
    %load/vec4 v00000234de63d460_0;
    %or;
    %store/vec4 v00000234de63daa0_0, 0, 8;
    %pushi/vec4 0, 0, 1;
    %store/vec4 v00000234de63d3c0_0, 0, 1;
    %jmp T_5.8;
T_5.4 ;
    %delay 2, 0;
    %load/vec4 v00000234de5fd340_0;
    %load/vec4 v00000234de63d460_0;
    %add;
    %store/vec4 v00000234de63daa0_0, 0, 8;
    %load/vec4 v00000234de63daa0_0;
    %parti/s 1, 0, 2;
    %load/vec4 v00000234de63daa0_0;
    %parti/s 1, 1, 2;
    %or;
    %load/vec4 v00000234de63daa0_0;
    %parti/s 1, 2, 3;
    %or;
    %load/vec4 v00000234de63daa0_0;
    %parti/s 1, 3, 3;
    %or;
    %load/vec4 v00000234de63daa0_0;
    %parti/s 1, 4, 4;
    %or;
    %load/vec4 v00000234de63daa0_0;
    %parti/s 1, 5, 4;
    %or;
    %load/vec4 v00000234de63daa0_0;
    %parti/s 1, 6, 4;
    %or;
    %load/vec4 v00000234de63daa0_0;
    %parti/s 1, 7, 4;
    %or;
    %inv;
    %flag_set/vec4 8;
    %jmp/0xz  T_5.9, 8;
    %pushi/vec4 1, 0, 1;
    %store/vec4 v00000234de63d3c0_0, 0, 1;
    %jmp T_5.10;
T_5.9 ;
    %pushi/vec4 0, 0, 1;
    %store/vec4 v00000234de63d3c0_0, 0, 1;
T_5.10 ;
    %jmp T_5.8;
T_5.5 ;
    %delay 1, 0;
    %load/vec4 v00000234de63d320_0;
    %cmpi/s 7, 0, 32;
    %flag_or 5, 4; GT is !LE
    %flag_inv 5;
    %jmp/0xz  T_5.11, 5;
    %pushi/vec4 0, 0, 8;
    %store/vec4 v00000234de63daa0_0, 0, 8;
    %jmp T_5.12;
T_5.11 ;
    %pushi/vec4 0, 0, 32;
    %store/vec4 v00000234de63d500_0, 0, 32;
T_5.13 ;
    %load/vec4 v00000234de63d500_0;
    %pushi/vec4 8, 0, 32;
    %load/vec4 v00000234de63d320_0;
    %sub;
    %cmp/s;
    %jmp/0xz T_5.14, 5;
    %load/vec4 v00000234de5fd340_0;
    %load/vec4 v00000234de63d500_0;
    %part/s 1;
    %load/vec4 v00000234de63d500_0;
    %load/vec4 v00000234de63d320_0;
    %add;
    %ix/vec4/s 4;
    %store/vec4 v00000234de63daa0_0, 4, 1;
    %load/vec4 v00000234de63d500_0;
    %addi 1, 0, 32;
    %store/vec4 v00000234de63d500_0, 0, 32;
    %jmp T_5.13;
T_5.14 ;
    %pushi/vec4 0, 0, 32;
    %store/vec4 v00000234de63d500_0, 0, 32;
T_5.15 ;
    %load/vec4 v00000234de63d500_0;
    %load/vec4 v00000234de63d320_0;
    %cmp/s;
    %jmp/0xz T_5.16, 5;
    %pushi/vec4 0, 0, 1;
    %ix/getv/s 4, v00000234de63d500_0;
    %store/vec4 v00000234de63daa0_0, 4, 1;
    %load/vec4 v00000234de63d500_0;
    %addi 1, 0, 32;
    %store/vec4 v00000234de63d500_0, 0, 32;
    %jmp T_5.15;
T_5.16 ;
T_5.12 ;
    %pushi/vec4 0, 0, 1;
    %store/vec4 v00000234de63d3c0_0, 0, 1;
    %jmp T_5.8;
T_5.6 ;
    %delay 1, 0;
    %load/vec4 v00000234de63d320_0;
    %cmpi/s 7, 0, 32;
    %flag_or 5, 4; GT is !LE
    %flag_inv 5;
    %jmp/0xz  T_5.17, 5;
    %pushi/vec4 0, 0, 8;
    %store/vec4 v00000234de63daa0_0, 0, 8;
    %jmp T_5.18;
T_5.17 ;
    %pushi/vec4 7, 0, 32;
    %store/vec4 v00000234de63d500_0, 0, 32;
T_5.19 ;
    %load/vec4 v00000234de63d320_0;
    %load/vec4 v00000234de63d500_0;
    %cmp/s;
    %flag_or 5, 4;
    %jmp/0xz T_5.20, 5;
    %load/vec4 v00000234de5fd340_0;
    %load/vec4 v00000234de63d500_0;
    %part/s 1;
    %load/vec4 v00000234de63d500_0;
    %load/vec4 v00000234de63d320_0;
    %sub;
    %ix/vec4/s 4;
    %store/vec4 v00000234de63daa0_0, 4, 1;
    %load/vec4 v00000234de63d500_0;
    %subi 1, 0, 32;
    %store/vec4 v00000234de63d500_0, 0, 32;
    %jmp T_5.19;
T_5.20 ;
    %pushi/vec4 7, 0, 32;
    %store/vec4 v00000234de63d500_0, 0, 32;
T_5.21 ;
    %pushi/vec4 7, 0, 32;
    %load/vec4 v00000234de63d320_0;
    %sub;
    %load/vec4 v00000234de63d500_0;
    %cmp/s;
    %jmp/0xz T_5.22, 5;
    %pushi/vec4 0, 0, 1;
    %ix/getv/s 4, v00000234de63d500_0;
    %store/vec4 v00000234de63daa0_0, 4, 1;
    %load/vec4 v00000234de63d500_0;
    %subi 1, 0, 32;
    %store/vec4 v00000234de63d500_0, 0, 32;
    %jmp T_5.21;
T_5.22 ;
T_5.18 ;
    %pushi/vec4 0, 0, 1;
    %store/vec4 v00000234de63d3c0_0, 0, 1;
    %jmp T_5.8;
T_5.8 ;
    %pop/vec4 1;
    %jmp T_5;
    .thread T_5, $push;
    .scope S_00000234de5d6170;
T_6 ;
    %wait E_00000234de60d7e0;
    %delay 1, 0;
    %pushi/vec4 0, 0, 32;
    %store/vec4 v00000234de63c600_0, 0, 32;
T_6.0 ;
    %load/vec4 v00000234de63c600_0;
    %cmpi/s 8, 0, 32;
    %jmp/0xz T_6.1, 5;
    %load/vec4 v00000234de63c920_0;
    %load/vec4 v00000234de63c600_0;
    %part/s 1;
    %pad/u 32;
    %cmpi/e 1, 0, 32;
    %flag_mov 8, 4;
    %jmp/0 T_6.2, 8;
    %pushi/vec4 0, 0, 2;
    %jmp/1 T_6.3, 8;
T_6.2 ; End of true expr.
    %pushi/vec4 1, 0, 2;
    %jmp/0 T_6.3, 8;
 ; End of false expr.
    %blend;
T_6.3;
    %pad/s 1;
    %ix/getv/s 4, v00000234de63c600_0;
    %store/vec4 v00000234de63cc40_0, 4, 1;
    %load/vec4 v00000234de63c600_0;
    %addi 1, 0, 32;
    %store/vec4 v00000234de63c600_0, 0, 32;
    %jmp T_6.0;
T_6.1 ;
    %load/vec4 v00000234de63cc40_0;
    %addi 1, 0, 8;
    %store/vec4 v00000234de63cc40_0, 0, 8;
    %jmp T_6;
    .thread T_6, $push;
    .scope S_00000234de5c1400;
T_7 ;
    %wait E_00000234de60dce0;
    %delay 1, 0;
    %load/vec4 v00000234de63c420_0;
    %addi 4, 0, 32;
    %store/vec4 v00000234de63bca0_0, 0, 32;
    %jmp T_7;
    .thread T_7, $push;
    .scope S_00000234de5c1400;
T_8 ;
    %wait E_00000234de60d620;
    %load/vec4 v00000234de63cf60_0;
    %flag_set/vec4 8;
    %jmp/0xz  T_8.0, 8;
    %pushi/vec4 4294967292, 0, 32;
    %store/vec4 v00000234de63bca0_0, 0, 32;
T_8.0 ;
    %jmp T_8;
    .thread T_8, $push;
    .scope S_00000234de5902c0;
T_9 ;
    %wait E_00000234de60dc60;
    %load/vec4 v00000234de612e30_0;
    %dup/vec4;
    %pushi/vec4 0, 0, 3;
    %cmp/u;
    %jmp/1 T_9.0, 6;
    %dup/vec4;
    %pushi/vec4 1, 0, 3;
    %cmp/u;
    %jmp/1 T_9.1, 6;
    %dup/vec4;
    %pushi/vec4 2, 0, 3;
    %cmp/u;
    %jmp/1 T_9.2, 6;
    %dup/vec4;
    %pushi/vec4 3, 0, 3;
    %cmp/u;
    %jmp/1 T_9.3, 6;
    %dup/vec4;
    %pushi/vec4 5, 0, 3;
    %cmp/u;
    %jmp/1 T_9.4, 6;
    %dup/vec4;
    %pushi/vec4 6, 0, 3;
    %cmp/u;
    %jmp/1 T_9.5, 6;
    %dup/vec4;
    %pushi/vec4 7, 0, 3;
    %cmp/u;
    %jmp/1 T_9.6, 6;
    %jmp T_9.7;
T_9.0 ;
    %load/vec4 v00000234de613470_0;
    %parti/s 4, 3, 3;
    %cmpi/e 0, 0, 4;
    %jmp/1 T_9.11, 4;
    %flag_mov 8, 4;
    %load/vec4 v00000234de613470_0;
    %parti/s 4, 3, 3;
    %cmpi/e 13, 0, 4;
    %flag_or 4, 8;
T_9.11;
    %jmp/1 T_9.10, 4;
    %flag_mov 8, 4;
    %load/vec4 v00000234de613470_0;
    %parti/s 4, 3, 3;
    %cmpi/e 15, 0, 4;
    %flag_or 4, 8;
T_9.10;
    %jmp/0xz  T_9.8, 4;
    %load/vec4 v00000234de6133d0_0;
    %assign/vec4 v00000234de613010_0, 0;
    %jmp T_9.9;
T_9.8 ;
    %load/vec4 v00000234de5fd0c0_0;
    %assign/vec4 v00000234de613010_0, 0;
T_9.9 ;
    %jmp T_9.7;
T_9.1 ;
    %load/vec4 v00000234de613470_0;
    %parti/s 4, 3, 3;
    %cmpi/e 3, 0, 4;
    %flag_mov 8, 4;
    %jmp/0 T_9.12, 8;
    %load/vec4 v00000234de5fce40_0;
    %jmp/1 T_9.13, 8;
T_9.12 ; End of true expr.
    %load/vec4 v00000234de5fd0c0_0;
    %jmp/0 T_9.13, 8;
 ; End of false expr.
    %blend;
T_9.13;
    %assign/vec4 v00000234de613010_0, 0;
    %jmp T_9.7;
T_9.2 ;
    %load/vec4 v00000234de5fd0c0_0;
    %assign/vec4 v00000234de613010_0, 0;
    %jmp T_9.7;
T_9.3 ;
    %load/vec4 v00000234de5fd0c0_0;
    %assign/vec4 v00000234de613010_0, 0;
    %jmp T_9.7;
T_9.4 ;
    %load/vec4 v00000234de5fce40_0;
    %assign/vec4 v00000234de613010_0, 0;
    %jmp T_9.7;
T_9.5 ;
    %load/vec4 v00000234de6133d0_0;
    %assign/vec4 v00000234de613010_0, 0;
    %jmp T_9.7;
T_9.6 ;
    %load/vec4 v00000234de6133d0_0;
    %assign/vec4 v00000234de613010_0, 0;
    %jmp T_9.7;
T_9.7 ;
    %pop/vec4 1;
    %jmp T_9;
    .thread T_9, $push;
    .scope S_00000234de5e5c20;
T_10 ;
    %wait E_00000234de60da60;
    %delay 2, 0;
    %load/vec4 v00000234de63c100_0;
    %addi 4, 0, 32;
    %load/vec4 v00000234de63cec0_0;
    %parti/s 1, 7, 4;
    %replicate 24;
    %load/vec4 v00000234de63cec0_0;
    %ix/load 4, 2, 0;
    %flag_set/imm 4, 0;
    %shiftl 4;
    %concat/vec4; draw_concat_vec4
    %add;
    %store/vec4 v00000234de63c060_0, 0, 32;
    %jmp T_10;
    .thread T_10, $push;
    .scope S_00000234de590130;
T_11 ;
    %wait E_00000234de60d220;
    %load/vec4 v00000234de614050_0;
    %parti/s 4, 3, 3;
    %cmpi/e 12, 0, 4;
    %jmp/1 T_11.2, 4;
    %flag_mov 8, 4;
    %load/vec4 v00000234de614050_0;
    %parti/s 4, 3, 3;
    %cmpi/e 13, 0, 4;
    %flag_or 4, 8;
T_11.2;
    %jmp/0xz  T_11.0, 4;
    %load/vec4 v00000234de613e70_0;
    %store/vec4 v00000234de6140f0_0, 0, 8;
    %jmp T_11.1;
T_11.0 ;
    %load/vec4 v00000234de613dd0_0;
    %store/vec4 v00000234de6140f0_0, 0, 8;
T_11.1 ;
    %jmp T_11;
    .thread T_11, $push;
    .scope S_00000234de5f1650;
T_12 ;
    %wait E_00000234de60d3a0;
    %load/vec4 v00000234de63c9c0_0;
    %parti/s 8, 16, 6;
    %assign/vec4 v00000234de63be80_0, 0;
    %load/vec4 v00000234de63c9c0_0;
    %parti/s 8, 8, 5;
    %assign/vec4 v00000234de6cfbe0_0, 0;
    %load/vec4 v00000234de63c9c0_0;
    %parti/s 8, 0, 2;
    %assign/vec4 v00000234de6cfb40_0, 0;
    %load/vec4 v00000234de63c9c0_0;
    %parti/s 8, 0, 2;
    %assign/vec4 v00000234de63d1e0_0, 0;
    %delay 1, 0;
    %load/vec4 v00000234de63c9c0_0;
    %parti/s 1, 31, 6;
    %assign/vec4 v00000234de6cf460_0, 0;
    %load/vec4 v00000234de63c9c0_0;
    %parti/s 8, 24, 6;
    %assign/vec4 v00000234de63d5a0_0, 0;
    %load/vec4 v00000234de63c9c0_0;
    %parti/s 3, 24, 6;
    %assign/vec4 v00000234de63d0a0_0, 0;
    %jmp T_12;
    .thread T_12, $push;
    .scope S_00000234de5f1650;
T_13 ;
    %wait E_00000234de60d1e0;
    %load/vec4 v00000234de63c740_0;
    %inv;
    %load/vec4 v00000234de63c9c0_0;
    %parti/s 1, 31, 6;
    %and;
    %store/vec4 v00000234de6cf460_0, 0, 1;
    %jmp T_13;
    .thread T_13, $push;
    .scope S_00000234de5f1650;
T_14 ;
    %wait E_00000234de60d3a0;
    %delay 1, 0;
    %pushi/vec4 0, 0, 1;
    %store/vec4 v00000234de63cba0_0, 0, 1;
    %pushi/vec4 0, 0, 1;
    %store/vec4 v00000234de63cd80_0, 0, 1;
    %load/vec4 v00000234de63c9c0_0;
    %parti/s 8, 24, 6;
    %cmpi/e 224, 0, 8;
    %jmp/1 T_14.2, 4;
    %flag_mov 8, 4;
    %load/vec4 v00000234de63c9c0_0;
    %parti/s 8, 24, 6;
    %cmpi/e 232, 0, 8;
    %flag_or 4, 8;
T_14.2;
    %jmp/0xz  T_14.0, 4;
    %delay 2, 0;
    %pushi/vec4 1, 0, 1;
    %store/vec4 v00000234de63cba0_0, 0, 1;
    %pushi/vec4 0, 0, 1;
    %store/vec4 v00000234de63cd80_0, 0, 1;
    %jmp T_14.1;
T_14.0 ;
    %load/vec4 v00000234de63c9c0_0;
    %parti/s 8, 24, 6;
    %cmpi/e 112, 0, 8;
    %jmp/1 T_14.5, 4;
    %flag_mov 8, 4;
    %load/vec4 v00000234de63c9c0_0;
    %parti/s 8, 24, 6;
    %cmpi/e 120, 0, 8;
    %flag_or 4, 8;
T_14.5;
    %jmp/0xz  T_14.3, 4;
    %delay 2, 0;
    %pushi/vec4 1, 0, 1;
    %store/vec4 v00000234de63cd80_0, 0, 1;
    %pushi/vec4 0, 0, 1;
    %store/vec4 v00000234de63cba0_0, 0, 1;
    %jmp T_14.4;
T_14.3 ;
    %pushi/vec4 0, 0, 1;
    %store/vec4 v00000234de63cd80_0, 0, 1;
    %pushi/vec4 0, 0, 1;
    %store/vec4 v00000234de63cba0_0, 0, 1;
T_14.4 ;
T_14.1 ;
    %jmp T_14;
    .thread T_14, $push;
    .scope S_00000234de5f1650;
T_15 ;
    %wait E_00000234de60dae0;
    %load/vec4 v00000234de63bde0_0;
    %assign/vec4 v00000234de63ce20_0, 0;
    %jmp T_15;
    .thread T_15, $push;
    .scope S_00000234de5f1650;
T_16 ;
    %wait E_00000234de60d320;
    %load/vec4 v00000234de63d820_0;
    %assign/vec4 v00000234de63d140_0, 0;
    %load/vec4 v00000234de63d820_0;
    %assign/vec4 v00000234de63d6e0_0, 0;
    %jmp T_16;
    .thread T_16, $push;
    .scope S_00000234de5f1650;
T_17 ;
    %wait E_00000234de60d860;
    %load/vec4 v00000234de6cf640_0;
    %assign/vec4 v00000234de63d960_0, 0;
    %jmp T_17;
    .thread T_17, $push;
    .scope S_00000234de5f1650;
T_18 ;
    %wait E_00000234de60dca0;
    %delay 1, 0;
    %load/vec4 v00000234de63cce0_0;
    %nor/r;
    %flag_set/vec4 9;
    %flag_get/vec4 9;
    %jmp/0 T_18.2, 9;
    %load/vec4 v00000234de63c740_0;
    %nor/r;
    %and;
T_18.2;
    %flag_set/vec4 8;
    %jmp/0xz  T_18.0, 8;
    %load/vec4 v00000234de63d5a0_0;
    %cmpi/e 12, 0, 8;
    %jmp/0xz  T_18.3, 4;
    %load/vec4 v00000234de63d780_0;
    %store/vec4 v00000234de63ca60_0, 0, 32;
    %jmp T_18.4;
T_18.3 ;
    %load/vec4 v00000234de63d5a0_0;
    %cmpi/e 5, 0, 8;
    %jmp/0xz  T_18.5, 4;
    %load/vec4 v00000234de6cfc80_0;
    %cmpi/e 1, 0, 1;
    %jmp/0xz  T_18.7, 4;
    %load/vec4 v00000234de63d780_0;
    %store/vec4 v00000234de63ca60_0, 0, 32;
    %jmp T_18.8;
T_18.7 ;
    %load/vec4 v00000234de63d640_0;
    %store/vec4 v00000234de63ca60_0, 0, 32;
T_18.8 ;
    %jmp T_18.6;
T_18.5 ;
    %load/vec4 v00000234de63d5a0_0;
    %cmpi/e 29, 0, 8;
    %jmp/0xz  T_18.9, 4;
    %load/vec4 v00000234de6cfc80_0;
    %cmpi/e 0, 0, 1;
    %jmp/0xz  T_18.11, 4;
    %load/vec4 v00000234de63d780_0;
    %store/vec4 v00000234de63ca60_0, 0, 32;
    %jmp T_18.12;
T_18.11 ;
    %load/vec4 v00000234de63d640_0;
    %store/vec4 v00000234de63ca60_0, 0, 32;
T_18.12 ;
    %jmp T_18.10;
T_18.9 ;
    %load/vec4 v00000234de63d640_0;
    %store/vec4 v00000234de63ca60_0, 0, 32;
T_18.10 ;
T_18.6 ;
T_18.4 ;
T_18.0 ;
    %jmp T_18;
    .thread T_18;
    .scope S_00000234de5f1650;
T_19 ;
    %wait E_00000234de60d620;
    %load/vec4 v00000234de63cce0_0;
    %flag_set/vec4 8;
    %jmp/0xz  T_19.0, 8;
    %delay 1, 0;
    %load/vec4 v00000234de63d640_0;
    %store/vec4 v00000234de63ca60_0, 0, 32;
T_19.0 ;
    %jmp T_19;
    .thread T_19, $push;
    .scope S_00000234de5f13d0;
T_20 ;
    %wait E_00000234de60d460;
    %load/vec4 v00000234de613970_0;
    %parti/s 3, 5, 4;
    %store/vec4 v00000234de6124d0_0, 0, 3;
    %load/vec4 v00000234de613970_0;
    %parti/s 3, 2, 3;
    %store/vec4 v00000234de6126b0_0, 0, 3;
    %load/vec4 v00000234de613970_0;
    %parti/s 2, 0, 2;
    %store/vec4 v00000234de613a10_0, 0, 2;
    %jmp T_20;
    .thread T_20, $push;
    .scope S_00000234de5f13d0;
T_21 ;
    %wait E_00000234de60daa0;
    %load/vec4 v00000234de6142d0_0;
    %flag_set/vec4 8;
    %jmp/1 T_21.2, 8;
    %load/vec4 v00000234de613fb0_0;
    %flag_set/vec4 9;
    %flag_or 8, 9;
T_21.2;
    %jmp/0 T_21.0, 8;
    %pushi/vec4 1, 0, 2;
    %jmp/1 T_21.1, 8;
T_21.0 ; End of true expr.
    %pushi/vec4 0, 0, 2;
    %jmp/0 T_21.1, 8;
 ; End of false expr.
    %blend;
T_21.1;
    %pad/s 1;
    %store/vec4 v00000234de6130b0_0, 0, 1;
    %load/vec4 v00000234de6142d0_0;
    %flag_set/vec4 9;
    %flag_get/vec4 9;
    %jmp/0 T_21.5, 9;
    %load/vec4 v00000234de613fb0_0;
    %nor/r;
    %and;
T_21.5;
    %flag_set/vec4 8;
    %jmp/0 T_21.3, 8;
    %pushi/vec4 1, 0, 2;
    %jmp/1 T_21.4, 8;
T_21.3 ; End of true expr.
    %pushi/vec4 0, 0, 2;
    %jmp/0 T_21.4, 8;
 ; End of false expr.
    %blend;
T_21.4;
    %pad/s 1;
    %store/vec4 v00000234de612f70_0, 0, 1;
    %load/vec4 v00000234de6142d0_0;
    %nor/r;
    %flag_set/vec4 9;
    %flag_get/vec4 9;
    %jmp/0 T_21.8, 9;
    %load/vec4 v00000234de613fb0_0;
    %and;
T_21.8;
    %flag_set/vec4 8;
    %jmp/0 T_21.6, 8;
    %pushi/vec4 1, 0, 2;
    %jmp/1 T_21.7, 8;
T_21.6 ; End of true expr.
    %pushi/vec4 0, 0, 2;
    %jmp/0 T_21.7, 8;
 ; End of false expr.
    %blend;
T_21.7;
    %pad/s 1;
    %store/vec4 v00000234de613d30_0, 0, 1;
    %jmp T_21;
    .thread T_21, $push;
    .scope S_00000234de5f13d0;
T_22 ;
    %wait E_00000234de60d060;
    %load/vec4 v00000234de612f70_0;
    %flag_set/vec4 8;
    %jmp/0xz  T_22.0, 8;
    %delay 1, 0;
    %load/vec4 v00000234de612750_0;
    %load/vec4 v00000234de6126b0_0;
    %part/u 1;
    %flag_set/vec4 9;
    %flag_get/vec4 9;
    %jmp/0 T_22.4, 9;
    %load/vec4 v00000234de6126b0_0;
    %pad/u 5;
    %ix/vec4 4;
    %load/vec4a v00000234de613b50, 4;
    %load/vec4 v00000234de6124d0_0;
    %cmp/e;
    %flag_get/vec4 4;
    %and;
T_22.4;
    %flag_set/vec4 8;
    %jmp/0xz  T_22.2, 8;
    %pushi/vec4 1, 0, 1;
    %store/vec4 v00000234de613ab0_0, 0, 1;
    %jmp T_22.3;
T_22.2 ;
    %pushi/vec4 0, 0, 1;
    %store/vec4 v00000234de613ab0_0, 0, 1;
T_22.3 ;
    %jmp T_22.1;
T_22.0 ;
    %pushi/vec4 0, 0, 1;
    %store/vec4 v00000234de613ab0_0, 0, 1;
T_22.1 ;
    %jmp T_22;
    .thread T_22, $push;
    .scope S_00000234de5f13d0;
T_23 ;
    %wait E_00000234de60d760;
    %load/vec4 v00000234de613d30_0;
    %flag_set/vec4 8;
    %jmp/0xz  T_23.0, 8;
    %delay 1, 0;
    %load/vec4 v00000234de612750_0;
    %load/vec4 v00000234de6126b0_0;
    %part/u 1;
    %nor/r;
    %flag_set/vec4 8;
    %jmp/0xz  T_23.2, 8;
    %pushi/vec4 1, 0, 1;
    %store/vec4 v00000234de613bf0_0, 0, 1;
    %jmp T_23.3;
T_23.2 ;
    %load/vec4 v00000234de6126b0_0;
    %pad/u 5;
    %ix/vec4 4;
    %load/vec4a v00000234de613b50, 4;
    %load/vec4 v00000234de6124d0_0;
    %cmp/e;
    %flag_get/vec4 4;
    %jmp/0 T_23.6, 4;
    %load/vec4 v00000234de612750_0;
    %load/vec4 v00000234de6126b0_0;
    %part/u 1;
    %and;
T_23.6;
    %flag_set/vec4 8;
    %jmp/0xz  T_23.4, 8;
    %pushi/vec4 1, 0, 1;
    %store/vec4 v00000234de613bf0_0, 0, 1;
    %jmp T_23.5;
T_23.4 ;
    %pushi/vec4 0, 0, 1;
    %store/vec4 v00000234de613bf0_0, 0, 1;
T_23.5 ;
T_23.3 ;
    %jmp T_23.1;
T_23.0 ;
    %pushi/vec4 0, 0, 1;
    %store/vec4 v00000234de613bf0_0, 0, 1;
T_23.1 ;
    %jmp T_23;
    .thread T_23, $push;
    .scope S_00000234de5f13d0;
T_24 ;
    %wait E_00000234de60d160;
    %delay 1, 0;
    %load/vec4 v00000234de612f70_0;
    %flag_set/vec4 8;
    %jmp/0xz  T_24.0, 8;
    %load/vec4 v00000234de613ab0_0;
    %flag_set/vec4 8;
    %jmp/0xz  T_24.2, 8;
    %load/vec4 v00000234de613a10_0;
    %dup/vec4;
    %pushi/vec4 0, 0, 2;
    %cmp/u;
    %jmp/1 T_24.4, 6;
    %dup/vec4;
    %pushi/vec4 1, 0, 2;
    %cmp/u;
    %jmp/1 T_24.5, 6;
    %dup/vec4;
    %pushi/vec4 2, 0, 2;
    %cmp/u;
    %jmp/1 T_24.6, 6;
    %dup/vec4;
    %pushi/vec4 3, 0, 2;
    %cmp/u;
    %jmp/1 T_24.7, 6;
    %jmp T_24.8;
T_24.4 ;
    %load/vec4 v00000234de6126b0_0;
    %pad/u 5;
    %ix/vec4 4;
    %load/vec4a v00000234de612a70, 4;
    %parti/s 8, 0, 2;
    %store/vec4 v00000234de614370_0, 0, 8;
    %jmp T_24.8;
T_24.5 ;
    %load/vec4 v00000234de6126b0_0;
    %pad/u 5;
    %ix/vec4 4;
    %load/vec4a v00000234de612a70, 4;
    %parti/s 8, 8, 5;
    %store/vec4 v00000234de614370_0, 0, 8;
    %jmp T_24.8;
T_24.6 ;
    %load/vec4 v00000234de6126b0_0;
    %pad/u 5;
    %ix/vec4 4;
    %load/vec4a v00000234de612a70, 4;
    %parti/s 8, 16, 6;
    %store/vec4 v00000234de614370_0, 0, 8;
    %jmp T_24.8;
T_24.7 ;
    %load/vec4 v00000234de6126b0_0;
    %pad/u 5;
    %ix/vec4 4;
    %load/vec4a v00000234de612a70, 4;
    %parti/s 8, 24, 6;
    %store/vec4 v00000234de614370_0, 0, 8;
    %jmp T_24.8;
T_24.8 ;
    %pop/vec4 1;
T_24.2 ;
T_24.0 ;
    %jmp T_24;
    .thread T_24, $push;
    .scope S_00000234de5f13d0;
T_25 ;
    %wait E_00000234de60d820;
    %load/vec4 v00000234de613d30_0;
    %flag_set/vec4 8;
    %jmp/0xz  T_25.0, 8;
    %delay 1, 0;
    %load/vec4 v00000234de613bf0_0;
    %flag_set/vec4 8;
    %jmp/0xz  T_25.2, 8;
    %pushi/vec4 1, 0, 1;
    %ix/getv 4, v00000234de6126b0_0;
    %store/vec4 v00000234de612750_0, 4, 1;
    %pushi/vec4 1, 0, 1;
    %ix/getv 4, v00000234de6126b0_0;
    %store/vec4 v00000234de613290_0, 4, 1;
    %load/vec4 v00000234de6124d0_0;
    %load/vec4 v00000234de6126b0_0;
    %pad/u 5;
    %ix/vec4 4;
    %store/vec4a v00000234de613b50, 4, 0;
    %load/vec4 v00000234de613a10_0;
    %dup/vec4;
    %pushi/vec4 0, 0, 2;
    %cmp/u;
    %jmp/1 T_25.4, 6;
    %dup/vec4;
    %pushi/vec4 1, 0, 2;
    %cmp/u;
    %jmp/1 T_25.5, 6;
    %dup/vec4;
    %pushi/vec4 2, 0, 2;
    %cmp/u;
    %jmp/1 T_25.6, 6;
    %dup/vec4;
    %pushi/vec4 3, 0, 2;
    %cmp/u;
    %jmp/1 T_25.7, 6;
    %jmp T_25.8;
T_25.4 ;
    %load/vec4 v00000234de6127f0_0;
    %load/vec4 v00000234de6126b0_0;
    %pad/u 5;
    %ix/vec4 4;
    %flag_mov 8, 4;
    %ix/load 5, 0, 0;
    %flag_set/imm 4, 0;
    %flag_or 4, 8;
    %store/vec4a v00000234de612a70, 4, 5;
    %jmp T_25.8;
T_25.5 ;
    %load/vec4 v00000234de6127f0_0;
    %load/vec4 v00000234de6126b0_0;
    %pad/u 5;
    %ix/vec4 4;
    %flag_mov 8, 4;
    %ix/load 5, 8, 0;
    %flag_set/imm 4, 0;
    %flag_or 4, 8;
    %store/vec4a v00000234de612a70, 4, 5;
    %jmp T_25.8;
T_25.6 ;
    %load/vec4 v00000234de6127f0_0;
    %load/vec4 v00000234de6126b0_0;
    %pad/u 5;
    %ix/vec4 4;
    %flag_mov 8, 4;
    %ix/load 5, 16, 0;
    %flag_set/imm 4, 0;
    %flag_or 4, 8;
    %store/vec4a v00000234de612a70, 4, 5;
    %jmp T_25.8;
T_25.7 ;
    %load/vec4 v00000234de6127f0_0;
    %load/vec4 v00000234de6126b0_0;
    %pad/u 5;
    %ix/vec4 4;
    %flag_mov 8, 4;
    %ix/load 5, 24, 0;
    %flag_set/imm 4, 0;
    %flag_or 4, 8;
    %store/vec4a v00000234de612a70, 4, 5;
    %jmp T_25.8;
T_25.8 ;
    %pop/vec4 1;
T_25.2 ;
T_25.0 ;
    %jmp T_25;
    .thread T_25, $push;
    .scope S_00000234de5f13d0;
T_26 ;
    %wait E_00000234de60dca0;
    %load/vec4 v00000234de613ab0_0;
    %flag_set/vec4 9;
    %jmp/1 T_26.3, 9;
    %load/vec4 v00000234de613bf0_0;
    %flag_set/vec4 10;
    %flag_or 9, 10;
T_26.3;
    %flag_get/vec4 9;
    %jmp/0 T_26.2, 9;
    %load/vec4 v00000234de612bb0_0;
    %nor/r;
    %and;
T_26.2;
    %flag_set/vec4 8;
    %jmp/0xz  T_26.0, 8;
    %pushi/vec4 0, 0, 1;
    %store/vec4 v00000234de6130b0_0, 0, 1;
T_26.0 ;
    %jmp T_26;
    .thread T_26;
    .scope S_00000234de5f13d0;
T_27 ;
    %wait E_00000234de60d020;
    %load/vec4 v00000234de613f10_0;
    %dup/vec4;
    %pushi/vec4 0, 0, 3;
    %cmp/u;
    %jmp/1 T_27.0, 6;
    %dup/vec4;
    %pushi/vec4 1, 0, 3;
    %cmp/u;
    %jmp/1 T_27.1, 6;
    %dup/vec4;
    %pushi/vec4 2, 0, 3;
    %cmp/u;
    %jmp/1 T_27.2, 6;
    %dup/vec4;
    %pushi/vec4 3, 0, 3;
    %cmp/u;
    %jmp/1 T_27.3, 6;
    %jmp T_27.4;
T_27.0 ;
    %load/vec4 v00000234de6130b0_0;
    %flag_set/vec4 13;
    %flag_get/vec4 13;
    %jmp/0 T_27.11, 13;
    %load/vec4 v00000234de612f70_0;
    %and;
T_27.11;
    %flag_set/vec4 12;
    %flag_get/vec4 12;
    %jmp/0 T_27.10, 12;
    %load/vec4 v00000234de613d30_0;
    %nor/r;
    %and;
T_27.10;
    %flag_set/vec4 11;
    %flag_get/vec4 11;
    %jmp/0 T_27.9, 11;
    %load/vec4 v00000234de612750_0;
    %load/vec4 v00000234de6126b0_0;
    %part/u 1;
    %and;
T_27.9;
    %flag_set/vec4 10;
    %flag_get/vec4 10;
    %jmp/0 T_27.8, 10;
    %load/vec4 v00000234de613ab0_0;
    %nor/r;
    %and;
T_27.8;
    %flag_set/vec4 9;
    %flag_get/vec4 9;
    %jmp/0 T_27.7, 9;
    %load/vec4 v00000234de613290_0;
    %load/vec4 v00000234de6126b0_0;
    %part/u 1;
    %nor/r;
    %and;
T_27.7;
    %flag_set/vec4 8;
    %jmp/0xz  T_27.5, 8;
    %pushi/vec4 1, 0, 3;
    %store/vec4 v00000234de612610_0, 0, 3;
    %jmp T_27.6;
T_27.5 ;
    %load/vec4 v00000234de6130b0_0;
    %flag_set/vec4 13;
    %flag_get/vec4 13;
    %jmp/0 T_27.18, 13;
    %load/vec4 v00000234de612f70_0;
    %and;
T_27.18;
    %flag_set/vec4 12;
    %flag_get/vec4 12;
    %jmp/0 T_27.17, 12;
    %load/vec4 v00000234de613d30_0;
    %nor/r;
    %and;
T_27.17;
    %flag_set/vec4 11;
    %flag_get/vec4 11;
    %jmp/0 T_27.16, 11;
    %load/vec4 v00000234de612750_0;
    %load/vec4 v00000234de6126b0_0;
    %part/u 1;
    %and;
T_27.16;
    %flag_set/vec4 10;
    %flag_get/vec4 10;
    %jmp/0 T_27.15, 10;
    %load/vec4 v00000234de613ab0_0;
    %nor/r;
    %and;
T_27.15;
    %flag_set/vec4 9;
    %flag_get/vec4 9;
    %jmp/0 T_27.14, 9;
    %load/vec4 v00000234de613290_0;
    %load/vec4 v00000234de6126b0_0;
    %part/u 1;
    %and;
T_27.14;
    %flag_set/vec4 8;
    %jmp/0xz  T_27.12, 8;
    %pushi/vec4 2, 0, 3;
    %store/vec4 v00000234de612610_0, 0, 3;
    %jmp T_27.13;
T_27.12 ;
    %load/vec4 v00000234de6130b0_0;
    %flag_set/vec4 13;
    %flag_get/vec4 13;
    %jmp/0 T_27.25, 13;
    %load/vec4 v00000234de613d30_0;
    %and;
T_27.25;
    %flag_set/vec4 12;
    %flag_get/vec4 12;
    %jmp/0 T_27.24, 12;
    %load/vec4 v00000234de612f70_0;
    %nor/r;
    %and;
T_27.24;
    %flag_set/vec4 11;
    %flag_get/vec4 11;
    %jmp/0 T_27.23, 11;
    %load/vec4 v00000234de613bf0_0;
    %nor/r;
    %and;
T_27.23;
    %flag_set/vec4 10;
    %flag_get/vec4 10;
    %jmp/0 T_27.22, 10;
    %load/vec4 v00000234de6126b0_0;
    %pad/u 5;
    %ix/vec4 4;
    %load/vec4a v00000234de613b50, 4;
    %load/vec4 v00000234de6124d0_0;
    %cmp/ne;
    %flag_get/vec4 4;
    %and;
T_27.22;
    %flag_set/vec4 9;
    %flag_get/vec4 9;
    %jmp/0 T_27.21, 9;
    %load/vec4 v00000234de613290_0;
    %load/vec4 v00000234de6126b0_0;
    %part/u 1;
    %nor/r;
    %and;
T_27.21;
    %flag_set/vec4 8;
    %jmp/0xz  T_27.19, 8;
    %pushi/vec4 1, 0, 3;
    %store/vec4 v00000234de612610_0, 0, 3;
    %jmp T_27.20;
T_27.19 ;
    %load/vec4 v00000234de6130b0_0;
    %flag_set/vec4 13;
    %flag_get/vec4 13;
    %jmp/0 T_27.32, 13;
    %load/vec4 v00000234de613d30_0;
    %and;
T_27.32;
    %flag_set/vec4 12;
    %flag_get/vec4 12;
    %jmp/0 T_27.31, 12;
    %load/vec4 v00000234de612f70_0;
    %nor/r;
    %and;
T_27.31;
    %flag_set/vec4 11;
    %flag_get/vec4 11;
    %jmp/0 T_27.30, 11;
    %load/vec4 v00000234de613bf0_0;
    %nor/r;
    %and;
T_27.30;
    %flag_set/vec4 10;
    %flag_get/vec4 10;
    %jmp/0 T_27.29, 10;
    %load/vec4 v00000234de6126b0_0;
    %pad/u 5;
    %ix/vec4 4;
    %load/vec4a v00000234de613b50, 4;
    %load/vec4 v00000234de6124d0_0;
    %cmp/ne;
    %flag_get/vec4 4;
    %and;
T_27.29;
    %flag_set/vec4 9;
    %flag_get/vec4 9;
    %jmp/0 T_27.28, 9;
    %load/vec4 v00000234de613290_0;
    %load/vec4 v00000234de6126b0_0;
    %part/u 1;
    %and;
T_27.28;
    %flag_set/vec4 8;
    %jmp/0xz  T_27.26, 8;
    %pushi/vec4 2, 0, 3;
    %store/vec4 v00000234de612610_0, 0, 3;
    %jmp T_27.27;
T_27.26 ;
    %pushi/vec4 0, 0, 3;
    %store/vec4 v00000234de612610_0, 0, 3;
T_27.27 ;
T_27.20 ;
T_27.13 ;
T_27.6 ;
    %jmp T_27.4;
T_27.1 ;
    %load/vec4 v00000234de612f70_0;
    %flag_set/vec4 8;
    %jmp/0xz  T_27.33, 8;
    %pushi/vec4 3, 0, 3;
    %store/vec4 v00000234de612610_0, 0, 3;
    %jmp T_27.34;
T_27.33 ;
    %load/vec4 v00000234de613d30_0;
    %flag_set/vec4 8;
    %jmp/0xz  T_27.35, 8;
    %pushi/vec4 3, 0, 3;
    %store/vec4 v00000234de612610_0, 0, 3;
T_27.35 ;
T_27.34 ;
    %jmp T_27.4;
T_27.2 ;
    %load/vec4 v00000234de612f70_0;
    %flag_set/vec4 12;
    %flag_get/vec4 12;
    %jmp/0 T_27.42, 12;
    %load/vec4 v00000234de613d30_0;
    %nor/r;
    %and;
T_27.42;
    %flag_set/vec4 11;
    %flag_get/vec4 11;
    %jmp/0 T_27.41, 11;
    %load/vec4 v00000234de612750_0;
    %load/vec4 v00000234de6126b0_0;
    %part/u 1;
    %and;
T_27.41;
    %flag_set/vec4 10;
    %flag_get/vec4 10;
    %jmp/0 T_27.40, 10;
    %load/vec4 v00000234de613ab0_0;
    %nor/r;
    %and;
T_27.40;
    %flag_set/vec4 9;
    %flag_get/vec4 9;
    %jmp/0 T_27.39, 9;
    %load/vec4 v00000234de613290_0;
    %load/vec4 v00000234de6126b0_0;
    %part/u 1;
    %nor/r;
    %and;
T_27.39;
    %flag_set/vec4 8;
    %jmp/0xz  T_27.37, 8;
    %pushi/vec4 1, 0, 3;
    %store/vec4 v00000234de612610_0, 0, 3;
    %jmp T_27.38;
T_27.37 ;
    %load/vec4 v00000234de613d30_0;
    %flag_set/vec4 12;
    %flag_get/vec4 12;
    %jmp/0 T_27.48, 12;
    %load/vec4 v00000234de612f70_0;
    %nor/r;
    %and;
T_27.48;
    %flag_set/vec4 11;
    %flag_get/vec4 11;
    %jmp/0 T_27.47, 11;
    %load/vec4 v00000234de613bf0_0;
    %nor/r;
    %and;
T_27.47;
    %flag_set/vec4 10;
    %flag_get/vec4 10;
    %jmp/0 T_27.46, 10;
    %load/vec4 v00000234de6126b0_0;
    %pad/u 5;
    %ix/vec4 4;
    %load/vec4a v00000234de613b50, 4;
    %load/vec4 v00000234de6124d0_0;
    %cmp/ne;
    %flag_get/vec4 4;
    %and;
T_27.46;
    %flag_set/vec4 9;
    %flag_get/vec4 9;
    %jmp/0 T_27.45, 9;
    %load/vec4 v00000234de613290_0;
    %load/vec4 v00000234de6126b0_0;
    %part/u 1;
    %nor/r;
    %and;
T_27.45;
    %flag_set/vec4 8;
    %jmp/0xz  T_27.43, 8;
    %pushi/vec4 1, 0, 3;
    %store/vec4 v00000234de612610_0, 0, 3;
T_27.43 ;
T_27.38 ;
    %jmp T_27.4;
T_27.3 ;
    %pushi/vec4 0, 0, 3;
    %store/vec4 v00000234de612610_0, 0, 3;
    %jmp T_27.4;
T_27.4 ;
    %pop/vec4 1;
    %jmp T_27;
    .thread T_27, $push;
    .scope S_00000234de5f13d0;
T_28 ;
    %wait E_00000234de60d560;
    %load/vec4 v00000234de613f10_0;
    %dup/vec4;
    %pushi/vec4 0, 0, 3;
    %cmp/u;
    %jmp/1 T_28.0, 6;
    %dup/vec4;
    %pushi/vec4 1, 0, 3;
    %cmp/u;
    %jmp/1 T_28.1, 6;
    %dup/vec4;
    %pushi/vec4 2, 0, 3;
    %cmp/u;
    %jmp/1 T_28.2, 6;
    %dup/vec4;
    %pushi/vec4 3, 0, 3;
    %cmp/u;
    %jmp/1 T_28.3, 6;
    %jmp T_28.4;
T_28.0 ;
    %pushi/vec4 0, 0, 1;
    %store/vec4 v00000234de613330_0, 0, 1;
    %pushi/vec4 0, 0, 1;
    %store/vec4 v00000234de612c50_0, 0, 1;
    %pushi/vec4 63, 63, 6;
    %store/vec4 v00000234de612890_0, 0, 6;
    %pushi/vec4 255, 255, 32;
    %store/vec4 v00000234de612570_0, 0, 32;
    %pushi/vec4 0, 0, 1;
    %store/vec4 v00000234de6130b0_0, 0, 1;
    %jmp T_28.4;
T_28.1 ;
    %pushi/vec4 1, 0, 1;
    %store/vec4 v00000234de613330_0, 0, 1;
    %pushi/vec4 0, 0, 1;
    %store/vec4 v00000234de612c50_0, 0, 1;
    %load/vec4 v00000234de6124d0_0;
    %load/vec4 v00000234de6126b0_0;
    %concat/vec4; draw_concat_vec4
    %store/vec4 v00000234de612890_0, 0, 6;
    %pushi/vec4 4294967295, 4294967295, 32;
    %store/vec4 v00000234de612570_0, 0, 32;
    %pushi/vec4 1, 0, 1;
    %store/vec4 v00000234de6130b0_0, 0, 1;
    %jmp T_28.4;
T_28.2 ;
    %pushi/vec4 0, 0, 1;
    %store/vec4 v00000234de613330_0, 0, 1;
    %pushi/vec4 1, 0, 1;
    %store/vec4 v00000234de612c50_0, 0, 1;
    %load/vec4 v00000234de6126b0_0;
    %pad/u 5;
    %ix/vec4 4;
    %load/vec4a v00000234de613b50, 4;
    %load/vec4 v00000234de6126b0_0;
    %concat/vec4; draw_concat_vec4
    %store/vec4 v00000234de612890_0, 0, 6;
    %load/vec4 v00000234de6126b0_0;
    %pad/u 5;
    %ix/vec4 4;
    %load/vec4a v00000234de612a70, 4;
    %store/vec4 v00000234de612570_0, 0, 32;
    %pushi/vec4 0, 0, 1;
    %ix/getv 4, v00000234de6126b0_0;
    %store/vec4 v00000234de613290_0, 4, 1;
    %pushi/vec4 1, 0, 1;
    %store/vec4 v00000234de6130b0_0, 0, 1;
    %jmp T_28.4;
T_28.3 ;
    %load/vec4 v00000234de613bf0_0;
    %nor/r;
    %flag_set/vec4 8;
    %jmp/0xz  T_28.5, 8;
    %delay 1, 0;
    %load/vec4 v00000234de612ed0_0;
    %load/vec4 v00000234de6126b0_0;
    %pad/u 5;
    %ix/vec4 4;
    %store/vec4a v00000234de612a70, 4, 0;
    %pushi/vec4 0, 0, 1;
    %ix/getv 4, v00000234de6126b0_0;
    %store/vec4 v00000234de613290_0, 4, 1;
    %load/vec4 v00000234de6124d0_0;
    %load/vec4 v00000234de6126b0_0;
    %pad/u 5;
    %ix/vec4 4;
    %store/vec4a v00000234de613b50, 4, 0;
    %pushi/vec4 1, 0, 1;
    %store/vec4 v00000234de6130b0_0, 0, 1;
T_28.5 ;
    %jmp T_28.4;
T_28.4 ;
    %pop/vec4 1;
    %jmp T_28;
    .thread T_28, $push;
    .scope S_00000234de5f13d0;
T_29 ;
    %wait E_00000234de60d720;
    %load/vec4 v00000234de612cf0_0;
    %flag_set/vec4 8;
    %jmp/0xz  T_29.0, 8;
    %pushi/vec4 0, 0, 3;
    %store/vec4 v00000234de613f10_0, 0, 3;
    %jmp T_29.1;
T_29.0 ;
    %load/vec4 v00000234de612bb0_0;
    %nor/r;
    %flag_set/vec4 8;
    %jmp/0xz  T_29.2, 8;
    %load/vec4 v00000234de612610_0;
    %store/vec4 v00000234de613f10_0, 0, 3;
T_29.2 ;
T_29.1 ;
    %jmp T_29;
    .thread T_29;
    .scope S_00000234de5f13d0;
T_30 ;
    %wait E_00000234de60da20;
    %load/vec4 v00000234de612cf0_0;
    %flag_set/vec4 8;
    %jmp/0xz  T_30.0, 8;
    %pushi/vec4 0, 0, 32;
    %store/vec4 v00000234de613150_0, 0, 32;
T_30.2 ;
    %load/vec4 v00000234de613150_0;
    %cmpi/s 8, 0, 32;
    %jmp/0xz T_30.3, 5;
    %pushi/vec4 0, 0, 1;
    %ix/getv/s 4, v00000234de613150_0;
    %store/vec4 v00000234de612750_0, 4, 1;
    %load/vec4 v00000234de613150_0;
    %addi 1, 0, 32;
    %store/vec4 v00000234de613150_0, 0, 32;
    %jmp T_30.2;
T_30.3 ;
    %pushi/vec4 0, 0, 1;
    %store/vec4 v00000234de6130b0_0, 0, 1;
T_30.0 ;
    %jmp T_30;
    .thread T_30;
    .scope S_00000234de5d6300;
T_31 ;
    %wait E_00000234de60dba0;
    %load/vec4 v00000234de6ce880_0;
    %flag_set/vec4 8;
    %jmp/1 T_31.2, 8;
    %load/vec4 v00000234de6cfa00_0;
    %flag_set/vec4 9;
    %flag_or 8, 9;
T_31.2;
    %jmp/0 T_31.0, 8;
    %pushi/vec4 1, 0, 2;
    %jmp/1 T_31.1, 8;
T_31.0 ; End of true expr.
    %pushi/vec4 0, 0, 2;
    %jmp/0 T_31.1, 8;
 ; End of false expr.
    %blend;
T_31.1;
    %pad/s 1;
    %store/vec4 v00000234de6cff00_0, 0, 1;
    %load/vec4 v00000234de6ce880_0;
    %flag_set/vec4 9;
    %flag_get/vec4 9;
    %jmp/0 T_31.5, 9;
    %load/vec4 v00000234de6cfa00_0;
    %nor/r;
    %and;
T_31.5;
    %flag_set/vec4 8;
    %jmp/0 T_31.3, 8;
    %pushi/vec4 1, 0, 2;
    %jmp/1 T_31.4, 8;
T_31.3 ; End of true expr.
    %pushi/vec4 0, 0, 2;
    %jmp/0 T_31.4, 8;
 ; End of false expr.
    %blend;
T_31.4;
    %pad/s 1;
    %store/vec4 v00000234de6ce100_0, 0, 1;
    %load/vec4 v00000234de6ce880_0;
    %nor/r;
    %flag_set/vec4 9;
    %flag_get/vec4 9;
    %jmp/0 T_31.8, 9;
    %load/vec4 v00000234de6cfa00_0;
    %and;
T_31.8;
    %flag_set/vec4 8;
    %jmp/0 T_31.6, 8;
    %pushi/vec4 1, 0, 2;
    %jmp/1 T_31.7, 8;
T_31.6 ; End of true expr.
    %pushi/vec4 0, 0, 2;
    %jmp/0 T_31.7, 8;
 ; End of false expr.
    %blend;
T_31.7;
    %pad/s 1;
    %store/vec4 v00000234de6cf6e0_0, 0, 1;
    %jmp T_31;
    .thread T_31, $push;
    .scope S_00000234de5d6300;
T_32 ;
    %wait E_00000234de60dca0;
    %load/vec4 v00000234de6ce100_0;
    %flag_set/vec4 8;
    %jmp/0xz  T_32.0, 8;
    %load/vec4 v00000234de6cf8c0_0;
    %concati/vec4 0, 0, 2;
    %pad/u 10;
    %ix/vec4 4;
    %load/vec4a v00000234de6cf820, 4;
    %store/vec4 v00000234de6cf500_0, 0, 8;
    %pushi/vec4 40, 0, 64;
    %ix/vec4 4;
    %delayx 4;
    %load/vec4 v00000234de6cf500_0;
    %ix/load 4, 0, 0;
    %flag_set/imm 4, 0;
    %store/vec4 v00000234de6cf1e0_0, 4, 8;
    %load/vec4 v00000234de6cf8c0_0;
    %concati/vec4 1, 0, 2;
    %pad/u 10;
    %ix/vec4 4;
    %load/vec4a v00000234de6cf820, 4;
    %store/vec4 v00000234de6cf780_0, 0, 8;
    %pushi/vec4 40, 0, 64;
    %ix/vec4 4;
    %delayx 4;
    %load/vec4 v00000234de6cf780_0;
    %ix/load 4, 8, 0;
    %flag_set/imm 4, 0;
    %store/vec4 v00000234de6cf1e0_0, 4, 8;
    %load/vec4 v00000234de6cf8c0_0;
    %concati/vec4 2, 0, 2;
    %pad/u 10;
    %ix/vec4 4;
    %load/vec4a v00000234de6cf820, 4;
    %store/vec4 v00000234de6ce2e0_0, 0, 8;
    %pushi/vec4 40, 0, 64;
    %ix/vec4 4;
    %delayx 4;
    %load/vec4 v00000234de6ce2e0_0;
    %ix/load 4, 16, 0;
    %flag_set/imm 4, 0;
    %store/vec4 v00000234de6cf1e0_0, 4, 8;
    %load/vec4 v00000234de6cf8c0_0;
    %concati/vec4 3, 0, 2;
    %pad/u 10;
    %ix/vec4 4;
    %load/vec4a v00000234de6cf820, 4;
    %store/vec4 v00000234de6ce380_0, 0, 8;
    %pushi/vec4 40, 0, 64;
    %ix/vec4 4;
    %delayx 4;
    %load/vec4 v00000234de6ce380_0;
    %ix/load 4, 24, 0;
    %flag_set/imm 4, 0;
    %store/vec4 v00000234de6cf1e0_0, 4, 8;
    %pushi/vec4 0, 0, 1;
    %store/vec4 v00000234de6cff00_0, 0, 1;
    %pushi/vec4 0, 0, 1;
    %store/vec4 v00000234de6ce100_0, 0, 1;
T_32.0 ;
    %load/vec4 v00000234de6cf6e0_0;
    %flag_set/vec4 8;
    %jmp/0xz  T_32.2, 8;
    %load/vec4 v00000234de6cf140_0;
    %parti/s 8, 0, 2;
    %store/vec4 v00000234de6cf5a0_0, 0, 8;
    %pushi/vec4 40, 0, 64;
    %ix/vec4 4;
    %delayx 4;
    %load/vec4 v00000234de6cf5a0_0;
    %load/vec4 v00000234de6cf8c0_0;
    %concati/vec4 0, 0, 2;
    %pad/u 10;
    %ix/vec4 4;
    %store/vec4a v00000234de6cf820, 4, 0;
    %load/vec4 v00000234de6cf140_0;
    %parti/s 8, 8, 5;
    %store/vec4 v00000234de6ce420_0, 0, 8;
    %pushi/vec4 40, 0, 64;
    %ix/vec4 4;
    %delayx 4;
    %load/vec4 v00000234de6ce420_0;
    %load/vec4 v00000234de6cf8c0_0;
    %concati/vec4 1, 0, 2;
    %pad/u 10;
    %ix/vec4 4;
    %store/vec4a v00000234de6cf820, 4, 0;
    %load/vec4 v00000234de6cf140_0;
    %parti/s 8, 16, 6;
    %store/vec4 v00000234de6ce7e0_0, 0, 8;
    %pushi/vec4 40, 0, 64;
    %ix/vec4 4;
    %delayx 4;
    %load/vec4 v00000234de6ce7e0_0;
    %load/vec4 v00000234de6cf8c0_0;
    %concati/vec4 2, 0, 2;
    %pad/u 10;
    %ix/vec4 4;
    %store/vec4a v00000234de6cf820, 4, 0;
    %load/vec4 v00000234de6cf140_0;
    %parti/s 8, 24, 6;
    %store/vec4 v00000234de6cf320_0, 0, 8;
    %pushi/vec4 40, 0, 64;
    %ix/vec4 4;
    %delayx 4;
    %load/vec4 v00000234de6cf320_0;
    %load/vec4 v00000234de6cf8c0_0;
    %concati/vec4 3, 0, 2;
    %pad/u 10;
    %ix/vec4 4;
    %store/vec4a v00000234de6cf820, 4, 0;
    %pushi/vec4 0, 0, 1;
    %store/vec4 v00000234de6cff00_0, 0, 1;
    %pushi/vec4 0, 0, 1;
    %store/vec4 v00000234de6cf6e0_0, 0, 1;
T_32.2 ;
    %jmp T_32;
    .thread T_32;
    .scope S_00000234de5d6300;
T_33 ;
    %wait E_00000234de60da20;
    %load/vec4 v00000234de6cf960_0;
    %flag_set/vec4 8;
    %jmp/0xz  T_33.0, 8;
    %pushi/vec4 0, 0, 32;
    %store/vec4 v00000234de6ce6a0_0, 0, 32;
T_33.2 ;
    %load/vec4 v00000234de6ce6a0_0;
    %cmpi/s 256, 0, 32;
    %jmp/0xz T_33.3, 5;
    %pushi/vec4 0, 0, 8;
    %ix/getv/s 4, v00000234de6ce6a0_0;
    %store/vec4a v00000234de6cf820, 4, 0;
    %load/vec4 v00000234de6ce6a0_0;
    %addi 1, 0, 32;
    %store/vec4 v00000234de6ce6a0_0, 0, 32;
    %jmp T_33.2;
T_33.3 ;
    %pushi/vec4 0, 0, 1;
    %store/vec4 v00000234de6cff00_0, 0, 1;
    %pushi/vec4 0, 0, 1;
    %store/vec4 v00000234de6ce100_0, 0, 1;
    %pushi/vec4 0, 0, 1;
    %store/vec4 v00000234de6cf6e0_0, 0, 1;
T_33.0 ;
    %jmp T_33;
    .thread T_33;
    .scope S_00000234de625710;
T_34 ;
    %vpi_call 2 72 "$dumpfile", "cpu_wavedata.vcd" {0 0 0};
    %vpi_call 2 73 "$dumpvars", 32'sb00000000000000000000000000000000, S_00000234de625710 {0 0 0};
    %pushi/vec4 0, 0, 32;
    %store/vec4 v00000234de6ce1a0_0, 0, 32;
T_34.0 ;
    %load/vec4 v00000234de6ce1a0_0;
    %cmpi/s 8, 0, 32;
    %jmp/0xz T_34.1, 5;
    %vpi_call 2 74 "$dumpvars", 32'sb00000000000000000000000000000000, &A<v00000234de63c560, v00000234de6ce1a0_0 > {0 0 0};
    %load/vec4 v00000234de6ce1a0_0;
    %addi 1, 0, 32;
    %store/vec4 v00000234de6ce1a0_0, 0, 32;
    %jmp T_34.0;
T_34.1 ;
    %pushi/vec4 0, 0, 32;
    %store/vec4 v00000234de6ce1a0_0, 0, 32;
T_34.2 ;
    %load/vec4 v00000234de6ce1a0_0;
    %cmpi/s 8, 0, 32;
    %jmp/0xz T_34.3, 5;
    %vpi_call 2 75 "$dumpvars", 32'sb00000000000000000000000000000000, &A<v00000234de613b50, v00000234de6ce1a0_0 > {0 0 0};
    %load/vec4 v00000234de6ce1a0_0;
    %addi 1, 0, 32;
    %store/vec4 v00000234de6ce1a0_0, 0, 32;
    %jmp T_34.2;
T_34.3 ;
    %pushi/vec4 0, 0, 32;
    %store/vec4 v00000234de6ce1a0_0, 0, 32;
T_34.4 ;
    %load/vec4 v00000234de6ce1a0_0;
    %cmpi/s 8, 0, 32;
    %jmp/0xz T_34.5, 5;
    %vpi_call 2 76 "$dumpvars", 32'sb00000000000000000000000000000000, &A<v00000234de612a70, v00000234de6ce1a0_0 > {0 0 0};
    %load/vec4 v00000234de6ce1a0_0;
    %addi 1, 0, 32;
    %store/vec4 v00000234de6ce1a0_0, 0, 32;
    %jmp T_34.4;
T_34.5 ;
    %pushi/vec4 0, 0, 32;
    %store/vec4 v00000234de6ce1a0_0, 0, 32;
T_34.6 ;
    %load/vec4 v00000234de6ce1a0_0;
    %cmpi/s 256, 0, 32;
    %jmp/0xz T_34.7, 5;
    %vpi_call 2 77 "$dumpvars", 32'sb00000000000000000000000000000000, &A<v00000234de6cf820, v00000234de6ce1a0_0 > {0 0 0};
    %load/vec4 v00000234de6ce1a0_0;
    %addi 1, 0, 32;
    %store/vec4 v00000234de6ce1a0_0, 0, 32;
    %jmp T_34.6;
T_34.7 ;
    %end;
    .thread T_34;
    .scope S_00000234de625710;
T_35 ;
    %delay 4, 0;
    %load/vec4 v00000234de6ce4c0_0;
    %inv;
    %store/vec4 v00000234de6ce4c0_0, 0, 1;
    %jmp T_35;
    .thread T_35;
    .scope S_00000234de625710;
T_36 ;
    %pushi/vec4 1, 0, 1;
    %store/vec4 v00000234de6ce4c0_0, 0, 1;
    %pushi/vec4 0, 0, 1;
    %store/vec4 v00000234de6cfdc0_0, 0, 1;
    %delay 5, 0;
    %pushi/vec4 1, 0, 1;
    %store/vec4 v00000234de6cfdc0_0, 0, 1;
    %delay 6, 0;
    %load/vec4 v00000234de6cfdc0_0;
    %inv;
    %store/vec4 v00000234de6cfdc0_0, 0, 1;
    %delay 1400, 0;
    %vpi_call 2 94 "$finish" {0 0 0};
    %end;
    .thread T_36;
    .scope S_00000234de625710;
T_37 ;
    %wait E_00000234de60dce0;
    %load/vec4 v00000234de6ce740_0;
    %store/vec4 v00000234de6ce560_0, 0, 32;
    %jmp T_37;
    .thread T_37, $push;
    .scope S_00000234de625710;
T_38 ;
    %wait E_00000234de60dca0;
    %delay 2, 0;
    %pushi/vec4 0, 0, 32;
    %load/vec4 v00000234de6ce560_0;
    %add;
    %ix/vec4 4;
    %load/vec4a v00000234de6ced80, 4;
    %pushi/vec4 1, 0, 32;
    %load/vec4 v00000234de6ce560_0;
    %add;
    %ix/vec4 4;
    %load/vec4a v00000234de6ced80, 4;
    %concat/vec4; draw_concat_vec4
    %pushi/vec4 2, 0, 32;
    %load/vec4 v00000234de6ce560_0;
    %add;
    %ix/vec4 4;
    %load/vec4a v00000234de6ced80, 4;
    %concat/vec4; draw_concat_vec4
    %pushi/vec4 3, 0, 32;
    %load/vec4 v00000234de6ce560_0;
    %add;
    %ix/vec4 4;
    %load/vec4a v00000234de6ced80, 4;
    %concat/vec4; draw_concat_vec4
    %store/vec4 v00000234de6cfd20_0, 0, 32;
    %jmp T_38;
    .thread T_38;
    .scope S_00000234de625710;
T_39 ;
    %pushi/vec4 2147549280, 0, 32;
    %split/vec4 8;
    %ix/load 3, 3, 0;
    %flag_set/imm 4, 0;
    %ix/load 4, 0, 0; Constant delay
    %assign/vec4/a/d v00000234de6ced80, 0, 4;
    %split/vec4 8;
    %ix/load 3, 2, 0;
    %flag_set/imm 4, 0;
    %ix/load 4, 0, 0; Constant delay
    %assign/vec4/a/d v00000234de6ced80, 0, 4;
    %split/vec4 8;
    %ix/load 3, 1, 0;
    %flag_set/imm 4, 0;
    %ix/load 4, 0, 0; Constant delay
    %assign/vec4/a/d v00000234de6ced80, 0, 4;
    %ix/load 3, 0, 0;
    %flag_set/imm 4, 0;
    %ix/load 4, 0, 0; Constant delay
    %assign/vec4/a/d v00000234de6ced80, 0, 4;
    %pushi/vec4 2013266216, 0, 32;
    %split/vec4 8;
    %ix/load 3, 7, 0;
    %flag_set/imm 4, 0;
    %ix/load 4, 0, 0; Constant delay
    %assign/vec4/a/d v00000234de6ced80, 0, 4;
    %split/vec4 8;
    %ix/load 3, 6, 0;
    %flag_set/imm 4, 0;
    %ix/load 4, 0, 0; Constant delay
    %assign/vec4/a/d v00000234de6ced80, 0, 4;
    %split/vec4 8;
    %ix/load 3, 5, 0;
    %flag_set/imm 4, 0;
    %ix/load 4, 0, 0; Constant delay
    %assign/vec4/a/d v00000234de6ced80, 0, 4;
    %ix/load 3, 4, 0;
    %flag_set/imm 4, 0;
    %ix/load 4, 0, 0; Constant delay
    %assign/vec4/a/d v00000234de6ced80, 0, 4;
    %pushi/vec4 2147614817, 0, 32;
    %split/vec4 8;
    %ix/load 3, 11, 0;
    %flag_set/imm 4, 0;
    %ix/load 4, 0, 0; Constant delay
    %assign/vec4/a/d v00000234de6ced80, 0, 4;
    %split/vec4 8;
    %ix/load 3, 10, 0;
    %flag_set/imm 4, 0;
    %ix/load 4, 0, 0; Constant delay
    %assign/vec4/a/d v00000234de6ced80, 0, 4;
    %split/vec4 8;
    %ix/load 3, 9, 0;
    %flag_set/imm 4, 0;
    %ix/load 4, 0, 0; Constant delay
    %assign/vec4/a/d v00000234de6ced80, 0, 4;
    %ix/load 3, 8, 0;
    %flag_set/imm 4, 0;
    %ix/load 4, 0, 0; Constant delay
    %assign/vec4/a/d v00000234de6ced80, 0, 4;
    %pushi/vec4 2013266568, 0, 32;
    %split/vec4 8;
    %ix/load 3, 15, 0;
    %flag_set/imm 4, 0;
    %ix/load 4, 0, 0; Constant delay
    %assign/vec4/a/d v00000234de6ced80, 0, 4;
    %split/vec4 8;
    %ix/load 3, 14, 0;
    %flag_set/imm 4, 0;
    %ix/load 4, 0, 0; Constant delay
    %assign/vec4/a/d v00000234de6ced80, 0, 4;
    %split/vec4 8;
    %ix/load 3, 13, 0;
    %flag_set/imm 4, 0;
    %ix/load 4, 0, 0; Constant delay
    %assign/vec4/a/d v00000234de6ced80, 0, 4;
    %ix/load 3, 12, 0;
    %flag_set/imm 4, 0;
    %ix/load 4, 0, 0; Constant delay
    %assign/vec4/a/d v00000234de6ced80, 0, 4;
    %pushi/vec4 3892576392, 0, 32;
    %split/vec4 8;
    %ix/load 3, 19, 0;
    %flag_set/imm 4, 0;
    %ix/load 4, 0, 0; Constant delay
    %assign/vec4/a/d v00000234de6ced80, 0, 4;
    %split/vec4 8;
    %ix/load 3, 18, 0;
    %flag_set/imm 4, 0;
    %ix/load 4, 0, 0; Constant delay
    %assign/vec4/a/d v00000234de6ced80, 0, 4;
    %split/vec4 8;
    %ix/load 3, 17, 0;
    %flag_set/imm 4, 0;
    %ix/load 4, 0, 0; Constant delay
    %assign/vec4/a/d v00000234de6ced80, 0, 4;
    %ix/load 3, 16, 0;
    %flag_set/imm 4, 0;
    %ix/load 4, 0, 0; Constant delay
    %assign/vec4/a/d v00000234de6ced80, 0, 4;
    %pushi/vec4 3892510760, 0, 32;
    %split/vec4 8;
    %ix/load 3, 23, 0;
    %flag_set/imm 4, 0;
    %ix/load 4, 0, 0; Constant delay
    %assign/vec4/a/d v00000234de6ced80, 0, 4;
    %split/vec4 8;
    %ix/load 3, 22, 0;
    %flag_set/imm 4, 0;
    %ix/load 4, 0, 0; Constant delay
    %assign/vec4/a/d v00000234de6ced80, 0, 4;
    %split/vec4 8;
    %ix/load 3, 21, 0;
    %flag_set/imm 4, 0;
    %ix/load 4, 0, 0; Constant delay
    %assign/vec4/a/d v00000234de6ced80, 0, 4;
    %ix/load 3, 20, 0;
    %flag_set/imm 4, 0;
    %ix/load 4, 0, 0; Constant delay
    %assign/vec4/a/d v00000234de6ced80, 0, 4;
    %pushi/vec4 3892641928, 0, 32;
    %split/vec4 8;
    %ix/load 3, 27, 0;
    %flag_set/imm 4, 0;
    %ix/load 4, 0, 0; Constant delay
    %assign/vec4/a/d v00000234de6ced80, 0, 4;
    %split/vec4 8;
    %ix/load 3, 26, 0;
    %flag_set/imm 4, 0;
    %ix/load 4, 0, 0; Constant delay
    %assign/vec4/a/d v00000234de6ced80, 0, 4;
    %split/vec4 8;
    %ix/load 3, 25, 0;
    %flag_set/imm 4, 0;
    %ix/load 4, 0, 0; Constant delay
    %assign/vec4/a/d v00000234de6ced80, 0, 4;
    %ix/load 3, 24, 0;
    %flag_set/imm 4, 0;
    %ix/load 4, 0, 0; Constant delay
    %assign/vec4/a/d v00000234de6ced80, 0, 4;
    %pushi/vec4 2013266302, 0, 32;
    %split/vec4 8;
    %ix/load 3, 31, 0;
    %flag_set/imm 4, 0;
    %ix/load 4, 0, 0; Constant delay
    %assign/vec4/a/d v00000234de6ced80, 0, 4;
    %split/vec4 8;
    %ix/load 3, 30, 0;
    %flag_set/imm 4, 0;
    %ix/load 4, 0, 0; Constant delay
    %assign/vec4/a/d v00000234de6ced80, 0, 4;
    %split/vec4 8;
    %ix/load 3, 29, 0;
    %flag_set/imm 4, 0;
    %ix/load 4, 0, 0; Constant delay
    %assign/vec4/a/d v00000234de6ced80, 0, 4;
    %ix/load 3, 28, 0;
    %flag_set/imm 4, 0;
    %ix/load 4, 0, 0; Constant delay
    %assign/vec4/a/d v00000234de6ced80, 0, 4;
    %pushi/vec4 2013266557, 0, 32;
    %split/vec4 8;
    %ix/load 3, 35, 0;
    %flag_set/imm 4, 0;
    %ix/load 4, 0, 0; Constant delay
    %assign/vec4/a/d v00000234de6ced80, 0, 4;
    %split/vec4 8;
    %ix/load 3, 34, 0;
    %flag_set/imm 4, 0;
    %ix/load 4, 0, 0; Constant delay
    %assign/vec4/a/d v00000234de6ced80, 0, 4;
    %split/vec4 8;
    %ix/load 3, 33, 0;
    %flag_set/imm 4, 0;
    %ix/load 4, 0, 0; Constant delay
    %assign/vec4/a/d v00000234de6ced80, 0, 4;
    %ix/load 3, 32, 0;
    %flag_set/imm 4, 0;
    %ix/load 4, 0, 0; Constant delay
    %assign/vec4/a/d v00000234de6ced80, 0, 4;
    %pushi/vec4 2013266269, 0, 32;
    %split/vec4 8;
    %ix/load 3, 39, 0;
    %flag_set/imm 4, 0;
    %ix/load 4, 0, 0; Constant delay
    %assign/vec4/a/d v00000234de6ced80, 0, 4;
    %split/vec4 8;
    %ix/load 3, 38, 0;
    %flag_set/imm 4, 0;
    %ix/load 4, 0, 0; Constant delay
    %assign/vec4/a/d v00000234de6ced80, 0, 4;
    %split/vec4 8;
    %ix/load 3, 37, 0;
    %flag_set/imm 4, 0;
    %ix/load 4, 0, 0; Constant delay
    %assign/vec4/a/d v00000234de6ced80, 0, 4;
    %ix/load 3, 36, 0;
    %flag_set/imm 4, 0;
    %ix/load 4, 0, 0; Constant delay
    %assign/vec4/a/d v00000234de6ced80, 0, 4;
    %pushi/vec4 2281701377, 0, 32;
    %split/vec4 8;
    %ix/load 3, 43, 0;
    %flag_set/imm 4, 0;
    %ix/load 4, 0, 0; Constant delay
    %assign/vec4/a/d v00000234de6ced80, 0, 4;
    %split/vec4 8;
    %ix/load 3, 42, 0;
    %flag_set/imm 4, 0;
    %ix/load 4, 0, 0; Constant delay
    %assign/vec4/a/d v00000234de6ced80, 0, 4;
    %split/vec4 8;
    %ix/load 3, 41, 0;
    %flag_set/imm 4, 0;
    %ix/load 4, 0, 0; Constant delay
    %assign/vec4/a/d v00000234de6ced80, 0, 4;
    %ix/load 3, 40, 0;
    %flag_set/imm 4, 0;
    %ix/load 4, 0, 0; Constant delay
    %assign/vec4/a/d v00000234de6ced80, 0, 4;
    %pushi/vec4 2147680349, 0, 32;
    %split/vec4 8;
    %ix/load 3, 47, 0;
    %flag_set/imm 4, 0;
    %ix/load 4, 0, 0; Constant delay
    %assign/vec4/a/d v00000234de6ced80, 0, 4;
    %split/vec4 8;
    %ix/load 3, 46, 0;
    %flag_set/imm 4, 0;
    %ix/load 4, 0, 0; Constant delay
    %assign/vec4/a/d v00000234de6ced80, 0, 4;
    %split/vec4 8;
    %ix/load 3, 45, 0;
    %flag_set/imm 4, 0;
    %ix/load 4, 0, 0; Constant delay
    %assign/vec4/a/d v00000234de6ced80, 0, 4;
    %ix/load 3, 44, 0;
    %flag_set/imm 4, 0;
    %ix/load 4, 0, 0; Constant delay
    %assign/vec4/a/d v00000234de6ced80, 0, 4;
    %pushi/vec4 3758358531, 0, 32;
    %split/vec4 8;
    %ix/load 3, 51, 0;
    %flag_set/imm 4, 0;
    %ix/load 4, 0, 0; Constant delay
    %assign/vec4/a/d v00000234de6ced80, 0, 4;
    %split/vec4 8;
    %ix/load 3, 50, 0;
    %flag_set/imm 4, 0;
    %ix/load 4, 0, 0; Constant delay
    %assign/vec4/a/d v00000234de6ced80, 0, 4;
    %split/vec4 8;
    %ix/load 3, 49, 0;
    %flag_set/imm 4, 0;
    %ix/load 4, 0, 0; Constant delay
    %assign/vec4/a/d v00000234de6ced80, 0, 4;
    %ix/load 3, 48, 0;
    %flag_set/imm 4, 0;
    %ix/load 4, 0, 0; Constant delay
    %assign/vec4/a/d v00000234de6ced80, 0, 4;
    %pushi/vec4 1879048194, 0, 32;
    %split/vec4 8;
    %ix/load 3, 55, 0;
    %flag_set/imm 4, 0;
    %ix/load 4, 0, 0; Constant delay
    %assign/vec4/a/d v00000234de6ced80, 0, 4;
    %split/vec4 8;
    %ix/load 3, 54, 0;
    %flag_set/imm 4, 0;
    %ix/load 4, 0, 0; Constant delay
    %assign/vec4/a/d v00000234de6ced80, 0, 4;
    %split/vec4 8;
    %ix/load 3, 53, 0;
    %flag_set/imm 4, 0;
    %ix/load 4, 0, 0; Constant delay
    %assign/vec4/a/d v00000234de6ced80, 0, 4;
    %ix/load 3, 52, 0;
    %flag_set/imm 4, 0;
    %ix/load 4, 0, 0; Constant delay
    %assign/vec4/a/d v00000234de6ced80, 0, 4;
    %end;
    .thread T_39;
# The file index is used to find the file name in the following table.
:file_names 7;
    "N/A";
    "<interactive>";
    "lab6part2.v";
    "./dcache.v";
    "./alu.v";
    "./reg_file.v";
    "./dmem.v";
