#! /c/Source/iverilog-install/bin/vvp
:ivl_version "12.0 (devel)" "(s20150603-1539-g2693dd32b)";
:ivl_delay_selection "TYPICAL";
:vpi_time_precision + 0;
:vpi_module "C:\iverilog\lib\ivl\system.vpi";
:vpi_module "C:\iverilog\lib\ivl\vhdl_sys.vpi";
:vpi_module "C:\iverilog\lib\ivl\vhdl_textio.vpi";
:vpi_module "C:\iverilog\lib\ivl\v2005_math.vpi";
:vpi_module "C:\iverilog\lib\ivl\va_math.vpi";
S_000002602e72a2e0 .scope module, "cpu_tb" "cpu_tb" 2 11;
 .timescale 0 0;
v000002602e790480_0 .net "ADDRESS", 7 0, v000002602e7299a0_0;  1 drivers
v000002602e792210_0 .net "BUSYWAIT", 0 0, v000002602e72a080_0;  1 drivers
v000002602e791b30_0 .var "CLK", 0 0;
v000002602e791590_0 .var "INSTRUCTION", 31 0;
v000002602e791ef0_0 .net "PC", 31 0, v000002602e78f4e0_0;  1 drivers
v000002602e791810_0 .net "READDATA", 7 0, v000002602e728aa0_0;  1 drivers
v000002602e792350_0 .var "RESET", 0 0;
v000002602e791090_0 .net "Read", 0 0, v000002602e790520_0;  1 drivers
v000002602e792030_0 .net "WRITEDATA", 7 0, L_000002602e727c40;  1 drivers
v000002602e792cb0_0 .net "Write", 0 0, v000002602e78fbc0_0;  1 drivers
v000002602e792e90_0 .var/i "i", 31 0;
v000002602e792f30 .array "instr_mem", 1023 0, 7 0;
E_000002602e716af0 .event anyedge, v000002602e728e60_0;
S_000002602e72a640 .scope module, "dmem" "data_memory" 2 63, 3 12 0, S_000002602e72a2e0;
 .timescale 0 0;
    .port_info 0 /INPUT 1 "clock";
    .port_info 1 /INPUT 1 "reset";
    .port_info 2 /INPUT 1 "read";
    .port_info 3 /INPUT 1 "write";
    .port_info 4 /INPUT 8 "address";
    .port_info 5 /INPUT 8 "writedata";
    .port_info 6 /OUTPUT 8 "readdata";
    .port_info 7 /OUTPUT 1 "busywait";
v000002602e729900_0 .var *"_ivl_3", 7 0; Local signal
v000002602e729540_0 .var *"_ivl_4", 7 0; Local signal
v000002602e729fe0_0 .net "address", 7 0, v000002602e7299a0_0;  alias, 1 drivers
v000002602e72a080_0 .var "busywait", 0 0;
v000002602e728820_0 .net "clock", 0 0, v000002602e791b30_0;  1 drivers
v000002602e7294a0_0 .var/i "i", 31 0;
v000002602e7295e0 .array "memory_array", 0 255, 7 0;
v000002602e7297c0_0 .net "read", 0 0, v000002602e790520_0;  alias, 1 drivers
v000002602e7288c0_0 .var "readaccess", 0 0;
v000002602e728aa0_0 .var "readdata", 7 0;
v000002602e728a00_0 .net "reset", 0 0, v000002602e792350_0;  1 drivers
v000002602e729680_0 .net "write", 0 0, v000002602e78fbc0_0;  alias, 1 drivers
v000002602e729400_0 .var "writeaccess", 0 0;
v000002602e729720_0 .net "writedata", 7 0, L_000002602e727c40;  alias, 1 drivers
E_000002602e7160f0 .event posedge, v000002602e728a00_0;
E_000002602e716d70 .event posedge, v000002602e728820_0;
E_000002602e716770 .event anyedge, v000002602e729680_0, v000002602e7297c0_0;
S_000002602e6a8200 .scope module, "mycpu" "cpu" 2 56, 2 104 0, S_000002602e72a2e0;
 .timescale 0 0;
    .port_info 0 /OUTPUT 32 "PC";
    .port_info 1 /INPUT 32 "INSTRUCTION";
    .port_info 2 /INPUT 1 "CLK";
    .port_info 3 /INPUT 1 "RESET";
    .port_info 4 /OUTPUT 1 "ReadDmem";
    .port_info 5 /OUTPUT 1 "WriteDmem";
    .port_info 6 /OUTPUT 8 "ALURESULT";
    .port_info 7 /OUTPUT 8 "OUT1";
    .port_info 8 /INPUT 8 "READDATA";
    .port_info 9 /INPUT 1 "BUSYWAIT";
L_000002602e727310 .functor AND 1, v000002602e78f940_0, L_000002602e791950, C4<1>, C4<1>;
L_000002602e727b60 .functor NOT 1, v000002602e729a40_0, C4<0>, C4<0>, C4<0>;
v000002602e790de0_0 .net "ALURESULT", 7 0, v000002602e7299a0_0;  alias, 1 drivers
v000002602e78f080_0 .net "AND_OUT", 0 0, L_000002602e727700;  1 drivers
v000002602e78f1c0_0 .net "AND_OUT2", 0 0, L_000002602e727a10;  1 drivers
v000002602e790980_0 .net "BRANCHto", 31 0, L_000002602e791450;  1 drivers
v000002602e790660_0 .net "BUSYWAIT", 0 0, v000002602e72a080_0;  alias, 1 drivers
v000002602e78fe40_0 .net "CLK", 0 0, v000002602e791b30_0;  alias, 1 drivers
v000002602e790b60_0 .net "EXTENDED", 31 0, L_000002602e791bd0;  1 drivers
v000002602e78f3a0_0 .net "INSTRUCTION", 31 0, v000002602e791590_0;  1 drivers
v000002602e7903e0_0 .net "NEGATIVE", 7 0, L_000002602e7919f0;  1 drivers
v000002602e78f800_0 .net "NEXT_INS", 31 0, L_000002602e791c70;  1 drivers
v000002602e78fa80_0 .net "OR_OUT", 0 0, L_000002602e7280a0;  1 drivers
v000002602e7902a0_0 .net "OUT1", 7 0, L_000002602e727c40;  alias, 1 drivers
v000002602e78f580_0 .net "OUT2", 7 0, L_000002602e727620;  1 drivers
v000002602e78f440_0 .net "OUT3", 7 0, v000002602e73dd30_0;  1 drivers
v000002602e78ff80_0 .net "OUT4", 7 0, v000002602e73d650_0;  1 drivers
v000002602e78f4e0_0 .var "PC", 31 0;
v000002602e78f620_0 .net "PCNEXT", 31 0, v000002602e73e690_0;  1 drivers
v000002602e78f760_0 .net "PCbranch", 31 0, v000002602e73e050_0;  1 drivers
v000002602e78f8a0_0 .net "READDATA", 7 0, v000002602e728aa0_0;  alias, 1 drivers
v000002602e790f20_0 .var "READ_ADRS1", 2 0;
v000002602e790c00_0 .var "READ_ADRS2", 2 0;
v000002602e78f120_0 .net "RESET", 0 0, v000002602e792350_0;  alias, 1 drivers
v000002602e790a20_0 .net "RESULT", 7 0, v000002602e790340_0;  1 drivers
v000002602e790520_0 .var "ReadDmem", 0 0;
v000002602e790020_0 .var "SEL", 2 0;
v000002602e790840_0 .net "SHIFTED", 31 0, L_000002602e7925d0;  1 drivers
v000002602e790700_0 .var "SHIFT_SEL", 1 0;
v000002602e78f940_0 .var "WRITE", 0 0;
v000002602e78fb20_0 .var "WRITE_ADRS", 2 0;
v000002602e78fbc0_0 .var "WriteDmem", 0 0;
v000002602e7908e0_0 .net "ZERO", 0 0, v000002602e729a40_0;  1 drivers
v000002602e78fc60_0 .net *"_ivl_1", 0 0, L_000002602e791950;  1 drivers
v000002602e790d40_0 .var "isBRANCH", 0 0;
v000002602e78fd00_0 .var "isIMMEDIATE", 0 0;
v000002602e78fee0_0 .var "isJUMP", 0 0;
v000002602e7900c0_0 .var "isMEM", 0 0;
v000002602e790160_0 .var "isNEGATIVE", 0 0;
v000002602e790200_0 .var "isNEqBRANCH", 0 0;
E_000002602e7167b0 .event anyedge, v000002602e78f3a0_0;
E_000002602e716530 .event anyedge, v000002602e72a080_0;
L_000002602e791950 .reduce/nor v000002602e72a080_0;
L_000002602e791a90 .part v000002602e791590_0, 0, 8;
L_000002602e7920d0 .part v000002602e791590_0, 16, 8;
S_000002602e6a8390 .scope module, "a1" "alu" 2 126, 4 7 0, S_000002602e6a8200;
 .timescale 0 0;
    .port_info 0 /INPUT 8 "DATAIN1";
    .port_info 1 /INPUT 8 "DATAIN2";
    .port_info 2 /OUTPUT 8 "RESULT";
    .port_info 3 /INPUT 3 "SELECT";
    .port_info 4 /OUTPUT 1 "ZERO";
    .port_info 5 /INPUT 2 "SHIFT_SEL";
v000002602e728960_0 .net "ADD_OUT", 7 0, L_000002602e792990;  1 drivers
v000002602e729860_0 .net "AND_OUT", 7 0, L_000002602e728030;  1 drivers
v000002602e7285a0_0 .net "DATAIN1", 7 0, L_000002602e727c40;  alias, 1 drivers
v000002602e7286e0_0 .net "DATAIN2", 7 0, v000002602e73d650_0;  alias, 1 drivers
v000002602e728780_0 .net "FWD_OUT", 7 0, L_000002602e727d20;  1 drivers
v000002602e729b80_0 .net "MULTI_OUT", 7 0, L_000002602e727bd0;  1 drivers
v000002602e728fa0_0 .net "OR_OUT", 7 0, L_000002602e727af0;  1 drivers
v000002602e7299a0_0 .var/s "RESULT", 7 0;
v000002602e7290e0_0 .net "SELECT", 2 0, v000002602e790020_0;  1 drivers
v000002602e729220_0 .net "SHIFT_OUT", 7 0, v000002602e728460_0;  1 drivers
v000002602e729d60_0 .net "SHIFT_SEL", 1 0, v000002602e790700_0;  1 drivers
v000002602e729a40_0 .var "ZERO", 0 0;
E_000002602e7165b0 .event anyedge, v000002602e7290e0_0, v000002602e7292c0_0, v000002602e729720_0;
E_000002602e7165f0 .event anyedge, v000002602e7283c0_0;
S_000002602e6ab440 .scope module, "And" "AND" 4 22, 4 73 0, S_000002602e6a8390;
 .timescale 0 0;
    .port_info 0 /INPUT 8 "DATAIN1";
    .port_info 1 /INPUT 8 "DATAIN2";
    .port_info 2 /OUTPUT 8 "AND_OUT";
L_000002602e728030/d .functor AND 8, L_000002602e727c40, v000002602e73d650_0, C4<11111111>, C4<11111111>;
L_000002602e728030 .delay 8 (1,1,1) L_000002602e728030/d;
v000002602e72a120_0 .net "AND_OUT", 7 0, L_000002602e728030;  alias, 1 drivers
v000002602e728b40_0 .net "DATAIN1", 7 0, L_000002602e727c40;  alias, 1 drivers
v000002602e7292c0_0 .net "DATAIN2", 7 0, v000002602e73d650_0;  alias, 1 drivers
S_000002602e6ab5d0 .scope module, "Or" "OR" 4 23, 4 85 0, S_000002602e6a8390;
 .timescale 0 0;
    .port_info 0 /INPUT 8 "DATAIN1";
    .port_info 1 /INPUT 8 "DATAIN2";
    .port_info 2 /OUTPUT 8 "OR_OUT";
L_000002602e727af0/d .functor OR 8, L_000002602e727c40, v000002602e73d650_0, C4<00000000>, C4<00000000>;
L_000002602e727af0 .delay 8 (1,1,1) L_000002602e727af0/d;
v000002602e729cc0_0 .net "DATAIN1", 7 0, L_000002602e727c40;  alias, 1 drivers
v000002602e728be0_0 .net "DATAIN2", 7 0, v000002602e73d650_0;  alias, 1 drivers
v000002602e729c20_0 .net "OR_OUT", 7 0, L_000002602e727af0;  alias, 1 drivers
S_000002602e6b2250 .scope module, "add" "ADD" 4 21, 4 61 0, S_000002602e6a8390;
 .timescale 0 0;
    .port_info 0 /INPUT 8 "DATAIN1";
    .port_info 1 /INPUT 8 "DATAIN2";
    .port_info 2 /OUTPUT 8 "ADD_OUT";
v000002602e7283c0_0 .net "ADD_OUT", 7 0, L_000002602e792990;  alias, 1 drivers
v000002602e728c80_0 .net "DATAIN1", 7 0, L_000002602e727c40;  alias, 1 drivers
v000002602e729360_0 .net "DATAIN2", 7 0, v000002602e73d650_0;  alias, 1 drivers
L_000002602e792990 .delay 8 (2,2,2) L_000002602e792990/d;
L_000002602e792990/d .arith/sum 8, L_000002602e727c40, v000002602e73d650_0;
S_000002602e6b23e0 .scope module, "fwd" "FORWARD" 4 20, 4 50 0, S_000002602e6a8390;
 .timescale 0 0;
    .port_info 0 /INPUT 8 "DATAIN2";
    .port_info 1 /OUTPUT 8 "FWD_OUT";
L_000002602e727d20/d .functor BUFZ 8, v000002602e73d650_0, C4<00000000>, C4<00000000>, C4<00000000>;
L_000002602e727d20 .delay 8 (1,1,1) L_000002602e727d20/d;
v000002602e729040_0 .net "DATAIN2", 7 0, v000002602e73d650_0;  alias, 1 drivers
v000002602e72a1c0_0 .net "FWD_OUT", 7 0, L_000002602e727d20;  alias, 1 drivers
S_000002602e6baad0 .scope module, "mult" "MULTI" 4 25, 4 169 0, S_000002602e6a8390;
 .timescale 0 0;
    .port_info 0 /INPUT 8 "DATA1";
    .port_info 1 /INPUT 8 "DATA2";
    .port_info 2 /OUTPUT 8 "OUT";
L_000002602e727bd0/d .functor BUFZ 8, v000002602e728dc0_0, C4<00000000>, C4<00000000>, C4<00000000>;
L_000002602e727bd0 .delay 8 (2,2,2) L_000002602e727bd0/d;
v000002602e729f40_0 .net "DATA1", 7 0, L_000002602e727c40;  alias, 1 drivers
v000002602e728d20_0 .net "DATA2", 7 0, v000002602e73d650_0;  alias, 1 drivers
v000002602e729180_0 .net "OUT", 7 0, L_000002602e727bd0;  alias, 1 drivers
v000002602e728dc0_0 .var "pr", 7 0;
E_000002602e716b70 .event anyedge, v000002602e7292c0_0, v000002602e728dc0_0, v000002602e729720_0;
S_000002602e6bac60 .scope module, "shift" "SHIFT" 4 24, 4 97 0, S_000002602e6a8390;
 .timescale 0 0;
    .port_info 0 /INPUT 8 "DATA";
    .port_info 1 /INPUT 8 "SHIFT_AMOUNT";
    .port_info 2 /OUTPUT 8 "OUT";
    .port_info 3 /INPUT 2 "Shift_SEL";
v000002602e728320_0 .net "DATA", 7 0, L_000002602e727c40;  alias, 1 drivers
v000002602e728460_0 .var "OUT", 7 0;
v000002602e728640_0 .net "SHIFT_AMOUNT", 7 0, v000002602e73d650_0;  alias, 1 drivers
v000002602e729ae0_0 .net "Shift_SEL", 1 0, v000002602e790700_0;  alias, 1 drivers
E_000002602e715df0 .event anyedge, v000002602e729ae0_0, v000002602e7292c0_0, v000002602e729720_0;
S_000002602e6527b0 .scope module, "add" "PC_adder" 2 128, 2 445 0, S_000002602e6a8200;
 .timescale 0 0;
    .port_info 0 /INPUT 32 "IN";
    .port_info 1 /OUTPUT 32 "NEXT_INS";
v000002602e728e60_0 .net "IN", 31 0, v000002602e78f4e0_0;  alias, 1 drivers
v000002602e728f00_0 .net "NEXT_INS", 31 0, L_000002602e791c70;  alias, 1 drivers
L_000002602e7930e8 .functor BUFT 1, C4<00000000000000000000000000000100>, C4<0>, C4<0>, C4<0>;
v000002602e729e00_0 .net/2u *"_ivl_0", 31 0, L_000002602e7930e8;  1 drivers
L_000002602e791c70 .delay 32 (1,1,1) L_000002602e791c70/d;
L_000002602e791c70/d .arith/sum 32, v000002602e78f4e0_0, L_000002602e7930e8;
S_000002602e652940 .scope module, "and_gate" "AND2" 2 133, 2 454 0, S_000002602e6a8200;
 .timescale 0 0;
    .port_info 0 /INPUT 1 "INPUT1";
    .port_info 1 /INPUT 1 "INPUT2";
    .port_info 2 /OUTPUT 1 "OUTPUT";
L_000002602e727700 .functor AND 1, v000002602e729a40_0, v000002602e790d40_0, C4<1>, C4<1>;
v000002602e729ea0_0 .net "INPUT1", 0 0, v000002602e729a40_0;  alias, 1 drivers
v000002602e70c4b0_0 .net "INPUT2", 0 0, v000002602e790d40_0;  1 drivers
v000002602e73d1f0_0 .net "OUTPUT", 0 0, L_000002602e727700;  alias, 1 drivers
S_000002602e68d6a0 .scope module, "and_gate2" "AND2" 2 141, 2 454 0, S_000002602e6a8200;
 .timescale 0 0;
    .port_info 0 /INPUT 1 "INPUT1";
    .port_info 1 /INPUT 1 "INPUT2";
    .port_info 2 /OUTPUT 1 "OUTPUT";
L_000002602e727a10 .functor AND 1, L_000002602e727b60, v000002602e790200_0, C4<1>, C4<1>;
v000002602e73d5b0_0 .net "INPUT1", 0 0, L_000002602e727b60;  1 drivers
v000002602e73cf70_0 .net "INPUT2", 0 0, v000002602e790200_0;  1 drivers
v000002602e73d290_0 .net "OUTPUT", 0 0, L_000002602e727a10;  alias, 1 drivers
S_000002602e68d830 .scope module, "brAdd" "Branch_ADD" 2 137, 2 472 0, S_000002602e6a8200;
 .timescale 0 0;
    .port_info 0 /INPUT 32 "pcNext";
    .port_info 1 /INPUT 32 "offset";
    .port_info 2 /OUTPUT 32 "out";
v000002602e73d510_0 .net "offset", 31 0, L_000002602e7925d0;  alias, 1 drivers
v000002602e73e550_0 .net "out", 31 0, L_000002602e791450;  alias, 1 drivers
v000002602e73e730_0 .net "pcNext", 31 0, L_000002602e791c70;  alias, 1 drivers
L_000002602e791450 .delay 32 (2,2,2) L_000002602e791450/d;
L_000002602e791450/d .arith/sum 32, L_000002602e791c70, L_000002602e7925d0;
S_000002602e6df6a0 .scope module, "isIMM" "MUX" 2 131, 2 430 0, S_000002602e6a8200;
 .timescale 0 0;
    .port_info 0 /INPUT 8 "IN1";
    .port_info 1 /INPUT 8 "IN2";
    .port_info 2 /OUTPUT 8 "OUT";
    .port_info 3 /INPUT 1 "SELECT";
v000002602e73d6f0_0 .net "IN1", 7 0, L_000002602e791a90;  1 drivers
v000002602e73ccf0_0 .net "IN2", 7 0, v000002602e73dd30_0;  alias, 1 drivers
v000002602e73d650_0 .var "OUT", 7 0;
v000002602e73d330_0 .net "SELECT", 0 0, v000002602e78fd00_0;  1 drivers
E_000002602e716970 .event anyedge, v000002602e73d330_0, v000002602e73d6f0_0, v000002602e73ccf0_0;
S_000002602e6df830 .scope module, "isNeg" "MUX" 2 130, 2 430 0, S_000002602e6a8200;
 .timescale 0 0;
    .port_info 0 /INPUT 8 "IN1";
    .port_info 1 /INPUT 8 "IN2";
    .port_info 2 /OUTPUT 8 "OUT";
    .port_info 3 /INPUT 1 "SELECT";
v000002602e73db50_0 .net "IN1", 7 0, L_000002602e7919f0;  alias, 1 drivers
v000002602e73d3d0_0 .net "IN2", 7 0, L_000002602e727620;  alias, 1 drivers
v000002602e73dd30_0 .var "OUT", 7 0;
v000002602e73d470_0 .net "SELECT", 0 0, v000002602e790160_0;  1 drivers
E_000002602e716070 .event anyedge, v000002602e73d470_0, v000002602e73db50_0, v000002602e73d3d0_0;
S_000002602e6e0100 .scope module, "m1" "PC_MUX" 2 134, 2 501 0, S_000002602e6a8200;
 .timescale 0 0;
    .port_info 0 /INPUT 32 "IN1";
    .port_info 1 /INPUT 32 "IN2";
    .port_info 2 /OUTPUT 32 "OUT";
    .port_info 3 /INPUT 1 "SELECT";
v000002602e73d790_0 .net "IN1", 31 0, L_000002602e791450;  alias, 1 drivers
v000002602e73dbf0_0 .net "IN2", 31 0, L_000002602e791c70;  alias, 1 drivers
v000002602e73e050_0 .var "OUT", 31 0;
v000002602e73ddd0_0 .net "SELECT", 0 0, L_000002602e7280a0;  alias, 1 drivers
E_000002602e716130 .event anyedge, v000002602e73ddd0_0, v000002602e73e550_0, v000002602e728f00_0;
S_000002602e78ace0 .scope module, "m2" "PC_MUX" 2 138, 2 501 0, S_000002602e6a8200;
 .timescale 0 0;
    .port_info 0 /INPUT 32 "IN1";
    .port_info 1 /INPUT 32 "IN2";
    .port_info 2 /OUTPUT 32 "OUT";
    .port_info 3 /INPUT 1 "SELECT";
v000002602e73d830_0 .net "IN1", 31 0, L_000002602e791450;  alias, 1 drivers
v000002602e73d8d0_0 .net "IN2", 31 0, v000002602e73e050_0;  alias, 1 drivers
v000002602e73e690_0 .var "OUT", 31 0;
v000002602e73de70_0 .net "SELECT", 0 0, v000002602e78fee0_0;  1 drivers
E_000002602e7169b0 .event anyedge, v000002602e73de70_0, v000002602e73e550_0, v000002602e73e050_0;
S_000002602e78ab50 .scope module, "or1" "OR_GT" 2 142, 2 462 0, S_000002602e6a8200;
 .timescale 0 0;
    .port_info 0 /INPUT 1 "IN1";
    .port_info 1 /INPUT 1 "IN2";
    .port_info 2 /OUTPUT 1 "OUT";
L_000002602e7280a0 .functor OR 1, L_000002602e727700, L_000002602e727a10, C4<0>, C4<0>;
v000002602e73e4b0_0 .net "IN1", 0 0, L_000002602e727700;  alias, 1 drivers
v000002602e73d970_0 .net "IN2", 0 0, L_000002602e727a10;  alias, 1 drivers
v000002602e73dab0_0 .net "OUT", 0 0, L_000002602e7280a0;  alias, 1 drivers
S_000002602e78a9c0 .scope module, "r1" "register_file" 2 127, 5 6 0, S_000002602e6a8200;
 .timescale 0 0;
    .port_info 0 /INPUT 8 "DATAINIn";
    .port_info 1 /OUTPUT 8 "Output_1";
    .port_info 2 /OUTPUT 8 "Output_2";
    .port_info 3 /INPUT 3 "DATAINInAddress";
    .port_info 4 /INPUT 3 "OutputAddress_1";
    .port_info 5 /INPUT 3 "OutputAddress_2";
    .port_info 6 /INPUT 1 "WRITE";
    .port_info 7 /INPUT 1 "CLK";
    .port_info 8 /INPUT 1 "RESET";
L_000002602e727c40/d .functor BUFZ 8, L_000002602e791f90, C4<00000000>, C4<00000000>, C4<00000000>;
L_000002602e727c40 .delay 8 (2,2,2) L_000002602e727c40/d;
L_000002602e727620/d .functor BUFZ 8, L_000002602e792b70, C4<00000000>, C4<00000000>, C4<00000000>;
L_000002602e727620 .delay 8 (2,2,2) L_000002602e727620/d;
v000002602e73e7d0_0 .net "CLK", 0 0, v000002602e791b30_0;  alias, 1 drivers
v000002602e73e870_0 .net "DATAINIn", 7 0, v000002602e790340_0;  alias, 1 drivers
v000002602e73df10_0 .net "DATAINInAddress", 2 0, v000002602e78fb20_0;  1 drivers
v000002602e73d0b0_0 .net "OutputAddress_1", 2 0, v000002602e790f20_0;  1 drivers
v000002602e73dc90_0 .net "OutputAddress_2", 2 0, v000002602e790c00_0;  1 drivers
v000002602e73dfb0_0 .net "Output_1", 7 0, L_000002602e727c40;  alias, 1 drivers
v000002602e73e0f0_0 .net "Output_2", 7 0, L_000002602e727620;  alias, 1 drivers
v000002602e73e190_0 .net "RESET", 0 0, v000002602e792350_0;  alias, 1 drivers
v000002602e73e230 .array "Register", 7 0, 7 0;
v000002602e73cb10_0 .net "WRITE", 0 0, L_000002602e727310;  1 drivers
v000002602e73e410_0 .net *"_ivl_0", 7 0, L_000002602e791f90;  1 drivers
v000002602e73e2d0_0 .net *"_ivl_10", 4 0, L_000002602e792d50;  1 drivers
L_000002602e7930a0 .functor BUFT 1, C4<00>, C4<0>, C4<0>, C4<0>;
v000002602e73e370_0 .net *"_ivl_13", 1 0, L_000002602e7930a0;  1 drivers
v000002602e73e5f0_0 .net *"_ivl_2", 4 0, L_000002602e7918b0;  1 drivers
L_000002602e793058 .functor BUFT 1, C4<00>, C4<0>, C4<0>, C4<0>;
v000002602e73e910_0 .net *"_ivl_5", 1 0, L_000002602e793058;  1 drivers
v000002602e73e9b0_0 .net *"_ivl_8", 7 0, L_000002602e792b70;  1 drivers
v000002602e73cbb0_0 .var/i "i", 31 0;
L_000002602e791f90 .array/port v000002602e73e230, L_000002602e7918b0;
L_000002602e7918b0 .concat [ 3 2 0 0], v000002602e790f20_0, L_000002602e793058;
L_000002602e792b70 .array/port v000002602e73e230, L_000002602e792d50;
L_000002602e792d50 .concat [ 3 2 0 0], v000002602e790c00_0, L_000002602e7930a0;
S_000002602e78a6a0 .scope module, "s1" "Sign_extend" 2 135, 2 481 0, S_000002602e6a8200;
 .timescale 0 0;
    .port_info 0 /INPUT 8 "IN";
    .port_info 1 /OUTPUT 32 "OUT";
L_000002602e727cb0 .functor BUFZ 8, L_000002602e7920d0, C4<00000000>, C4<00000000>, C4<00000000>;
v000002602e73ced0_0 .net "IN", 7 0, L_000002602e7920d0;  1 drivers
v000002602e73cc50_0 .net "OUT", 31 0, L_000002602e791bd0;  alias, 1 drivers
v000002602e73cd90_0 .net *"_ivl_3", 7 0, L_000002602e727cb0;  1 drivers
v000002602e73ce30_0 .net *"_ivl_8", 0 0, L_000002602e792170;  1 drivers
v000002602e73d010_0 .net *"_ivl_9", 23 0, L_000002602e792670;  1 drivers
L_000002602e791bd0 .concat8 [ 8 24 0 0], L_000002602e727cb0, L_000002602e792670;
L_000002602e792170 .part L_000002602e7920d0, 7, 1;
LS_000002602e792670_0_0 .concat [ 1 1 1 1], L_000002602e792170, L_000002602e792170, L_000002602e792170, L_000002602e792170;
LS_000002602e792670_0_4 .concat [ 1 1 1 1], L_000002602e792170, L_000002602e792170, L_000002602e792170, L_000002602e792170;
LS_000002602e792670_0_8 .concat [ 1 1 1 1], L_000002602e792170, L_000002602e792170, L_000002602e792170, L_000002602e792170;
LS_000002602e792670_0_12 .concat [ 1 1 1 1], L_000002602e792170, L_000002602e792170, L_000002602e792170, L_000002602e792170;
LS_000002602e792670_0_16 .concat [ 1 1 1 1], L_000002602e792170, L_000002602e792170, L_000002602e792170, L_000002602e792170;
LS_000002602e792670_0_20 .concat [ 1 1 1 1], L_000002602e792170, L_000002602e792170, L_000002602e792170, L_000002602e792170;
LS_000002602e792670_1_0 .concat [ 4 4 4 4], LS_000002602e792670_0_0, LS_000002602e792670_0_4, LS_000002602e792670_0_8, LS_000002602e792670_0_12;
LS_000002602e792670_1_4 .concat [ 4 4 0 0], LS_000002602e792670_0_16, LS_000002602e792670_0_20;
L_000002602e792670 .concat [ 16 8 0 0], LS_000002602e792670_1_0, LS_000002602e792670_1_4;
S_000002602e78a830 .scope module, "shift_2" "shift" 2 136, 2 492 0, S_000002602e6a8200;
 .timescale 0 0;
    .port_info 0 /INPUT 32 "IN";
    .port_info 1 /OUTPUT 32 "OUT";
v000002602e73d150_0 .net/s "IN", 31 0, L_000002602e791bd0;  alias, 1 drivers
v000002602e78f9e0_0 .net/s "OUT", 31 0, L_000002602e7925d0;  alias, 1 drivers
v000002602e7907a0_0 .net *"_ivl_2", 29 0, L_000002602e792a30;  1 drivers
L_000002602e793178 .functor BUFT 1, C4<00>, C4<0>, C4<0>, C4<0>;
v000002602e790e80_0 .net *"_ivl_4", 1 0, L_000002602e793178;  1 drivers
L_000002602e792a30 .part L_000002602e791bd0, 0, 30;
L_000002602e7925d0 .concat [ 2 30 0 0], L_000002602e793178, L_000002602e792a30;
S_000002602e78ae70 .scope module, "t1" "twosCompliment" 2 129, 2 422 0, S_000002602e6a8200;
 .timescale 0 0;
    .port_info 0 /INPUT 8 "DATAIN";
    .port_info 1 /OUTPUT 8 "OUT";
L_000002602e727a80 .functor NOT 8, L_000002602e727620, C4<00000000>, C4<00000000>, C4<00000000>;
v000002602e7905c0_0 .net "DATAIN", 7 0, L_000002602e727620;  alias, 1 drivers
v000002602e78f300_0 .net "OUT", 7 0, L_000002602e7919f0;  alias, 1 drivers
v000002602e790ac0_0 .net *"_ivl_0", 7 0, L_000002602e727a80;  1 drivers
L_000002602e793130 .functor BUFT 1, C4<00000001>, C4<0>, C4<0>, C4<0>;
v000002602e78fda0_0 .net/2u *"_ivl_2", 7 0, L_000002602e793130;  1 drivers
L_000002602e7919f0 .delay 8 (1,1,1) L_000002602e7919f0/d;
L_000002602e7919f0/d .arith/sum 8, L_000002602e727a80, L_000002602e793130;
S_000002602e78a380 .scope module, "writeSel" "MUX" 2 144, 2 430 0, S_000002602e6a8200;
 .timescale 0 0;
    .port_info 0 /INPUT 8 "IN1";
    .port_info 1 /INPUT 8 "IN2";
    .port_info 2 /OUTPUT 8 "OUT";
    .port_info 3 /INPUT 1 "SELECT";
v000002602e78f260_0 .net "IN1", 7 0, v000002602e728aa0_0;  alias, 1 drivers
v000002602e78f6c0_0 .net "IN2", 7 0, v000002602e7299a0_0;  alias, 1 drivers
v000002602e790340_0 .var "OUT", 7 0;
v000002602e790ca0_0 .net "SELECT", 0 0, v000002602e7900c0_0;  1 drivers
E_000002602e716170 .event anyedge, v000002602e790ca0_0, v000002602e728aa0_0, v000002602e729fe0_0;
    .scope S_000002602e6bac60;
T_0 ;
    %wait E_000002602e715df0;
    %delay 1, 0;
    %load/vec4 v000002602e729ae0_0;
    %dup/vec4;
    %pushi/vec4 0, 0, 2;
    %cmp/u;
    %jmp/1 T_0.0, 6;
    %dup/vec4;
    %pushi/vec4 1, 0, 2;
    %cmp/u;
    %jmp/1 T_0.1, 6;
    %dup/vec4;
    %pushi/vec4 2, 0, 2;
    %cmp/u;
    %jmp/1 T_0.2, 6;
    %dup/vec4;
    %pushi/vec4 3, 0, 2;
    %cmp/u;
    %jmp/1 T_0.3, 6;
    %jmp T_0.4;
T_0.0 ;
    %load/vec4 v000002602e728640_0;
    %dup/vec4;
    %pushi/vec4 0, 0, 8;
    %cmp/u;
    %jmp/1 T_0.5, 6;
    %dup/vec4;
    %pushi/vec4 1, 0, 8;
    %cmp/u;
    %jmp/1 T_0.6, 6;
    %dup/vec4;
    %pushi/vec4 2, 0, 8;
    %cmp/u;
    %jmp/1 T_0.7, 6;
    %dup/vec4;
    %pushi/vec4 3, 0, 8;
    %cmp/u;
    %jmp/1 T_0.8, 6;
    %dup/vec4;
    %pushi/vec4 4, 0, 8;
    %cmp/u;
    %jmp/1 T_0.9, 6;
    %dup/vec4;
    %pushi/vec4 5, 0, 8;
    %cmp/u;
    %jmp/1 T_0.10, 6;
    %dup/vec4;
    %pushi/vec4 6, 0, 8;
    %cmp/u;
    %jmp/1 T_0.11, 6;
    %dup/vec4;
    %pushi/vec4 7, 0, 8;
    %cmp/u;
    %jmp/1 T_0.12, 6;
    %pushi/vec4 0, 0, 8;
    %store/vec4 v000002602e728460_0, 0, 8;
    %jmp T_0.14;
T_0.5 ;
    %load/vec4 v000002602e728320_0;
    %store/vec4 v000002602e728460_0, 0, 8;
    %jmp T_0.14;
T_0.6 ;
    %pushi/vec4 0, 0, 1;
    %load/vec4 v000002602e728320_0;
    %parti/s 7, 1, 2;
    %concat/vec4; draw_concat_vec4
    %store/vec4 v000002602e728460_0, 0, 8;
    %jmp T_0.14;
T_0.7 ;
    %pushi/vec4 0, 0, 2;
    %load/vec4 v000002602e728320_0;
    %parti/s 6, 2, 3;
    %concat/vec4; draw_concat_vec4
    %store/vec4 v000002602e728460_0, 0, 8;
    %jmp T_0.14;
T_0.8 ;
    %pushi/vec4 0, 0, 3;
    %load/vec4 v000002602e728320_0;
    %parti/s 5, 3, 3;
    %concat/vec4; draw_concat_vec4
    %store/vec4 v000002602e728460_0, 0, 8;
    %jmp T_0.14;
T_0.9 ;
    %pushi/vec4 0, 0, 4;
    %load/vec4 v000002602e728320_0;
    %parti/s 4, 4, 4;
    %concat/vec4; draw_concat_vec4
    %store/vec4 v000002602e728460_0, 0, 8;
    %jmp T_0.14;
T_0.10 ;
    %pushi/vec4 0, 0, 5;
    %load/vec4 v000002602e728320_0;
    %parti/s 3, 5, 4;
    %concat/vec4; draw_concat_vec4
    %store/vec4 v000002602e728460_0, 0, 8;
    %jmp T_0.14;
T_0.11 ;
    %pushi/vec4 0, 0, 6;
    %load/vec4 v000002602e728320_0;
    %parti/s 2, 6, 4;
    %concat/vec4; draw_concat_vec4
    %store/vec4 v000002602e728460_0, 0, 8;
    %jmp T_0.14;
T_0.12 ;
    %pushi/vec4 0, 0, 7;
    %load/vec4 v000002602e728320_0;
    %parti/s 1, 7, 4;
    %concat/vec4; draw_concat_vec4
    %store/vec4 v000002602e728460_0, 0, 8;
    %jmp T_0.14;
T_0.14 ;
    %pop/vec4 1;
    %jmp T_0.4;
T_0.1 ;
    %load/vec4 v000002602e728640_0;
    %dup/vec4;
    %pushi/vec4 0, 0, 8;
    %cmp/u;
    %jmp/1 T_0.15, 6;
    %dup/vec4;
    %pushi/vec4 1, 0, 8;
    %cmp/u;
    %jmp/1 T_0.16, 6;
    %dup/vec4;
    %pushi/vec4 2, 0, 8;
    %cmp/u;
    %jmp/1 T_0.17, 6;
    %dup/vec4;
    %pushi/vec4 3, 0, 8;
    %cmp/u;
    %jmp/1 T_0.18, 6;
    %dup/vec4;
    %pushi/vec4 4, 0, 8;
    %cmp/u;
    %jmp/1 T_0.19, 6;
    %dup/vec4;
    %pushi/vec4 5, 0, 8;
    %cmp/u;
    %jmp/1 T_0.20, 6;
    %dup/vec4;
    %pushi/vec4 6, 0, 8;
    %cmp/u;
    %jmp/1 T_0.21, 6;
    %dup/vec4;
    %pushi/vec4 7, 0, 8;
    %cmp/u;
    %jmp/1 T_0.22, 6;
    %pushi/vec4 0, 0, 8;
    %store/vec4 v000002602e728460_0, 0, 8;
    %jmp T_0.24;
T_0.15 ;
    %load/vec4 v000002602e728320_0;
    %store/vec4 v000002602e728460_0, 0, 8;
    %jmp T_0.24;
T_0.16 ;
    %load/vec4 v000002602e728320_0;
    %parti/s 7, 0, 2;
    %concati/vec4 0, 0, 1;
    %store/vec4 v000002602e728460_0, 0, 8;
    %jmp T_0.24;
T_0.17 ;
    %load/vec4 v000002602e728320_0;
    %parti/s 6, 0, 2;
    %concati/vec4 0, 0, 2;
    %store/vec4 v000002602e728460_0, 0, 8;
    %jmp T_0.24;
T_0.18 ;
    %load/vec4 v000002602e728320_0;
    %parti/s 5, 0, 2;
    %concati/vec4 0, 0, 3;
    %store/vec4 v000002602e728460_0, 0, 8;
    %jmp T_0.24;
T_0.19 ;
    %load/vec4 v000002602e728320_0;
    %parti/s 4, 0, 2;
    %concati/vec4 0, 0, 4;
    %store/vec4 v000002602e728460_0, 0, 8;
    %jmp T_0.24;
T_0.20 ;
    %load/vec4 v000002602e728320_0;
    %parti/s 3, 0, 2;
    %concati/vec4 0, 0, 5;
    %store/vec4 v000002602e728460_0, 0, 8;
    %jmp T_0.24;
T_0.21 ;
    %load/vec4 v000002602e728320_0;
    %parti/s 2, 0, 2;
    %concati/vec4 0, 0, 6;
    %store/vec4 v000002602e728460_0, 0, 8;
    %jmp T_0.24;
T_0.22 ;
    %load/vec4 v000002602e728320_0;
    %parti/s 1, 0, 2;
    %concati/vec4 0, 0, 7;
    %store/vec4 v000002602e728460_0, 0, 8;
    %jmp T_0.24;
T_0.24 ;
    %pop/vec4 1;
    %jmp T_0.4;
T_0.2 ;
    %load/vec4 v000002602e728640_0;
    %dup/vec4;
    %pushi/vec4 0, 0, 8;
    %cmp/u;
    %jmp/1 T_0.25, 6;
    %dup/vec4;
    %pushi/vec4 1, 0, 8;
    %cmp/u;
    %jmp/1 T_0.26, 6;
    %dup/vec4;
    %pushi/vec4 2, 0, 8;
    %cmp/u;
    %jmp/1 T_0.27, 6;
    %dup/vec4;
    %pushi/vec4 3, 0, 8;
    %cmp/u;
    %jmp/1 T_0.28, 6;
    %dup/vec4;
    %pushi/vec4 4, 0, 8;
    %cmp/u;
    %jmp/1 T_0.29, 6;
    %dup/vec4;
    %pushi/vec4 5, 0, 8;
    %cmp/u;
    %jmp/1 T_0.30, 6;
    %dup/vec4;
    %pushi/vec4 6, 0, 8;
    %cmp/u;
    %jmp/1 T_0.31, 6;
    %dup/vec4;
    %pushi/vec4 7, 0, 8;
    %cmp/u;
    %jmp/1 T_0.32, 6;
    %load/vec4 v000002602e728320_0;
    %parti/s 1, 7, 4;
    %replicate 7;
    %pad/u 8;
    %store/vec4 v000002602e728460_0, 0, 8;
    %jmp T_0.34;
T_0.25 ;
    %load/vec4 v000002602e728320_0;
    %store/vec4 v000002602e728460_0, 0, 8;
    %jmp T_0.34;
T_0.26 ;
    %load/vec4 v000002602e728320_0;
    %parti/s 1, 7, 4;
    %load/vec4 v000002602e728320_0;
    %parti/s 7, 1, 2;
    %concat/vec4; draw_concat_vec4
    %store/vec4 v000002602e728460_0, 0, 8;
    %jmp T_0.34;
T_0.27 ;
    %load/vec4 v000002602e728320_0;
    %parti/s 1, 7, 4;
    %replicate 2;
    %load/vec4 v000002602e728320_0;
    %parti/s 6, 2, 3;
    %concat/vec4; draw_concat_vec4
    %store/vec4 v000002602e728460_0, 0, 8;
    %jmp T_0.34;
T_0.28 ;
    %load/vec4 v000002602e728320_0;
    %parti/s 1, 7, 4;
    %replicate 3;
    %load/vec4 v000002602e728320_0;
    %parti/s 5, 3, 3;
    %concat/vec4; draw_concat_vec4
    %store/vec4 v000002602e728460_0, 0, 8;
    %jmp T_0.34;
T_0.29 ;
    %load/vec4 v000002602e728320_0;
    %parti/s 1, 7, 4;
    %replicate 4;
    %load/vec4 v000002602e728320_0;
    %parti/s 4, 4, 4;
    %concat/vec4; draw_concat_vec4
    %store/vec4 v000002602e728460_0, 0, 8;
    %jmp T_0.34;
T_0.30 ;
    %load/vec4 v000002602e728320_0;
    %parti/s 1, 7, 4;
    %replicate 5;
    %load/vec4 v000002602e728320_0;
    %parti/s 3, 5, 4;
    %concat/vec4; draw_concat_vec4
    %store/vec4 v000002602e728460_0, 0, 8;
    %jmp T_0.34;
T_0.31 ;
    %load/vec4 v000002602e728320_0;
    %parti/s 1, 7, 4;
    %replicate 6;
    %load/vec4 v000002602e728320_0;
    %parti/s 2, 6, 4;
    %concat/vec4; draw_concat_vec4
    %store/vec4 v000002602e728460_0, 0, 8;
    %jmp T_0.34;
T_0.32 ;
    %load/vec4 v000002602e728320_0;
    %parti/s 1, 7, 4;
    %replicate 7;
    %load/vec4 v000002602e728320_0;
    %parti/s 1, 7, 4;
    %concat/vec4; draw_concat_vec4
    %store/vec4 v000002602e728460_0, 0, 8;
    %jmp T_0.34;
T_0.34 ;
    %pop/vec4 1;
    %jmp T_0.4;
T_0.3 ;
    %load/vec4 v000002602e728640_0;
    %pad/u 32;
    %pushi/vec4 8, 0, 32;
    %mod;
    %dup/vec4;
    %pushi/vec4 0, 0, 32;
    %cmp/u;
    %jmp/1 T_0.35, 6;
    %dup/vec4;
    %pushi/vec4 1, 0, 32;
    %cmp/u;
    %jmp/1 T_0.36, 6;
    %dup/vec4;
    %pushi/vec4 2, 0, 32;
    %cmp/u;
    %jmp/1 T_0.37, 6;
    %dup/vec4;
    %pushi/vec4 3, 0, 32;
    %cmp/u;
    %jmp/1 T_0.38, 6;
    %dup/vec4;
    %pushi/vec4 4, 0, 32;
    %cmp/u;
    %jmp/1 T_0.39, 6;
    %dup/vec4;
    %pushi/vec4 5, 0, 32;
    %cmp/u;
    %jmp/1 T_0.40, 6;
    %dup/vec4;
    %pushi/vec4 6, 0, 32;
    %cmp/u;
    %jmp/1 T_0.41, 6;
    %dup/vec4;
    %pushi/vec4 7, 0, 32;
    %cmp/u;
    %jmp/1 T_0.42, 6;
    %jmp T_0.43;
T_0.35 ;
    %load/vec4 v000002602e728320_0;
    %store/vec4 v000002602e728460_0, 0, 8;
    %jmp T_0.43;
T_0.36 ;
    %load/vec4 v000002602e728320_0;
    %parti/s 1, 0, 2;
    %load/vec4 v000002602e728320_0;
    %parti/s 7, 1, 2;
    %concat/vec4; draw_concat_vec4
    %store/vec4 v000002602e728460_0, 0, 8;
    %jmp T_0.43;
T_0.37 ;
    %load/vec4 v000002602e728320_0;
    %parti/s 2, 0, 2;
    %load/vec4 v000002602e728320_0;
    %parti/s 6, 2, 3;
    %concat/vec4; draw_concat_vec4
    %store/vec4 v000002602e728460_0, 0, 8;
    %jmp T_0.43;
T_0.38 ;
    %load/vec4 v000002602e728320_0;
    %parti/s 3, 0, 2;
    %load/vec4 v000002602e728320_0;
    %parti/s 5, 3, 3;
    %concat/vec4; draw_concat_vec4
    %store/vec4 v000002602e728460_0, 0, 8;
    %jmp T_0.43;
T_0.39 ;
    %load/vec4 v000002602e728320_0;
    %parti/s 4, 0, 2;
    %load/vec4 v000002602e728320_0;
    %parti/s 4, 4, 4;
    %concat/vec4; draw_concat_vec4
    %store/vec4 v000002602e728460_0, 0, 8;
    %jmp T_0.43;
T_0.40 ;
    %load/vec4 v000002602e728320_0;
    %parti/s 5, 0, 2;
    %load/vec4 v000002602e728320_0;
    %parti/s 3, 5, 4;
    %concat/vec4; draw_concat_vec4
    %store/vec4 v000002602e728460_0, 0, 8;
    %jmp T_0.43;
T_0.41 ;
    %load/vec4 v000002602e728320_0;
    %parti/s 6, 0, 2;
    %load/vec4 v000002602e728320_0;
    %parti/s 2, 6, 4;
    %concat/vec4; draw_concat_vec4
    %store/vec4 v000002602e728460_0, 0, 8;
    %jmp T_0.43;
T_0.42 ;
    %load/vec4 v000002602e728320_0;
    %parti/s 7, 0, 2;
    %load/vec4 v000002602e728320_0;
    %parti/s 1, 7, 4;
    %concat/vec4; draw_concat_vec4
    %store/vec4 v000002602e728460_0, 0, 8;
    %jmp T_0.43;
T_0.43 ;
    %pop/vec4 1;
    %jmp T_0.4;
T_0.4 ;
    %pop/vec4 1;
    %jmp T_0;
    .thread T_0, $push;
    .scope S_000002602e6baad0;
T_1 ;
    %wait E_000002602e716b70;
    %pushi/vec4 0, 0, 8;
    %store/vec4 v000002602e728dc0_0, 0, 8;
    %load/vec4 v000002602e728d20_0;
    %parti/s 1, 0, 2;
    %pad/u 32;
    %cmpi/e 1, 0, 32;
    %jmp/0xz  T_1.0, 4;
    %load/vec4 v000002602e728dc0_0;
    %load/vec4 v000002602e729f40_0;
    %add;
    %store/vec4 v000002602e728dc0_0, 0, 8;
T_1.0 ;
    %load/vec4 v000002602e728d20_0;
    %parti/s 1, 1, 2;
    %pad/u 32;
    %cmpi/e 1, 0, 32;
    %jmp/0xz  T_1.2, 4;
    %load/vec4 v000002602e728dc0_0;
    %load/vec4 v000002602e729f40_0;
    %parti/s 7, 0, 2;
    %concati/vec4 0, 0, 1;
    %add;
    %store/vec4 v000002602e728dc0_0, 0, 8;
T_1.2 ;
    %load/vec4 v000002602e728d20_0;
    %parti/s 1, 2, 3;
    %pad/u 32;
    %cmpi/e 1, 0, 32;
    %jmp/0xz  T_1.4, 4;
    %load/vec4 v000002602e728dc0_0;
    %load/vec4 v000002602e729f40_0;
    %parti/s 6, 0, 2;
    %concati/vec4 0, 0, 2;
    %add;
    %store/vec4 v000002602e728dc0_0, 0, 8;
T_1.4 ;
    %load/vec4 v000002602e728d20_0;
    %parti/s 1, 3, 3;
    %pad/u 32;
    %cmpi/e 1, 0, 32;
    %jmp/0xz  T_1.6, 4;
    %load/vec4 v000002602e728dc0_0;
    %load/vec4 v000002602e729f40_0;
    %parti/s 5, 0, 2;
    %concati/vec4 0, 0, 3;
    %add;
    %store/vec4 v000002602e728dc0_0, 0, 8;
T_1.6 ;
    %load/vec4 v000002602e728d20_0;
    %parti/s 1, 4, 4;
    %pad/u 32;
    %cmpi/e 1, 0, 32;
    %jmp/0xz  T_1.8, 4;
    %load/vec4 v000002602e728dc0_0;
    %pad/u 9;
    %load/vec4 v000002602e729f40_0;
    %parti/s 5, 0, 2;
    %concati/vec4 0, 0, 4;
    %add;
    %pad/u 8;
    %store/vec4 v000002602e728dc0_0, 0, 8;
T_1.8 ;
    %load/vec4 v000002602e728d20_0;
    %parti/s 1, 5, 4;
    %pad/u 32;
    %cmpi/e 1, 0, 32;
    %jmp/0xz  T_1.10, 4;
    %load/vec4 v000002602e728dc0_0;
    %load/vec4 v000002602e729f40_0;
    %parti/s 3, 0, 2;
    %concati/vec4 0, 0, 5;
    %add;
    %store/vec4 v000002602e728dc0_0, 0, 8;
T_1.10 ;
    %load/vec4 v000002602e728d20_0;
    %parti/s 1, 6, 4;
    %pad/u 32;
    %cmpi/e 1, 0, 32;
    %jmp/0xz  T_1.12, 4;
    %load/vec4 v000002602e728dc0_0;
    %load/vec4 v000002602e729f40_0;
    %parti/s 2, 0, 2;
    %concati/vec4 0, 0, 6;
    %add;
    %store/vec4 v000002602e728dc0_0, 0, 8;
T_1.12 ;
    %load/vec4 v000002602e728d20_0;
    %parti/s 1, 7, 4;
    %pad/u 32;
    %cmpi/e 1, 0, 32;
    %jmp/0xz  T_1.14, 4;
    %load/vec4 v000002602e728dc0_0;
    %load/vec4 v000002602e729f40_0;
    %parti/s 1, 0, 2;
    %concati/vec4 0, 0, 7;
    %add;
    %store/vec4 v000002602e728dc0_0, 0, 8;
T_1.14 ;
    %jmp T_1;
    .thread T_1, $push;
    .scope S_000002602e6a8390;
T_2 ;
    %wait E_000002602e7165f0;
    %load/vec4 v000002602e728960_0;
    %pad/u 32;
    %cmpi/e 0, 0, 32;
    %jmp/0xz  T_2.0, 4;
    %pushi/vec4 1, 0, 1;
    %store/vec4 v000002602e729a40_0, 0, 1;
    %jmp T_2.1;
T_2.0 ;
    %pushi/vec4 0, 0, 1;
    %store/vec4 v000002602e729a40_0, 0, 1;
T_2.1 ;
    %jmp T_2;
    .thread T_2, $push;
    .scope S_000002602e6a8390;
T_3 ;
    %wait E_000002602e7165b0;
    %load/vec4 v000002602e7290e0_0;
    %dup/vec4;
    %pushi/vec4 0, 0, 3;
    %cmp/u;
    %jmp/1 T_3.0, 6;
    %dup/vec4;
    %pushi/vec4 1, 0, 3;
    %cmp/u;
    %jmp/1 T_3.1, 6;
    %dup/vec4;
    %pushi/vec4 2, 0, 3;
    %cmp/u;
    %jmp/1 T_3.2, 6;
    %dup/vec4;
    %pushi/vec4 3, 0, 3;
    %cmp/u;
    %jmp/1 T_3.3, 6;
    %dup/vec4;
    %pushi/vec4 4, 0, 3;
    %cmp/u;
    %jmp/1 T_3.4, 6;
    %dup/vec4;
    %pushi/vec4 5, 0, 3;
    %cmp/u;
    %jmp/1 T_3.5, 6;
    %pushi/vec4 0, 0, 8;
    %cassign/vec4 v000002602e7299a0_0;
    %jmp T_3.7;
T_3.0 ;
    %load/vec4 v000002602e728780_0;
    %cassign/vec4 v000002602e7299a0_0;
    %cassign/link v000002602e7299a0_0, v000002602e728780_0;
    %jmp T_3.7;
T_3.1 ;
    %load/vec4 v000002602e728960_0;
    %cassign/vec4 v000002602e7299a0_0;
    %cassign/link v000002602e7299a0_0, v000002602e728960_0;
    %jmp T_3.7;
T_3.2 ;
    %load/vec4 v000002602e729860_0;
    %cassign/vec4 v000002602e7299a0_0;
    %cassign/link v000002602e7299a0_0, v000002602e729860_0;
    %jmp T_3.7;
T_3.3 ;
    %load/vec4 v000002602e728fa0_0;
    %cassign/vec4 v000002602e7299a0_0;
    %cassign/link v000002602e7299a0_0, v000002602e728fa0_0;
    %jmp T_3.7;
T_3.4 ;
    %load/vec4 v000002602e729220_0;
    %cassign/vec4 v000002602e7299a0_0;
    %cassign/link v000002602e7299a0_0, v000002602e729220_0;
    %jmp T_3.7;
T_3.5 ;
    %load/vec4 v000002602e729b80_0;
    %cassign/vec4 v000002602e7299a0_0;
    %cassign/link v000002602e7299a0_0, v000002602e729b80_0;
    %jmp T_3.7;
T_3.7 ;
    %pop/vec4 1;
    %jmp T_3;
    .thread T_3, $push;
    .scope S_000002602e78a9c0;
T_4 ;
    %wait E_000002602e716d70;
    %load/vec4 v000002602e73cb10_0;
    %load/vec4 v000002602e73e190_0;
    %nor/r;
    %and;
    %flag_set/vec4 8;
    %jmp/0xz  T_4.0, 8;
    %delay 1, 0;
    %load/vec4 v000002602e73e870_0;
    %load/vec4 v000002602e73df10_0;
    %pad/u 5;
    %ix/vec4 3;
    %ix/load 4, 0, 0; Constant delay
    %assign/vec4/a/d v000002602e73e230, 0, 4;
T_4.0 ;
    %load/vec4 v000002602e73e190_0;
    %flag_set/vec4 8;
    %jmp/0xz  T_4.2, 8;
    %delay 1, 0;
    %pushi/vec4 0, 0, 32;
    %store/vec4 v000002602e73cbb0_0, 0, 32;
T_4.4 ;
    %load/vec4 v000002602e73cbb0_0;
    %cmpi/s 8, 0, 32;
    %jmp/0xz T_4.5, 5;
    %pushi/vec4 0, 0, 8;
    %ix/getv/s 4, v000002602e73cbb0_0;
    %store/vec4a v000002602e73e230, 4, 0;
    ; show_stmt_assign_vector: Get l-value for compressed += operand
    %load/vec4 v000002602e73cbb0_0;
    %pushi/vec4 1, 0, 32;
    %add;
    %store/vec4 v000002602e73cbb0_0, 0, 32;
    %jmp T_4.4;
T_4.5 ;
T_4.2 ;
    %jmp T_4;
    .thread T_4;
    .scope S_000002602e6df830;
T_5 ;
    %wait E_000002602e716070;
    %load/vec4 v000002602e73d470_0;
    %dup/vec4;
    %pushi/vec4 1, 0, 1;
    %cmp/u;
    %jmp/1 T_5.0, 6;
    %dup/vec4;
    %pushi/vec4 0, 0, 1;
    %cmp/u;
    %jmp/1 T_5.1, 6;
    %pushi/vec4 0, 0, 8;
    %assign/vec4 v000002602e73dd30_0, 0;
    %jmp T_5.3;
T_5.0 ;
    %load/vec4 v000002602e73db50_0;
    %assign/vec4 v000002602e73dd30_0, 0;
    %jmp T_5.3;
T_5.1 ;
    %load/vec4 v000002602e73d3d0_0;
    %assign/vec4 v000002602e73dd30_0, 0;
    %jmp T_5.3;
T_5.3 ;
    %pop/vec4 1;
    %jmp T_5;
    .thread T_5, $push;
    .scope S_000002602e6df6a0;
T_6 ;
    %wait E_000002602e716970;
    %load/vec4 v000002602e73d330_0;
    %dup/vec4;
    %pushi/vec4 1, 0, 1;
    %cmp/u;
    %jmp/1 T_6.0, 6;
    %dup/vec4;
    %pushi/vec4 0, 0, 1;
    %cmp/u;
    %jmp/1 T_6.1, 6;
    %pushi/vec4 0, 0, 8;
    %assign/vec4 v000002602e73d650_0, 0;
    %jmp T_6.3;
T_6.0 ;
    %load/vec4 v000002602e73d6f0_0;
    %assign/vec4 v000002602e73d650_0, 0;
    %jmp T_6.3;
T_6.1 ;
    %load/vec4 v000002602e73ccf0_0;
    %assign/vec4 v000002602e73d650_0, 0;
    %jmp T_6.3;
T_6.3 ;
    %pop/vec4 1;
    %jmp T_6;
    .thread T_6, $push;
    .scope S_000002602e6e0100;
T_7 ;
    %wait E_000002602e716130;
    %load/vec4 v000002602e73ddd0_0;
    %dup/vec4;
    %pushi/vec4 1, 0, 1;
    %cmp/u;
    %jmp/1 T_7.0, 6;
    %dup/vec4;
    %pushi/vec4 0, 0, 1;
    %cmp/u;
    %jmp/1 T_7.1, 6;
    %jmp T_7.2;
T_7.0 ;
    %load/vec4 v000002602e73d790_0;
    %assign/vec4 v000002602e73e050_0, 0;
    %jmp T_7.2;
T_7.1 ;
    %load/vec4 v000002602e73dbf0_0;
    %assign/vec4 v000002602e73e050_0, 0;
    %jmp T_7.2;
T_7.2 ;
    %pop/vec4 1;
    %jmp T_7;
    .thread T_7, $push;
    .scope S_000002602e78a6a0;
T_8 ;
    %end;
    .thread T_8;
    .scope S_000002602e78ace0;
T_9 ;
    %wait E_000002602e7169b0;
    %load/vec4 v000002602e73de70_0;
    %dup/vec4;
    %pushi/vec4 1, 0, 1;
    %cmp/u;
    %jmp/1 T_9.0, 6;
    %dup/vec4;
    %pushi/vec4 0, 0, 1;
    %cmp/u;
    %jmp/1 T_9.1, 6;
    %jmp T_9.2;
T_9.0 ;
    %load/vec4 v000002602e73d830_0;
    %assign/vec4 v000002602e73e690_0, 0;
    %jmp T_9.2;
T_9.1 ;
    %load/vec4 v000002602e73d8d0_0;
    %assign/vec4 v000002602e73e690_0, 0;
    %jmp T_9.2;
T_9.2 ;
    %pop/vec4 1;
    %jmp T_9;
    .thread T_9, $push;
    .scope S_000002602e78a380;
T_10 ;
    %wait E_000002602e716170;
    %load/vec4 v000002602e790ca0_0;
    %dup/vec4;
    %pushi/vec4 1, 0, 1;
    %cmp/u;
    %jmp/1 T_10.0, 6;
    %dup/vec4;
    %pushi/vec4 0, 0, 1;
    %cmp/u;
    %jmp/1 T_10.1, 6;
    %pushi/vec4 0, 0, 8;
    %assign/vec4 v000002602e790340_0, 0;
    %jmp T_10.3;
T_10.0 ;
    %load/vec4 v000002602e78f260_0;
    %assign/vec4 v000002602e790340_0, 0;
    %jmp T_10.3;
T_10.1 ;
    %load/vec4 v000002602e78f6c0_0;
    %assign/vec4 v000002602e790340_0, 0;
    %jmp T_10.3;
T_10.3 ;
    %pop/vec4 1;
    %jmp T_10;
    .thread T_10, $push;
    .scope S_000002602e6a8200;
T_11 ;
    %wait E_000002602e716d70;
    %load/vec4 v000002602e790660_0;
    %cmpi/e 0, 0, 1;
    %jmp/0xz  T_11.0, 4;
    %load/vec4 v000002602e78f120_0;
    %cmpi/e 1, 0, 1;
    %jmp/0xz  T_11.2, 4;
    %delay 1, 0;
    %pushi/vec4 0, 0, 32;
    %store/vec4 v000002602e78f4e0_0, 0, 32;
    %jmp T_11.3;
T_11.2 ;
    %delay 1, 0;
    %load/vec4 v000002602e78f620_0;
    %store/vec4 v000002602e78f4e0_0, 0, 32;
T_11.3 ;
T_11.0 ;
    %jmp T_11;
    .thread T_11;
    .scope S_000002602e6a8200;
T_12 ;
    %wait E_000002602e716530;
    %load/vec4 v000002602e790660_0;
    %cmpi/e 0, 0, 1;
    %jmp/0xz  T_12.0, 4;
    %pushi/vec4 0, 0, 1;
    %store/vec4 v000002602e790520_0, 0, 1;
    %pushi/vec4 0, 0, 1;
    %store/vec4 v000002602e78fbc0_0, 0, 1;
T_12.0 ;
    %jmp T_12;
    .thread T_12, $push;
    .scope S_000002602e6a8200;
T_13 ;
    %wait E_000002602e7167b0;
    %load/vec4 v000002602e78f3a0_0;
    %parti/s 3, 16, 6;
    %store/vec4 v000002602e78fb20_0, 0, 3;
    %load/vec4 v000002602e78f3a0_0;
    %parti/s 3, 8, 5;
    %store/vec4 v000002602e790f20_0, 0, 3;
    %load/vec4 v000002602e78f3a0_0;
    %parti/s 3, 0, 2;
    %store/vec4 v000002602e790c00_0, 0, 3;
    %delay 1, 0;
    %load/vec4 v000002602e78f3a0_0;
    %parti/s 8, 24, 6;
    %dup/vec4;
    %pushi/vec4 0, 0, 8;
    %cmp/u;
    %jmp/1 T_13.0, 6;
    %dup/vec4;
    %pushi/vec4 1, 0, 8;
    %cmp/u;
    %jmp/1 T_13.1, 6;
    %dup/vec4;
    %pushi/vec4 2, 0, 8;
    %cmp/u;
    %jmp/1 T_13.2, 6;
    %dup/vec4;
    %pushi/vec4 3, 0, 8;
    %cmp/u;
    %jmp/1 T_13.3, 6;
    %dup/vec4;
    %pushi/vec4 4, 0, 8;
    %cmp/u;
    %jmp/1 T_13.4, 6;
    %dup/vec4;
    %pushi/vec4 5, 0, 8;
    %cmp/u;
    %jmp/1 T_13.5, 6;
    %dup/vec4;
    %pushi/vec4 6, 0, 8;
    %cmp/u;
    %jmp/1 T_13.6, 6;
    %dup/vec4;
    %pushi/vec4 7, 0, 8;
    %cmp/u;
    %jmp/1 T_13.7, 6;
    %dup/vec4;
    %pushi/vec4 8, 0, 8;
    %cmp/u;
    %jmp/1 T_13.8, 6;
    %dup/vec4;
    %pushi/vec4 9, 0, 8;
    %cmp/u;
    %jmp/1 T_13.9, 6;
    %dup/vec4;
    %pushi/vec4 10, 0, 8;
    %cmp/u;
    %jmp/1 T_13.10, 6;
    %dup/vec4;
    %pushi/vec4 11, 0, 8;
    %cmp/u;
    %jmp/1 T_13.11, 6;
    %dup/vec4;
    %pushi/vec4 12, 0, 8;
    %cmp/u;
    %jmp/1 T_13.12, 6;
    %dup/vec4;
    %pushi/vec4 13, 0, 8;
    %cmp/u;
    %jmp/1 T_13.13, 6;
    %dup/vec4;
    %pushi/vec4 14, 0, 8;
    %cmp/u;
    %jmp/1 T_13.14, 6;
    %dup/vec4;
    %pushi/vec4 15, 0, 8;
    %cmp/u;
    %jmp/1 T_13.15, 6;
    %dup/vec4;
    %pushi/vec4 16, 0, 8;
    %cmp/u;
    %jmp/1 T_13.16, 6;
    %dup/vec4;
    %pushi/vec4 17, 0, 8;
    %cmp/u;
    %jmp/1 T_13.17, 6;
    %jmp T_13.18;
T_13.0 ;
    %pushi/vec4 1, 0, 1;
    %store/vec4 v000002602e78f940_0, 0, 1;
    %pushi/vec4 0, 0, 1;
    %store/vec4 v000002602e790160_0, 0, 1;
    %pushi/vec4 1, 0, 1;
    %store/vec4 v000002602e78fd00_0, 0, 1;
    %pushi/vec4 0, 0, 3;
    %store/vec4 v000002602e790020_0, 0, 3;
    %pushi/vec4 0, 0, 1;
    %store/vec4 v000002602e78fee0_0, 0, 1;
    %pushi/vec4 0, 0, 1;
    %store/vec4 v000002602e790d40_0, 0, 1;
    %pushi/vec4 0, 0, 1;
    %store/vec4 v000002602e790200_0, 0, 1;
    %pushi/vec4 0, 0, 1;
    %store/vec4 v000002602e7900c0_0, 0, 1;
    %jmp T_13.18;
T_13.1 ;
    %pushi/vec4 1, 0, 1;
    %store/vec4 v000002602e78f940_0, 0, 1;
    %pushi/vec4 0, 0, 1;
    %store/vec4 v000002602e790160_0, 0, 1;
    %pushi/vec4 0, 0, 1;
    %store/vec4 v000002602e78fd00_0, 0, 1;
    %pushi/vec4 0, 0, 3;
    %store/vec4 v000002602e790020_0, 0, 3;
    %pushi/vec4 0, 0, 1;
    %store/vec4 v000002602e78fee0_0, 0, 1;
    %pushi/vec4 0, 0, 1;
    %store/vec4 v000002602e790d40_0, 0, 1;
    %pushi/vec4 0, 0, 1;
    %store/vec4 v000002602e790200_0, 0, 1;
    %pushi/vec4 0, 0, 1;
    %store/vec4 v000002602e7900c0_0, 0, 1;
    %jmp T_13.18;
T_13.2 ;
    %pushi/vec4 1, 0, 1;
    %store/vec4 v000002602e78f940_0, 0, 1;
    %pushi/vec4 0, 0, 1;
    %store/vec4 v000002602e790160_0, 0, 1;
    %pushi/vec4 0, 0, 1;
    %store/vec4 v000002602e78fd00_0, 0, 1;
    %pushi/vec4 1, 0, 3;
    %store/vec4 v000002602e790020_0, 0, 3;
    %pushi/vec4 0, 0, 1;
    %store/vec4 v000002602e78fee0_0, 0, 1;
    %pushi/vec4 0, 0, 1;
    %store/vec4 v000002602e790d40_0, 0, 1;
    %pushi/vec4 0, 0, 1;
    %store/vec4 v000002602e790200_0, 0, 1;
    %pushi/vec4 0, 0, 1;
    %store/vec4 v000002602e7900c0_0, 0, 1;
    %jmp T_13.18;
T_13.3 ;
    %pushi/vec4 1, 0, 1;
    %store/vec4 v000002602e78f940_0, 0, 1;
    %pushi/vec4 1, 0, 1;
    %store/vec4 v000002602e790160_0, 0, 1;
    %pushi/vec4 0, 0, 1;
    %store/vec4 v000002602e78fd00_0, 0, 1;
    %pushi/vec4 1, 0, 3;
    %store/vec4 v000002602e790020_0, 0, 3;
    %pushi/vec4 0, 0, 1;
    %store/vec4 v000002602e78fee0_0, 0, 1;
    %pushi/vec4 0, 0, 1;
    %store/vec4 v000002602e790d40_0, 0, 1;
    %pushi/vec4 0, 0, 1;
    %store/vec4 v000002602e790200_0, 0, 1;
    %pushi/vec4 0, 0, 1;
    %store/vec4 v000002602e7900c0_0, 0, 1;
    %jmp T_13.18;
T_13.4 ;
    %pushi/vec4 1, 0, 1;
    %store/vec4 v000002602e78f940_0, 0, 1;
    %pushi/vec4 0, 0, 1;
    %store/vec4 v000002602e790160_0, 0, 1;
    %pushi/vec4 0, 0, 1;
    %store/vec4 v000002602e78fd00_0, 0, 1;
    %pushi/vec4 2, 0, 3;
    %store/vec4 v000002602e790020_0, 0, 3;
    %pushi/vec4 0, 0, 1;
    %store/vec4 v000002602e78fee0_0, 0, 1;
    %pushi/vec4 0, 0, 1;
    %store/vec4 v000002602e790d40_0, 0, 1;
    %pushi/vec4 0, 0, 1;
    %store/vec4 v000002602e790200_0, 0, 1;
    %pushi/vec4 0, 0, 1;
    %store/vec4 v000002602e7900c0_0, 0, 1;
    %jmp T_13.18;
T_13.5 ;
    %pushi/vec4 1, 0, 1;
    %store/vec4 v000002602e78f940_0, 0, 1;
    %pushi/vec4 0, 0, 1;
    %store/vec4 v000002602e790160_0, 0, 1;
    %pushi/vec4 0, 0, 1;
    %store/vec4 v000002602e78fd00_0, 0, 1;
    %pushi/vec4 3, 0, 3;
    %store/vec4 v000002602e790020_0, 0, 3;
    %pushi/vec4 0, 0, 1;
    %store/vec4 v000002602e78fee0_0, 0, 1;
    %pushi/vec4 0, 0, 1;
    %store/vec4 v000002602e790d40_0, 0, 1;
    %pushi/vec4 0, 0, 1;
    %store/vec4 v000002602e790200_0, 0, 1;
    %pushi/vec4 0, 0, 1;
    %store/vec4 v000002602e7900c0_0, 0, 1;
    %jmp T_13.18;
T_13.6 ;
    %pushi/vec4 0, 0, 1;
    %store/vec4 v000002602e78f940_0, 0, 1;
    %pushi/vec4 0, 0, 1;
    %store/vec4 v000002602e790160_0, 0, 1;
    %pushi/vec4 0, 0, 1;
    %store/vec4 v000002602e78fd00_0, 0, 1;
    %pushi/vec4 0, 0, 3;
    %store/vec4 v000002602e790020_0, 0, 3;
    %pushi/vec4 1, 0, 1;
    %store/vec4 v000002602e78fee0_0, 0, 1;
    %pushi/vec4 0, 0, 1;
    %store/vec4 v000002602e790d40_0, 0, 1;
    %pushi/vec4 0, 0, 1;
    %store/vec4 v000002602e790200_0, 0, 1;
    %pushi/vec4 0, 0, 1;
    %store/vec4 v000002602e7900c0_0, 0, 1;
    %jmp T_13.18;
T_13.7 ;
    %pushi/vec4 0, 0, 1;
    %store/vec4 v000002602e78f940_0, 0, 1;
    %pushi/vec4 1, 0, 1;
    %store/vec4 v000002602e790160_0, 0, 1;
    %pushi/vec4 0, 0, 1;
    %store/vec4 v000002602e78fd00_0, 0, 1;
    %pushi/vec4 0, 0, 1;
    %store/vec4 v000002602e78fee0_0, 0, 1;
    %pushi/vec4 1, 0, 1;
    %store/vec4 v000002602e790d40_0, 0, 1;
    %pushi/vec4 1, 0, 3;
    %store/vec4 v000002602e790020_0, 0, 3;
    %pushi/vec4 0, 0, 1;
    %store/vec4 v000002602e790200_0, 0, 1;
    %pushi/vec4 0, 0, 1;
    %store/vec4 v000002602e7900c0_0, 0, 1;
    %jmp T_13.18;
T_13.8 ;
    %pushi/vec4 1, 0, 1;
    %store/vec4 v000002602e78f940_0, 0, 1;
    %pushi/vec4 0, 0, 1;
    %store/vec4 v000002602e790160_0, 0, 1;
    %pushi/vec4 0, 0, 1;
    %store/vec4 v000002602e78fd00_0, 0, 1;
    %pushi/vec4 0, 0, 1;
    %store/vec4 v000002602e78fee0_0, 0, 1;
    %pushi/vec4 0, 0, 1;
    %store/vec4 v000002602e790d40_0, 0, 1;
    %pushi/vec4 0, 0, 3;
    %store/vec4 v000002602e790020_0, 0, 3;
    %pushi/vec4 0, 0, 1;
    %store/vec4 v000002602e790200_0, 0, 1;
    %pushi/vec4 1, 0, 1;
    %store/vec4 v000002602e7900c0_0, 0, 1;
    %pushi/vec4 1, 0, 1;
    %store/vec4 v000002602e790520_0, 0, 1;
    %pushi/vec4 0, 0, 1;
    %store/vec4 v000002602e78fbc0_0, 0, 1;
    %jmp T_13.18;
T_13.9 ;
    %pushi/vec4 1, 0, 1;
    %store/vec4 v000002602e78f940_0, 0, 1;
    %pushi/vec4 0, 0, 1;
    %store/vec4 v000002602e790160_0, 0, 1;
    %pushi/vec4 1, 0, 1;
    %store/vec4 v000002602e78fd00_0, 0, 1;
    %pushi/vec4 0, 0, 1;
    %store/vec4 v000002602e78fee0_0, 0, 1;
    %pushi/vec4 0, 0, 1;
    %store/vec4 v000002602e790d40_0, 0, 1;
    %pushi/vec4 0, 0, 3;
    %store/vec4 v000002602e790020_0, 0, 3;
    %pushi/vec4 0, 0, 1;
    %store/vec4 v000002602e790200_0, 0, 1;
    %pushi/vec4 1, 0, 1;
    %store/vec4 v000002602e7900c0_0, 0, 1;
    %pushi/vec4 1, 0, 1;
    %store/vec4 v000002602e790520_0, 0, 1;
    %pushi/vec4 0, 0, 1;
    %store/vec4 v000002602e78fbc0_0, 0, 1;
    %jmp T_13.18;
T_13.10 ;
    %pushi/vec4 0, 0, 1;
    %store/vec4 v000002602e78f940_0, 0, 1;
    %pushi/vec4 0, 0, 1;
    %store/vec4 v000002602e790160_0, 0, 1;
    %pushi/vec4 0, 0, 1;
    %store/vec4 v000002602e78fd00_0, 0, 1;
    %pushi/vec4 0, 0, 1;
    %store/vec4 v000002602e78fee0_0, 0, 1;
    %pushi/vec4 0, 0, 1;
    %store/vec4 v000002602e790d40_0, 0, 1;
    %pushi/vec4 0, 0, 3;
    %store/vec4 v000002602e790020_0, 0, 3;
    %pushi/vec4 0, 0, 1;
    %store/vec4 v000002602e790200_0, 0, 1;
    %pushi/vec4 0, 0, 1;
    %store/vec4 v000002602e7900c0_0, 0, 1;
    %pushi/vec4 0, 0, 1;
    %store/vec4 v000002602e790520_0, 0, 1;
    %pushi/vec4 1, 0, 1;
    %store/vec4 v000002602e78fbc0_0, 0, 1;
    %jmp T_13.18;
T_13.11 ;
    %pushi/vec4 0, 0, 1;
    %store/vec4 v000002602e78f940_0, 0, 1;
    %pushi/vec4 0, 0, 1;
    %store/vec4 v000002602e790160_0, 0, 1;
    %pushi/vec4 1, 0, 1;
    %store/vec4 v000002602e78fd00_0, 0, 1;
    %pushi/vec4 0, 0, 1;
    %store/vec4 v000002602e78fee0_0, 0, 1;
    %pushi/vec4 0, 0, 1;
    %store/vec4 v000002602e790d40_0, 0, 1;
    %pushi/vec4 0, 0, 3;
    %store/vec4 v000002602e790020_0, 0, 3;
    %pushi/vec4 0, 0, 1;
    %store/vec4 v000002602e790200_0, 0, 1;
    %pushi/vec4 0, 0, 1;
    %store/vec4 v000002602e7900c0_0, 0, 1;
    %pushi/vec4 0, 0, 1;
    %store/vec4 v000002602e790520_0, 0, 1;
    %pushi/vec4 1, 0, 1;
    %store/vec4 v000002602e78fbc0_0, 0, 1;
    %jmp T_13.18;
T_13.12 ;
    %pushi/vec4 1, 0, 1;
    %store/vec4 v000002602e78f940_0, 0, 1;
    %pushi/vec4 0, 0, 1;
    %store/vec4 v000002602e790160_0, 0, 1;
    %pushi/vec4 1, 0, 1;
    %store/vec4 v000002602e78fd00_0, 0, 1;
    %pushi/vec4 0, 0, 1;
    %store/vec4 v000002602e78fee0_0, 0, 1;
    %pushi/vec4 0, 0, 1;
    %store/vec4 v000002602e790d40_0, 0, 1;
    %pushi/vec4 4, 0, 3;
    %store/vec4 v000002602e790020_0, 0, 3;
    %pushi/vec4 1, 0, 2;
    %store/vec4 v000002602e790700_0, 0, 2;
    %pushi/vec4 0, 0, 1;
    %store/vec4 v000002602e790200_0, 0, 1;
    %pushi/vec4 0, 0, 1;
    %store/vec4 v000002602e7900c0_0, 0, 1;
    %jmp T_13.18;
T_13.13 ;
    %pushi/vec4 1, 0, 1;
    %store/vec4 v000002602e78f940_0, 0, 1;
    %pushi/vec4 0, 0, 1;
    %store/vec4 v000002602e790160_0, 0, 1;
    %pushi/vec4 1, 0, 1;
    %store/vec4 v000002602e78fd00_0, 0, 1;
    %pushi/vec4 0, 0, 1;
    %store/vec4 v000002602e78fee0_0, 0, 1;
    %pushi/vec4 0, 0, 1;
    %store/vec4 v000002602e790d40_0, 0, 1;
    %pushi/vec4 4, 0, 3;
    %store/vec4 v000002602e790020_0, 0, 3;
    %pushi/vec4 0, 0, 2;
    %store/vec4 v000002602e790700_0, 0, 2;
    %pushi/vec4 0, 0, 1;
    %store/vec4 v000002602e790200_0, 0, 1;
    %pushi/vec4 0, 0, 1;
    %store/vec4 v000002602e7900c0_0, 0, 1;
    %jmp T_13.18;
T_13.14 ;
    %pushi/vec4 1, 0, 1;
    %store/vec4 v000002602e78f940_0, 0, 1;
    %pushi/vec4 0, 0, 1;
    %store/vec4 v000002602e790160_0, 0, 1;
    %pushi/vec4 1, 0, 1;
    %store/vec4 v000002602e78fd00_0, 0, 1;
    %pushi/vec4 0, 0, 1;
    %store/vec4 v000002602e78fee0_0, 0, 1;
    %pushi/vec4 0, 0, 1;
    %store/vec4 v000002602e790d40_0, 0, 1;
    %pushi/vec4 4, 0, 3;
    %store/vec4 v000002602e790020_0, 0, 3;
    %pushi/vec4 2, 0, 2;
    %store/vec4 v000002602e790700_0, 0, 2;
    %pushi/vec4 0, 0, 1;
    %store/vec4 v000002602e790200_0, 0, 1;
    %pushi/vec4 0, 0, 1;
    %store/vec4 v000002602e7900c0_0, 0, 1;
    %jmp T_13.18;
T_13.15 ;
    %pushi/vec4 1, 0, 1;
    %store/vec4 v000002602e78f940_0, 0, 1;
    %pushi/vec4 0, 0, 1;
    %store/vec4 v000002602e790160_0, 0, 1;
    %pushi/vec4 1, 0, 1;
    %store/vec4 v000002602e78fd00_0, 0, 1;
    %pushi/vec4 0, 0, 1;
    %store/vec4 v000002602e78fee0_0, 0, 1;
    %pushi/vec4 0, 0, 1;
    %store/vec4 v000002602e790d40_0, 0, 1;
    %pushi/vec4 4, 0, 3;
    %store/vec4 v000002602e790020_0, 0, 3;
    %pushi/vec4 3, 0, 2;
    %store/vec4 v000002602e790700_0, 0, 2;
    %pushi/vec4 0, 0, 1;
    %store/vec4 v000002602e790200_0, 0, 1;
    %pushi/vec4 0, 0, 1;
    %store/vec4 v000002602e7900c0_0, 0, 1;
    %jmp T_13.18;
T_13.16 ;
    %pushi/vec4 0, 0, 1;
    %store/vec4 v000002602e78f940_0, 0, 1;
    %pushi/vec4 1, 0, 1;
    %store/vec4 v000002602e790160_0, 0, 1;
    %pushi/vec4 0, 0, 1;
    %store/vec4 v000002602e78fd00_0, 0, 1;
    %pushi/vec4 0, 0, 1;
    %store/vec4 v000002602e78fee0_0, 0, 1;
    %pushi/vec4 0, 0, 1;
    %store/vec4 v000002602e790d40_0, 0, 1;
    %pushi/vec4 1, 0, 3;
    %store/vec4 v000002602e790020_0, 0, 3;
    %pushi/vec4 1, 0, 1;
    %store/vec4 v000002602e790200_0, 0, 1;
    %pushi/vec4 0, 0, 1;
    %store/vec4 v000002602e7900c0_0, 0, 1;
    %jmp T_13.18;
T_13.17 ;
    %pushi/vec4 1, 0, 1;
    %store/vec4 v000002602e78f940_0, 0, 1;
    %pushi/vec4 0, 0, 1;
    %store/vec4 v000002602e790160_0, 0, 1;
    %pushi/vec4 0, 0, 1;
    %store/vec4 v000002602e78fd00_0, 0, 1;
    %pushi/vec4 0, 0, 1;
    %store/vec4 v000002602e78fee0_0, 0, 1;
    %pushi/vec4 0, 0, 1;
    %store/vec4 v000002602e790d40_0, 0, 1;
    %pushi/vec4 5, 0, 3;
    %store/vec4 v000002602e790020_0, 0, 3;
    %pushi/vec4 0, 0, 1;
    %store/vec4 v000002602e790200_0, 0, 1;
    %pushi/vec4 0, 0, 1;
    %store/vec4 v000002602e7900c0_0, 0, 1;
    %jmp T_13.18;
T_13.18 ;
    %pop/vec4 1;
    %jmp T_13;
    .thread T_13, $push;
    .scope S_000002602e72a640;
T_14 ;
    %wait E_000002602e716770;
    %load/vec4 v000002602e7297c0_0;
    %flag_set/vec4 8;
    %jmp/1 T_14.2, 8;
    %load/vec4 v000002602e729680_0;
    %flag_set/vec4 9;
    %flag_or 8, 9;
T_14.2;
    %jmp/0 T_14.0, 8;
    %pushi/vec4 1, 0, 2;
    %jmp/1 T_14.1, 8;
T_14.0 ; End of true expr.
    %pushi/vec4 0, 0, 2;
    %jmp/0 T_14.1, 8;
 ; End of false expr.
    %blend;
T_14.1;
    %pad/s 1;
    %store/vec4 v000002602e72a080_0, 0, 1;
    %load/vec4 v000002602e7297c0_0;
    %flag_set/vec4 9;
    %flag_get/vec4 9;
    %jmp/0 T_14.5, 9;
    %load/vec4 v000002602e729680_0;
    %nor/r;
    %and;
T_14.5;
    %flag_set/vec4 8;
    %jmp/0 T_14.3, 8;
    %pushi/vec4 1, 0, 2;
    %jmp/1 T_14.4, 8;
T_14.3 ; End of true expr.
    %pushi/vec4 0, 0, 2;
    %jmp/0 T_14.4, 8;
 ; End of false expr.
    %blend;
T_14.4;
    %pad/s 1;
    %store/vec4 v000002602e7288c0_0, 0, 1;
    %load/vec4 v000002602e7297c0_0;
    %nor/r;
    %flag_set/vec4 9;
    %flag_get/vec4 9;
    %jmp/0 T_14.8, 9;
    %load/vec4 v000002602e729680_0;
    %and;
T_14.8;
    %flag_set/vec4 8;
    %jmp/0 T_14.6, 8;
    %pushi/vec4 1, 0, 2;
    %jmp/1 T_14.7, 8;
T_14.6 ; End of true expr.
    %pushi/vec4 0, 0, 2;
    %jmp/0 T_14.7, 8;
 ; End of false expr.
    %blend;
T_14.7;
    %pad/s 1;
    %store/vec4 v000002602e729400_0, 0, 1;
    %jmp T_14;
    .thread T_14, $push;
    .scope S_000002602e72a640;
T_15 ;
    %wait E_000002602e716d70;
    %load/vec4 v000002602e7288c0_0;
    %flag_set/vec4 8;
    %jmp/0xz  T_15.0, 8;
    %load/vec4 v000002602e729fe0_0;
    %pad/u 10;
    %ix/vec4 4;
    %load/vec4a v000002602e7295e0, 4;
    %store/vec4 v000002602e729900_0, 0, 8;
    %pushi/vec4 40, 0, 64;
    %ix/vec4 4;
    %delayx 4;
    %load/vec4 v000002602e729900_0;
    %store/vec4 v000002602e728aa0_0, 0, 8;
    %pushi/vec4 0, 0, 1;
    %store/vec4 v000002602e72a080_0, 0, 1;
    %pushi/vec4 0, 0, 1;
    %store/vec4 v000002602e7288c0_0, 0, 1;
T_15.0 ;
    %load/vec4 v000002602e729400_0;
    %flag_set/vec4 8;
    %jmp/0xz  T_15.2, 8;
    %load/vec4 v000002602e729720_0;
    %store/vec4 v000002602e729540_0, 0, 8;
    %pushi/vec4 40, 0, 64;
    %ix/vec4 4;
    %delayx 4;
    %load/vec4 v000002602e729540_0;
    %load/vec4 v000002602e729fe0_0;
    %pad/u 10;
    %ix/vec4 4;
    %store/vec4a v000002602e7295e0, 4, 0;
    %pushi/vec4 0, 0, 1;
    %store/vec4 v000002602e72a080_0, 0, 1;
    %pushi/vec4 0, 0, 1;
    %store/vec4 v000002602e729400_0, 0, 1;
T_15.2 ;
    %jmp T_15;
    .thread T_15;
    .scope S_000002602e72a640;
T_16 ;
    %wait E_000002602e7160f0;
    %load/vec4 v000002602e728a00_0;
    %flag_set/vec4 8;
    %jmp/0xz  T_16.0, 8;
    %pushi/vec4 0, 0, 32;
    %store/vec4 v000002602e7294a0_0, 0, 32;
T_16.2 ;
    %load/vec4 v000002602e7294a0_0;
    %cmpi/s 256, 0, 32;
    %jmp/0xz T_16.3, 5;
    %pushi/vec4 0, 0, 8;
    %ix/getv/s 4, v000002602e7294a0_0;
    %store/vec4a v000002602e7295e0, 4, 0;
    %load/vec4 v000002602e7294a0_0;
    %addi 1, 0, 32;
    %store/vec4 v000002602e7294a0_0, 0, 32;
    %jmp T_16.2;
T_16.3 ;
    %pushi/vec4 0, 0, 1;
    %store/vec4 v000002602e72a080_0, 0, 1;
    %pushi/vec4 0, 0, 1;
    %store/vec4 v000002602e7288c0_0, 0, 1;
    %pushi/vec4 0, 0, 1;
    %store/vec4 v000002602e729400_0, 0, 1;
T_16.0 ;
    %jmp T_16;
    .thread T_16;
    .scope S_000002602e72a2e0;
T_17 ;
    %wait E_000002602e716af0;
    %delay 2, 0;
    %load/vec4 v000002602e791ef0_0;
    %addi 3, 0, 32;
    %ix/vec4 4;
    %load/vec4a v000002602e792f30, 4;
    %load/vec4 v000002602e791ef0_0;
    %addi 2, 0, 32;
    %ix/vec4 4;
    %load/vec4a v000002602e792f30, 4;
    %concat/vec4; draw_concat_vec4
    %load/vec4 v000002602e791ef0_0;
    %addi 1, 0, 32;
    %ix/vec4 4;
    %load/vec4a v000002602e792f30, 4;
    %concat/vec4; draw_concat_vec4
    %ix/getv 4, v000002602e791ef0_0;
    %load/vec4a v000002602e792f30, 4;
    %concat/vec4; draw_concat_vec4
    %store/vec4 v000002602e791590_0, 0, 32;
    %jmp T_17;
    .thread T_17, $push;
    .scope S_000002602e72a2e0;
T_18 ;
    %vpi_call 2 48 "$readmemb", "instr_mem.mem", v000002602e792f30 {0 0 0};
    %end;
    .thread T_18;
    .scope S_000002602e72a2e0;
T_19 ;
    %vpi_call 2 69 "$dumpfile", "cpu_wavedata.vcd" {0 0 0};
    %vpi_call 2 70 "$dumpvars", 32'sb00000000000000000000000000000000, S_000002602e72a2e0 {0 0 0};
    %pushi/vec4 0, 0, 32;
    %store/vec4 v000002602e792e90_0, 0, 32;
T_19.0 ;
    %load/vec4 v000002602e792e90_0;
    %cmpi/s 8, 0, 32;
    %jmp/0xz T_19.1, 5;
    %vpi_call 2 74 "$dumpvars", 32'sb00000000000000000000000000000001, &A<v000002602e73e230, v000002602e792e90_0 > {0 0 0};
    %load/vec4 v000002602e792e90_0;
    %addi 1, 0, 32;
    %store/vec4 v000002602e792e90_0, 0, 32;
    %jmp T_19.0;
T_19.1 ;
    %pushi/vec4 0, 0, 32;
    %store/vec4 v000002602e792e90_0, 0, 32;
T_19.2 ;
    %load/vec4 v000002602e792e90_0;
    %cmpi/s 256, 0, 32;
    %jmp/0xz T_19.3, 5;
    %vpi_call 2 78 "$dumpvars", 32'sb00000000000000000000000000000001, &A<v000002602e7295e0, v000002602e792e90_0 > {0 0 0};
    %load/vec4 v000002602e792e90_0;
    %addi 1, 0, 32;
    %store/vec4 v000002602e792e90_0, 0, 32;
    %jmp T_19.2;
T_19.3 ;
    %pushi/vec4 0, 0, 1;
    %store/vec4 v000002602e791b30_0, 0, 1;
    %pushi/vec4 0, 0, 1;
    %store/vec4 v000002602e792350_0, 0, 1;
    %delay 2, 0;
    %pushi/vec4 1, 0, 1;
    %store/vec4 v000002602e792350_0, 0, 1;
    %delay 4, 0;
    %pushi/vec4 0, 0, 1;
    %store/vec4 v000002602e792350_0, 0, 1;
    %delay 500, 0;
    %vpi_call 2 93 "$finish" {0 0 0};
    %end;
    .thread T_19;
    .scope S_000002602e72a2e0;
T_20 ;
    %delay 4, 0;
    %load/vec4 v000002602e791b30_0;
    %inv;
    %store/vec4 v000002602e791b30_0, 0, 1;
    %jmp T_20;
    .thread T_20;
# The file index is used to find the file name in the following table.
:file_names 6;
    "N/A";
    "<interactive>";
    "lab6part1.v";
    "./dmem.v";
    "./alu.v";
    "./reg_file.v";
